SF:/home/yokeshwaran/Desktop/flask/config.py
DA:1,1
DA:3,1
DA:4,1
DA:5,1
DA:6,1
DA:7,1
DA:8,1
LF:7
LH:7
end_of_record
SF:/home/yokeshwaran/Desktop/flask/flaskr/Class/Session.py
DA:1,1
DA:3,1
DA:5,1
DA:6,1
DA:7,1
DA:9,1
DA:10,1
DA:11,1
DA:12,1
DA:13,1
DA:15,1
DA:16,1
DA:17,0
DA:18,0
DA:19,0
DA:21,1
DA:22,0
LF:17
LH:13
FN:6,7,SessionManager.set_session
FNDA:1,SessionManager.set_session
FN:10,13,SessionManager.get_session
FNDA:1,SessionManager.get_session
FN:16,19,SessionManager.delete_session
FNDA:0,SessionManager.delete_session
FN:21,22,SessionManager.clear_session
FNDA:0,SessionManager.clear_session
FNF:4
FNH:2
end_of_record
SF:/home/yokeshwaran/Desktop/flask/flaskr/Class/authentication.py
DA:1,1
DA:2,1
DA:3,1
DA:4,1
DA:6,1
DA:7,1
DA:8,1
DA:9,1
DA:10,0
DA:11,0
DA:13,1
DA:14,1
DA:15,1
DA:16,1
DA:17,1
DA:18,0
DA:19,1
DA:20,1
DA:21,1
DA:22,1
DA:24,1
DA:25,0
DA:26,0
DA:27,1
DA:28,0
DA:29,0
DA:31,1
DA:33,1
DA:34,1
DA:35,0
DA:36,0
DA:37,0
DA:38,0
DA:39,0
DA:40,0
DA:41,0
DA:42,0
DA:44,0
DA:45,0
DA:46,0
DA:48,0
DA:49,0
DA:50,0
DA:51,0
DA:52,0
DA:53,0
LF:46
LH:22
FN:7,11,Authentication.__init__
FNDA:1,Authentication.__init__
FN:14,31,Authentication.login
FNDA:1,Authentication.login
FN:34,53,Authentication.register
FNDA:0,Authentication.register
FNF:3
FNH:2
end_of_record
SF:/home/yokeshwaran/Desktop/flask/flaskr/Class/beforequest.py
DA:1,1
DA:3,1
DA:4,0
DA:5,0
DA:6,0
DA:7,0
DA:8,0
DA:9,0
LF:8
LH:2
FN:3,9,gset
FNDA:0,gset
FNF:1
FNH:0
end_of_record
SF:/home/yokeshwaran/Desktop/flask/flaskr/Class/getConnection.py
DA:1,1
DA:2,1
DA:3,1
DA:4,1
DA:5,1
DA:7,1
DA:8,1
DA:9,1
DA:10,1
DA:11,1
DA:12,1
DA:20,1
DA:21,0
DA:22,0
DA:23,0
DA:24,0
DA:26,1
DA:28,1
DA:29,1
DA:30,1
DA:31,1
DA:32,1
DA:34,1
DA:35,1
DA:36,0
DA:37,0
DA:38,0
DA:39,0
DA:40,0
DA:41,0
DA:43,1
DA:44,1
DA:45,1
DA:46,1
DA:47,1
DA:49,1
DA:50,1
DA:51,1
DA:52,1
LF:39
LH:29
FN:9,26,Database.getConnection
FNDA:1,Database.getConnection
FN:29,32,Database.close_db
FNDA:1,Database.close_db
FN:35,41,Database.init_db
FNDA:0,Database.init_db
FN:45,47,Database.init_command
FNDA:1,Database.init_command
FN:50,52,Database.init_app
FNDA:1,Database.init_app
FNF:5
FNH:4
end_of_record
SF:/home/yokeshwaran/Desktop/flask/flaskr/Class/userdata.py
DA:1,1
DA:2,1
DA:3,1
DA:4,1
DA:5,1
DA:7,1
DA:8,1
DA:9,1
DA:10,1
DA:11,1
DA:12,1
DA:13,0
DA:14,0
DA:15,1
DA:16,1
DA:17,1
DA:18,1
DA:19,1
DA:20,1
DA:21,0
DA:23,1
DA:24,1
DA:25,1
DA:26,1
DA:27,1
DA:28,1
DA:29,0
DA:30,1
DA:31,1
DA:32,0
DA:33,0
DA:34,0
DA:35,0
DA:37,0
DA:38,0
DA:39,1
DA:41,1
DA:42,0
DA:43,0
DA:44,0
DA:45,0
DA:46,0
DA:48,1
DA:49,0
DA:50,0
DA:51,0
DA:52,0
DA:54,0
DA:55,0
DA:56,0
DA:57,0
DA:58,0
DA:60,1
DA:61,0
DA:62,0
DA:63,0
DA:64,0
DA:65,0
DA:66,0
DA:67,0
DA:68,0
DA:69,0
DA:70,0
DA:71,0
DA:73,0
DA:76,1
DA:77,0
DA:78,0
DA:79,0
DA:80,0
DA:81,0
DA:82,0
DA:83,0
DA:85,1
DA:86,0
DA:87,0
DA:88,0
DA:89,0
DA:90,0
DA:91,0
DA:92,0
DA:93,0
DA:94,0
DA:95,0
DA:97,0
DA:98,0
LF:86
LH:31
FN:8,21,userdata.__init__
FNDA:1,userdata.__init__
FN:23,39,userdata.get_post
FNDA:1,userdata.get_post
FN:41,46,userdata.set_post
FNDA:0,userdata.set_post
FN:48,58,userdata.update_post
FNDA:0,userdata.update_post
FN:60,73,userdata.Deletepost
FNDA:0,userdata.Deletepost
FN:76,83,userdata.Like
FNDA:0,userdata.Like
FN:85,98,userdata.Get_post_by_id
FNDA:0,userdata.Get_post_by_id
FNF:7
FNH:2
end_of_record
SF:/home/yokeshwaran/Desktop/flask/flaskr/Class/usersession.py
DA:1,1
DA:2,1
DA:3,1
DA:4,1
DA:5,1
DA:6,1
DA:7,1
DA:8,1
DA:9,1
DA:11,1
DA:13,1
DA:14,1
DA:15,1
DA:16,0
DA:17,1
DA:19,1
DA:20,1
DA:21,1
DA:22,1
DA:23,1
DA:24,1
DA:25,1
DA:26,1
DA:27,1
DA:28,1
DA:29,1
DA:32,1
DA:33,1
DA:34,1
DA:35,1
DA:36,0
DA:37,1
DA:38,1
DA:40,0
DA:43,1
DA:44,1
DA:45,0
DA:46,0
DA:47,0
DA:48,0
DA:49,0
DA:50,0
DA:51,0
DA:54,1
DA:55,1
DA:56,1
DA:57,0
DA:58,0
DA:59,1
DA:60,1
DA:61,1
DA:62,1
DA:63,1
DA:65,1
DA:66,1
DA:67,0
DA:68,1
DA:70,1
DA:71,1
DA:73,1
DA:74,1
LF:61
LH:48
FN:14,29,sessionAuth.authentication
FNDA:1,sessionAuth.authentication
FN:33,40,sessionAuth.Authorise
FNDA:1,sessionAuth.Authorise
FN:44,51,sessionAuth.logout
FNDA:0,sessionAuth.logout
FN:54,63,sessionAuth.__init__
FNDA:1,sessionAuth.__init__
FN:65,68,sessionAuth.isvalid
FNDA:1,sessionAuth.isvalid
FN:70,71,sessionAuth.get_ip
FNDA:1,sessionAuth.get_ip
FN:73,74,sessionAuth.get_user_agent
FNDA:1,sessionAuth.get_user_agent
FNF:7
FNH:6
end_of_record
SF:/home/yokeshwaran/Desktop/flask/flaskr/Email_smtp/auth_mail.py
DA:1,1
DA:2,1
DA:3,1
DA:4,1
DA:5,1
DA:7,1
DA:9,1
DA:10,1
DA:11,0
DA:12,0
DA:13,0
DA:14,0
DA:17,0
DA:20,0
DA:21,0
DA:22,0
DA:23,0
LF:17
LH:8
FN:10,23,mail.mail
FNDA:0,mail.mail
FNF:1
FNH:0
end_of_record
SF:/home/yokeshwaran/Desktop/flask/flaskr/Flaskrlogging.py
DA:1,1
DA:2,1
DA:3,1
DA:5,1
DA:6,1
DA:7,1
DA:8,1
DA:11,1
DA:12,0
DA:15,1
DA:18,1
DA:19,1
DA:22,1
DA:23,1
DA:24,1
DA:27,1
DA:28,1
DA:29,1
DA:31,1
DA:32,1
DA:34,1
DA:35,1
DA:36,1
DA:38,1
DA:40,1
DA:41,1
DA:42,1
DA:44,1
DA:47,1
DA:48,1
DA:49,1
DA:52,1
DA:53,1
DA:54,1
DA:57,1
LF:35
LH:34
FN:6,57,LoggerConfig.__init__
FNDA:1,LoggerConfig.__init__
FN:28,29,LoggerConfig.__init__.MaxLevelFilter.__init__
FNDA:1,LoggerConfig.__init__.MaxLevelFilter.__init__
FN:31,32,LoggerConfig.__init__.MaxLevelFilter.filter
FNDA:1,LoggerConfig.__init__.MaxLevelFilter.filter
FN:35,36,LoggerConfig.__init__.warning_filter.filter
FNDA:1,LoggerConfig.__init__.warning_filter.filter
FNF:4
FNH:4
end_of_record
SF:/home/yokeshwaran/Desktop/flask/flaskr/__init__.py
DA:2,1
DA:3,1
DA:4,1
DA:5,1
DA:6,1
DA:7,1
DA:8,1
DA:10,1
DA:11,1
DA:12,1
DA:13,1
DA:16,1
DA:17,1
DA:18,1
DA:19,1
DA:20,1
DA:21,1
DA:23,1
DA:26,1
DA:27,1
DA:28,0
DA:37,1
DA:41,1
DA:44,1
DA:47,1
DA:48,1
DA:49,1
DA:51,1
DA:52,1
DA:53,1
DA:55,1
DA:56,1
DA:57,0
DA:58,0
DA:59,1
LF:35
LH:32
FN:10,59,create_app
FNDA:1,create_app
FN:56,58,create_app.handle_error
FNDA:0,create_app.handle_error
FNF:2
FNH:1
end_of_record
SF:/home/yokeshwaran/Desktop/flask/flaskr/auth/__init__.py
DA:2,1
DA:4,1
DA:6,1
LF:3
LH:3
end_of_record
SF:/home/yokeshwaran/Desktop/flask/flaskr/auth/routes.py
DA:2,1
DA:3,1
DA:4,1
DA:5,1
DA:6,1
DA:7,1
DA:8,1
DA:9,1
DA:10,1
DA:13,1
DA:14,1
DA:21,1
DA:23,1
DA:24,1
DA:25,1
DA:26,1
DA:29,1
DA:30,1
DA:31,0
DA:34,0
DA:35,0
DA:37,0
DA:39,0
DA:41,0
DA:43,0
DA:47,0
DA:49,0
DA:50,0
DA:52,1
DA:54,1
DA:55,1
DA:56,1
DA:59,1
DA:61,1
DA:62,1
DA:63,0
DA:64,0
DA:65,0
DA:66,0
DA:67,0
DA:75,0
DA:76,0
DA:77,0
DA:78,0
DA:79,0
DA:81,0
DA:85,1
DA:86,1
DA:87,1
DA:88,1
DA:90,1
DA:91,1
DA:92,0
DA:93,0
DA:95,1
DA:96,1
DA:97,1
DA:98,1
DA:99,1
DA:100,1
DA:101,1
DA:102,0
DA:103,1
DA:104,1
LF:64
LH:40
FN:14,59,signin
FNDA:1,signin
FN:62,81,register
FNDA:0,register
FN:86,88,render_sign_in
FNDA:1,render_sign_in
FN:91,93,render_register
FNDA:0,render_register
FN:95,104,login_required
FNDA:1,login_required
FN:97,103,login_required.wrapper
FNDA:1,login_required.wrapper
FNF:6
FNH:4
end_of_record
SF:/home/yokeshwaran/Desktop/flask/flaskr/error/writeerror.py
DA:1,1
DA:2,1
DA:4,1
DA:6,0
DA:7,0
DA:8,0
DA:11,0
DA:14,0
DA:15,0
DA:17,0
DA:19,0
DA:20,0
DA:21,0
DA:22,0
LF:14
LH:3
FN:4,22,write_error_to_file
FNDA:0,write_error_to_file
FNF:1
FNH:0
end_of_record
SF:/home/yokeshwaran/Desktop/flask/flaskr/error_Handling/__init__.py
DA:1,1
DA:3,1
DA:5,1
LF:3
LH:3
end_of_record
SF:/home/yokeshwaran/Desktop/flask/flaskr/error_Handling/routes.py
DA:1,1
DA:2,1
DA:3,1
DA:5,1
DA:6,1
DA:7,1
DA:9,1
DA:10,1
DA:11,0
LF:9
LH:8
FN:6,7,not_found_error
FNDA:1,not_found_error
FN:10,11,handle_csrf_error
FNDA:0,handle_csrf_error
FNF:2
FNH:1
end_of_record
SF:/home/yokeshwaran/Desktop/flask/flaskr/main/__init__.py
DA:2,1
DA:4,1
DA:6,1
LF:3
LH:3
end_of_record
SF:/home/yokeshwaran/Desktop/flask/flaskr/main/routes.py
DA:2,1
DA:3,1
DA:4,1
DA:5,1
DA:6,1
DA:7,1
DA:8,1
DA:12,1
DA:13,1
DA:14,1
DA:15,1
DA:18,1
DA:19,1
DA:20,1
DA:21,1
DA:22,1
DA:23,1
DA:25,1
DA:26,1
DA:27,1
DA:28,0
DA:29,0
DA:30,0
DA:31,0
DA:32,0
DA:33,0
DA:34,0
DA:35,0
DA:36,0
DA:37,0
DA:38,0
DA:39,0
DA:40,0
DA:41,0
DA:43,1
DA:44,1
DA:45,1
DA:46,0
DA:47,0
DA:48,0
DA:49,0
DA:50,0
DA:51,0
DA:52,0
DA:53,0
DA:54,0
DA:55,0
DA:56,0
DA:57,0
DA:58,0
DA:60,1
DA:61,1
DA:62,1
DA:63,0
DA:64,0
DA:65,0
DA:66,0
DA:72,1
DA:73,1
DA:74,1
DA:75,0
DA:76,0
DA:77,0
DA:78,0
DA:79,0
LF:65
LH:29
FN:13,15,before_request
FNDA:1,before_request
FN:20,23,index
FNDA:1,index
FN:27,41,create
FNDA:0,create
FN:45,58,update
FNDA:0,update
FN:62,66,Deletepost
FNDA:0,Deletepost
FN:74,79,like
FNDA:0,like
FNF:6
FNH:2
end_of_record
SF:/home/yokeshwaran/Desktop/flask/flaskr/wtf_Class/wtf_Auth.py
DA:1,1
DA:2,1
DA:4,1
DA:5,1
DA:6,1
DA:7,1
DA:10,1
DA:11,1
DA:12,1
DA:13,1
DA:14,1
LF:11
LH:11
end_of_record
SF:/home/yokeshwaran/Desktop/flask/flaskr/wtf_Class/wtf_Main.py
DA:1,1
DA:2,1
DA:3,1
DA:5,1
DA:6,1
DA:7,1
DA:8,1
DA:10,1
DA:11,1
DA:12,1
DA:13,1
LF:11
LH:11
end_of_record
SF:/home/yokeshwaran/Desktop/flask/instance/config.py
DA:2,1
DA:3,1
DA:4,1
DA:5,1
DA:6,1
DA:8,1
DA:11,1
DA:12,1
DA:20,1
DA:21,1
DA:22,1
DA:23,1
DA:24,1
LF:13
LH:13
end_of_record
SF:/usr/lib/python3/dist-packages/babel/__init__.py
DA:20,1
DA:24,1
LF:2
LH:2
end_of_record
SF:/usr/lib/python3/dist-packages/babel/_compat.py
DA:1,1
DA:2,1
DA:4,1
DA:6,1
DA:9,1
DA:10,1
DA:11,1
DA:12,1
DA:14,1
DA:15,1
DA:17,1
DA:18,1
DA:19,1
DA:21,1
DA:22,1
DA:24,1
DA:25,1
DA:26,1
DA:28,1
DA:30,1
DA:31,1
DA:34,0
DA:35,0
DA:36,0
DA:38,0
DA:39,0
DA:41,0
DA:42,0
DA:43,0
DA:45,0
DA:46,0
DA:47,0
DA:49,0
DA:50,0
DA:51,0
DA:53,0
DA:55,0
DA:56,0
DA:58,1
DA:61,1
DA:62,0
DA:63,0
DA:64,0
DA:65,0
DA:66,0
DA:73,1
DA:74,1
DA:76,0
DA:77,0
DA:78,0
DA:79,0
LF:51
LH:25
FN:61,66,force_text
FNDA:0,force_text
FNF:1
FNH:0
end_of_record
SF:/usr/lib/python3/dist-packages/babel/core.py
DA:12,1
DA:14,1
DA:15,1
DA:16,1
DA:18,1
DA:22,1
DA:23,1
DA:26,1
DA:27,0
DA:35,1
DA:70,0
DA:71,0
DA:72,0
DA:73,0
DA:74,0
DA:75,0
DA:76,0
DA:77,0
DA:80,1
DA:92,1
DA:97,1
DA:102,0
DA:105,0
DA:108,1
DA:140,1
DA:157,0
DA:159,0
DA:161,0
DA:163,0
DA:164,0
DA:166,0
DA:167,0
DA:168,0
DA:170,1
DA:171,1
DA:192,0
DA:193,0
DA:195,1
DA:196,1
DA:216,0
DA:218,0
DA:219,0
DA:221,1
DA:222,1
DA:261,0
DA:262,0
DA:263,0
DA:264,0
DA:265,0
DA:266,0
DA:268,0
DA:269,0
DA:271,0
DA:272,0
DA:273,0
DA:274,0
DA:275,0
DA:277,0
DA:279,0
DA:280,0
DA:281,0
DA:284,0
DA:285,0
DA:286,0
DA:288,0
DA:289,0
DA:290,0
DA:291,0
DA:292,0
DA:301,0
DA:302,0
DA:303,0
DA:304,0
DA:305,0
DA:307,0
DA:308,0
DA:309,0
DA:310,0
DA:312,0
DA:315,0
DA:316,0
DA:317,0
DA:318,0
DA:319,0
DA:320,0
DA:324,0
DA:325,0
DA:326,0
DA:327,0
DA:328,0
DA:329,0
DA:331,0
DA:333,1
DA:334,0
DA:335,0
DA:336,0
DA:337,0
DA:342,1
DA:343,0
DA:345,1
DA:346,0
DA:348,1
DA:349,0
DA:350,0
DA:351,0
DA:352,0
DA:353,0
DA:354,0
DA:355,0
DA:357,1
DA:358,0
DA:361,1
DA:362,1
DA:363,0
DA:364,0
DA:365,0
DA:367,1
DA:378,0
DA:379,0
DA:380,0
DA:381,0
DA:382,0
DA:383,0
DA:384,0
DA:385,0
DA:386,0
DA:387,0
DA:388,0
DA:389,0
DA:390,0
DA:391,0
DA:392,0
DA:393,0
DA:395,1
DA:408,1
DA:418,0
DA:419,0
DA:420,0
DA:421,0
DA:423,1
DA:430,1
DA:432,0
DA:433,0
DA:434,0
DA:435,0
DA:437,1
DA:444,1
DA:446,0
DA:447,0
DA:448,0
DA:449,0
DA:451,1
DA:458,1
DA:459,1
DA:468,0
DA:472,1
DA:473,1
DA:482,0
DA:484,1
DA:485,1
DA:494,0
DA:496,1
DA:497,1
DA:506,0
DA:508,1
DA:509,1
DA:515,0
DA:519,1
DA:520,1
DA:531,0
DA:533,1
DA:534,1
DA:542,0
DA:544,1
DA:545,1
DA:554,0
DA:556,1
DA:557,1
DA:566,0
DA:568,1
DA:569,1
DA:580,0
DA:582,1
DA:583,1
DA:592,0
DA:594,1
DA:595,1
DA:604,0
DA:608,1
DA:609,1
DA:615,0
DA:616,0
DA:617,0
DA:618,0
DA:620,1
DA:621,1
DA:626,0
DA:628,1
DA:629,1
DA:632,0
DA:634,1
DA:635,1
DA:641,0
DA:643,1
DA:644,1
DA:650,0
DA:652,1
DA:653,1
DA:659,0
DA:661,1
DA:662,1
DA:673,0
DA:675,1
DA:676,1
DA:687,0
DA:689,1
DA:690,1
DA:704,0
DA:706,1
DA:707,1
DA:720,0
DA:722,1
DA:723,1
DA:731,0
DA:733,1
DA:734,1
DA:740,0
DA:742,1
DA:743,1
DA:749,0
DA:751,1
DA:752,1
DA:759,0
DA:761,1
DA:762,1
DA:773,0
DA:775,1
DA:776,1
DA:787,0
DA:789,1
DA:790,1
DA:801,0
DA:803,1
DA:804,1
DA:814,0
DA:816,1
DA:817,1
DA:836,0
DA:838,1
DA:839,1
DA:851,0
DA:853,1
DA:854,1
DA:867,0
DA:869,1
DA:870,1
DA:884,0
DA:886,1
DA:887,1
DA:896,0
DA:898,1
DA:899,1
DA:907,0
DA:909,1
DA:910,1
DA:918,0
DA:920,1
DA:921,1
DA:932,0
DA:935,1
DA:962,1
DA:963,1
DA:964,1
DA:965,1
DA:966,1
DA:969,1
DA:970,1
DA:971,0
DA:972,1
DA:973,0
DA:974,1
DA:975,1
DA:976,0
DA:977,0
DA:980,1
DA:1026,0
DA:1027,0
DA:1028,0
DA:1029,0
DA:1030,0
DA:1031,0
DA:1032,0
DA:1033,0
DA:1034,0
DA:1035,0
DA:1036,0
DA:1037,0
DA:1038,0
DA:1039,0
DA:1040,0
DA:1043,1
DA:1083,1
DA:1085,0
DA:1086,1
DA:1089,0
DA:1091,1
DA:1092,1
DA:1093,1
DA:1094,0
DA:1096,1
DA:1097,1
DA:1098,1
DA:1099,0
DA:1101,1
DA:1102,1
DA:1103,1
DA:1104,0
DA:1105,0
DA:1107,1
DA:1108,0
DA:1110,0
DA:1112,1
DA:1113,0
DA:1115,1
DA:1118,1
DA:1131,1
DA:1132,1
DA:1133,1
LF:328
LH:142
FN:26,32,_raise_no_data_error
FNDA:0,_raise_no_data_error
FN:35,77,get_global
FNDA:0,get_global
FN:97,105,UnknownLocaleError.__init__
FNDA:0,UnknownLocaleError.__init__
FN:140,168,Locale.__init__
FNDA:0,Locale.__init__
FN:171,193,Locale.default
FNDA:0,Locale.default
FN:196,219,Locale.negotiate
FNDA:0,Locale.negotiate
FN:222,331,Locale.parse
FNDA:0,Locale.parse
FN:271,275,Locale.parse._try_load
FNDA:0,Locale.parse._try_load
FN:277,286,Locale.parse._try_load_reducing
FNDA:0,Locale.parse._try_load_reducing
FN:333,340,Locale.__eq__
FNDA:0,Locale.__eq__
FN:342,343,Locale.__ne__
FNDA:0,Locale.__ne__
FN:345,346,Locale.__hash__
FNDA:0,Locale.__hash__
FN:348,355,Locale.__repr__
FNDA:0,Locale.__repr__
FN:357,359,Locale.__str__
FNDA:0,Locale.__str__
FN:362,365,Locale._data
FNDA:0,Locale._data
FN:367,393,Locale.get_display_name
FNDA:0,Locale.get_display_name
FN:408,421,Locale.get_language_name
FNDA:0,Locale.get_language_name
FN:430,435,Locale.get_territory_name
FNDA:0,Locale.get_territory_name
FN:444,449,Locale.get_script_name
FNDA:0,Locale.get_script_name
FN:459,468,Locale.english_name
FNDA:0,Locale.english_name
FN:473,482,Locale.languages
FNDA:0,Locale.languages
FN:485,494,Locale.scripts
FNDA:0,Locale.scripts
FN:497,506,Locale.territories
FNDA:0,Locale.territories
FN:509,515,Locale.variants
FNDA:0,Locale.variants
FN:520,531,Locale.currencies
FNDA:0,Locale.currencies
FN:534,542,Locale.currency_symbols
FNDA:0,Locale.currency_symbols
FN:545,554,Locale.number_symbols
FNDA:0,Locale.number_symbols
FN:557,566,Locale.decimal_formats
FNDA:0,Locale.decimal_formats
FN:569,580,Locale.currency_formats
FNDA:0,Locale.currency_formats
FN:583,592,Locale.percent_formats
FNDA:0,Locale.percent_formats
FN:595,604,Locale.scientific_formats
FNDA:0,Locale.scientific_formats
FN:609,618,Locale.periods
FNDA:0,Locale.periods
FN:621,626,Locale.day_periods
FNDA:0,Locale.day_periods
FN:629,632,Locale.day_period_rules
FNDA:0,Locale.day_period_rules
FN:635,641,Locale.days
FNDA:0,Locale.days
FN:644,650,Locale.months
FNDA:0,Locale.months
FN:653,659,Locale.quarters
FNDA:0,Locale.quarters
FN:662,673,Locale.eras
FNDA:0,Locale.eras
FN:676,687,Locale.time_zones
FNDA:0,Locale.time_zones
FN:690,704,Locale.meta_zones
FNDA:0,Locale.meta_zones
FN:707,720,Locale.zone_formats
FNDA:0,Locale.zone_formats
FN:723,731,Locale.first_week_day
FNDA:0,Locale.first_week_day
FN:734,740,Locale.weekend_start
FNDA:0,Locale.weekend_start
FN:743,749,Locale.weekend_end
FNDA:0,Locale.weekend_end
FN:752,759,Locale.min_week_days
FNDA:0,Locale.min_week_days
FN:762,773,Locale.date_formats
FNDA:0,Locale.date_formats
FN:776,787,Locale.time_formats
FNDA:0,Locale.time_formats
FN:790,801,Locale.datetime_formats
FNDA:0,Locale.datetime_formats
FN:804,814,Locale.datetime_skeletons
FNDA:0,Locale.datetime_skeletons
FN:817,836,Locale.interval_formats
FNDA:0,Locale.interval_formats
FN:839,851,Locale.plural_form
FNDA:0,Locale.plural_form
FN:854,867,Locale.list_patterns
FNDA:0,Locale.list_patterns
FN:870,884,Locale.ordinal_form
FNDA:0,Locale.ordinal_form
FN:887,896,Locale.measurement_systems
FNDA:0,Locale.measurement_systems
FN:899,907,Locale.character_order
FNDA:0,Locale.character_order
FN:910,918,Locale.text_direction
FNDA:0,Locale.text_direction
FN:921,932,Locale.unit_display_names
FNDA:0,Locale.unit_display_names
FN:935,977,default_locale
FNDA:1,default_locale
FN:980,1040,negotiate_locale
FNDA:0,negotiate_locale
FN:1043,1115,parse_locale
FNDA:1,parse_locale
FN:1118,1133,get_locale_identifier
FNDA:1,get_locale_identifier
FNF:61
FNH:3
end_of_record
SF:/usr/lib/python3/dist-packages/babel/dates.py
DA:19,1
DA:21,1
DA:22,1
DA:23,1
DA:25,1
DA:26,1
DA:28,1
DA:29,1
DA:30,1
DA:39,1
DA:42,1
DA:45,1
DA:46,1
DA:47,1
DA:50,1
DA:58,0
DA:59,0
DA:60,0
DA:61,0
DA:62,0
DA:63,0
DA:64,0
DA:65,0
DA:66,0
DA:67,0
DA:68,0
DA:69,0
DA:70,0
DA:72,0
DA:74,0
DA:75,0
DA:76,0
DA:79,1
DA:109,0
DA:110,0
DA:111,0
DA:112,0
DA:113,0
DA:114,0
DA:115,0
DA:116,0
DA:118,0
DA:121,1
DA:141,0
DA:142,0
DA:143,0
DA:144,0
DA:145,0
DA:146,0
DA:147,0
DA:150,1
DA:159,0
DA:160,0
DA:161,0
DA:162,0
DA:163,0
DA:164,0
DA:165,0
DA:166,0
DA:167,0
DA:168,0
DA:169,0
DA:170,0
DA:171,0
DA:172,0
DA:173,0
DA:176,1
DA:187,0
DA:188,0
DA:189,0
DA:190,0
DA:191,0
DA:192,0
DA:193,0
DA:194,0
DA:197,1
DA:215,0
DA:216,0
DA:218,0
DA:219,0
DA:224,0
DA:225,0
DA:226,0
DA:227,0
DA:228,0
DA:229,0
DA:230,0
DA:231,0
DA:233,0
DA:241,1
DA:246,1
DA:248,0
DA:250,0
DA:252,0
DA:255,0
DA:257,1
DA:258,1
DA:260,0
DA:262,1
DA:263,1
DA:265,0
DA:267,1
DA:268,1
DA:270,0
DA:272,1
DA:273,1
DA:275,0
DA:277,1
DA:278,0
DA:285,1
DA:295,0
DA:298,1
DA:314,0
DA:317,1
DA:331,0
DA:334,1
DA:348,0
DA:351,1
DA:362,0
DA:365,1
DA:378,0
DA:381,1
DA:392,0
DA:393,0
DA:394,0
DA:395,0
DA:398,1
DA:411,0
DA:414,1
DA:449,0
DA:450,0
DA:452,0
DA:453,0
DA:454,0
DA:455,0
DA:456,0
DA:457,0
DA:458,0
DA:459,0
DA:460,0
DA:461,0
DA:462,0
DA:464,0
DA:465,0
DA:468,1
DA:503,0
DA:504,0
DA:506,0
DA:507,0
DA:509,0
DA:512,0
DA:514,0
DA:518,0
DA:519,0
DA:520,0
DA:521,0
DA:522,0
DA:523,0
DA:524,0
DA:527,0
DA:528,0
DA:529,0
DA:531,0
DA:532,0
DA:533,0
DA:534,0
DA:535,0
DA:536,0
DA:538,0
DA:540,0
DA:541,0
DA:542,0
DA:548,1
DA:619,0
DA:620,0
DA:622,0
DA:623,0
DA:625,0
DA:627,0
DA:628,0
DA:629,0
DA:631,0
DA:632,0
DA:633,0
DA:635,0
DA:637,0
DA:638,0
DA:641,0
DA:642,0
DA:643,0
DA:644,0
DA:646,0
DA:647,0
DA:648,0
DA:650,0
DA:651,0
DA:652,0
DA:653,0
DA:654,0
DA:655,0
DA:658,0
DA:659,0
DA:660,0
DA:664,0
DA:665,0
DA:667,0
DA:670,1
DA:691,0
DA:692,0
DA:693,0
DA:694,0
DA:696,0
DA:697,0
DA:698,0
DA:699,0
DA:700,0
DA:703,1
DA:728,0
DA:730,0
DA:731,0
DA:732,0
DA:738,0
DA:741,1
DA:796,0
DA:798,0
DA:799,0
DA:800,0
DA:801,0
DA:804,1
DA:835,0
DA:836,0
DA:837,0
DA:838,0
DA:839,0
DA:842,1
DA:853,1
DA:911,0
DA:912,0
DA:913,0
DA:914,0
DA:917,0
DA:918,0
DA:919,0
DA:921,0
DA:922,0
DA:924,0
DA:925,0
DA:926,0
DA:927,0
DA:928,0
DA:930,0
DA:931,0
DA:932,0
DA:934,0
DA:935,0
DA:936,0
DA:937,0
DA:938,0
DA:939,0
DA:940,0
DA:941,0
DA:942,0
DA:943,0
DA:944,0
DA:945,0
DA:947,0
DA:948,0
DA:949,0
DA:951,0
DA:954,1
DA:955,0
DA:956,0
DA:957,0
DA:958,0
DA:959,0
DA:960,0
DA:962,0
DA:964,0
DA:965,0
DA:967,0
DA:968,0
DA:970,0
DA:977,1
DA:1018,0
DA:1027,0
DA:1029,0
DA:1035,0
DA:1036,0
DA:1038,0
DA:1039,0
DA:1041,0
DA:1043,0
DA:1045,0
DA:1046,0
DA:1048,0
DA:1049,0
DA:1051,0
DA:1052,0
DA:1059,0
DA:1060,0
DA:1061,0
DA:1064,0
DA:1072,0
DA:1075,1
DA:1092,0
DA:1093,0
DA:1094,0
DA:1098,0
DA:1100,0
DA:1101,0
DA:1102,0
DA:1103,0
DA:1105,0
DA:1106,0
DA:1107,0
DA:1109,0
DA:1110,0
DA:1111,0
DA:1114,0
DA:1115,0
DA:1116,0
DA:1117,0
DA:1118,0
DA:1120,0
DA:1121,0
DA:1123,0
DA:1124,0
DA:1126,0
DA:1129,1
DA:1144,0
DA:1145,0
DA:1146,0
DA:1147,0
DA:1148,0
DA:1149,0
DA:1151,0
DA:1152,0
DA:1153,0
DA:1158,0
DA:1159,0
DA:1160,0
DA:1161,0
DA:1163,0
DA:1164,0
DA:1165,0
DA:1166,0
DA:1167,0
DA:1168,0
DA:1171,1
DA:1186,0
DA:1187,0
DA:1188,0
DA:1189,0
DA:1190,0
DA:1191,0
DA:1193,0
DA:1194,0
DA:1195,0
DA:1201,0
DA:1202,0
DA:1203,0
DA:1204,0
DA:1205,0
DA:1208,1
DA:1210,1
DA:1211,0
DA:1212,0
DA:1214,1
DA:1215,0
DA:1217,1
DA:1218,0
DA:1220,1
DA:1221,0
DA:1222,0
DA:1223,0
DA:1224,0
DA:1226,1
DA:1227,0
DA:1228,0
DA:1229,0
DA:1231,1
DA:1232,0
DA:1235,1
DA:1237,1
DA:1238,0
DA:1239,0
DA:1240,0
DA:1241,0
DA:1242,0
DA:1244,1
DA:1245,0
DA:1246,0
DA:1247,0
DA:1248,0
DA:1249,0
DA:1250,0
DA:1251,0
DA:1252,0
DA:1253,0
DA:1254,0
DA:1255,0
DA:1256,0
DA:1257,0
DA:1258,0
DA:1259,0
DA:1260,0
DA:1261,0
DA:1262,0
DA:1263,0
DA:1264,0
DA:1265,0
DA:1267,0
DA:1268,0
DA:1269,0
DA:1270,0
DA:1272,0
DA:1273,0
DA:1274,0
DA:1275,0
DA:1276,0
DA:1277,0
DA:1278,0
DA:1279,0
DA:1281,0
DA:1282,0
DA:1283,0
DA:1284,0
DA:1285,0
DA:1286,0
DA:1287,0
DA:1288,0
DA:1289,0
DA:1290,0
DA:1291,0
DA:1293,0
DA:1295,1
DA:1296,0
DA:1297,0
DA:1298,0
DA:1299,0
DA:1300,0
DA:1301,0
DA:1302,0
DA:1303,0
DA:1304,0
DA:1305,0
DA:1306,0
DA:1307,0
DA:1308,0
DA:1309,0
DA:1310,0
DA:1312,0
DA:1314,1
DA:1315,0
DA:1316,0
DA:1317,0
DA:1319,1
DA:1320,0
DA:1321,0
DA:1322,0
DA:1323,0
DA:1324,0
DA:1325,0
DA:1326,0
DA:1327,0
DA:1328,0
DA:1330,1
DA:1331,0
DA:1332,0
DA:1333,0
DA:1334,0
DA:1335,0
DA:1336,0
DA:1338,1
DA:1339,0
DA:1340,0
DA:1341,0
DA:1342,0
DA:1343,0
DA:1345,1
DA:1346,0
DA:1347,0
DA:1348,0
DA:1349,0
DA:1350,0
DA:1351,0
DA:1353,0
DA:1355,0
DA:1356,0
DA:1357,0
DA:1358,0
DA:1359,0
DA:1361,1
DA:1388,0
DA:1389,0
DA:1390,0
DA:1391,0
DA:1392,0
DA:1393,0
DA:1394,0
DA:1395,0
DA:1396,0
DA:1398,0
DA:1399,0
DA:1401,1
DA:1402,0
DA:1404,1
DA:1405,0
DA:1407,1
DA:1408,0
DA:1409,0
DA:1410,0
DA:1411,0
DA:1412,0
DA:1413,0
DA:1415,1
DA:1421,0
DA:1422,0
DA:1424,1
DA:1425,0
DA:1427,0
DA:1429,1
DA:1430,0
DA:1431,0
DA:1432,0
DA:1433,0
DA:1434,0
DA:1435,0
DA:1436,0
DA:1437,0
DA:1438,0
DA:1439,0
DA:1441,0
DA:1442,0
DA:1444,0
DA:1445,0
DA:1446,0
DA:1448,0
DA:1449,0
DA:1450,0
DA:1451,0
DA:1452,0
DA:1454,0
DA:1455,0
DA:1456,0
DA:1458,0
DA:1459,0
DA:1461,0
DA:1462,0
DA:1464,0
DA:1465,0
DA:1466,0
DA:1467,0
DA:1468,0
DA:1469,0
DA:1470,0
DA:1472,1
DA:1473,0
DA:1475,1
DA:1476,0
DA:1477,0
DA:1478,0
DA:1480,1
DA:1501,0
DA:1502,0
DA:1503,0
DA:1505,0
DA:1506,0
DA:1507,0
DA:1509,0
DA:1510,0
DA:1512,0
DA:1515,1
DA:1534,1
DA:1536,1
DA:1539,1
DA:1560,0
DA:1561,0
DA:1563,0
DA:1564,0
DA:1566,0
DA:1568,0
DA:1569,0
DA:1570,0
DA:1571,0
DA:1572,0
DA:1573,0
DA:1574,0
DA:1575,0
DA:1577,0
DA:1579,0
DA:1581,0
DA:1582,0
DA:1585,1
DA:1601,0
DA:1602,0
DA:1603,0
DA:1604,0
DA:1605,0
DA:1607,0
DA:1608,0
DA:1609,0
DA:1611,0
DA:1612,0
DA:1613,0
DA:1614,0
DA:1616,0
DA:1617,0
DA:1618,0
DA:1619,0
DA:1620,0
DA:1621,0
DA:1622,0
DA:1623,0
DA:1624,0
DA:1625,0
DA:1626,0
DA:1627,0
DA:1628,0
DA:1630,0
DA:1631,0
DA:1632,0
DA:1633,0
DA:1635,0
DA:1636,0
DA:1637,0
DA:1639,0
DA:1640,0
DA:1641,0
DA:1642,0
DA:1644,0
DA:1646,0
DA:1647,0
DA:1648,0
DA:1649,0
DA:1651,0
DA:1654,1
DA:1663,0
DA:1664,0
DA:1665,0
DA:1666,0
DA:1667,0
DA:1668,0
DA:1669,0
DA:1671,0
DA:1672,0
DA:1675,1
DA:1699,0
DA:1700,0
DA:1702,0
DA:1703,0
DA:1704,0
DA:1705,0
DA:1706,0
DA:1707,0
DA:1708,0
DA:1710,0
DA:1713,1
DA:1744,0
DA:1746,0
DA:1747,0
DA:1749,0
DA:1750,0
DA:1751,0
DA:1752,0
DA:1753,0
DA:1754,0
DA:1755,0
DA:1756,0
DA:1757,0
DA:1758,0
DA:1759,0
DA:1760,0
DA:1761,0
DA:1762,0
DA:1763,0
DA:1764,0
DA:1765,0
DA:1766,0
DA:1768,0
DA:1770,0
DA:1771,0
DA:1773,0
DA:1774,0
DA:1775,0
DA:1777,0
DA:1778,0
DA:1780,0
LF:688
LH:87
FN:50,76,_get_dt_and_tzinfo
FNDA:0,_get_dt_and_tzinfo
FN:79,118,_get_datetime
FNDA:0,_get_datetime
FN:121,147,_ensure_datetime_tzinfo
FNDA:0,_ensure_datetime_tzinfo
FN:150,173,_get_time
FNDA:0,_get_time
FN:176,194,get_timezone
FNDA:0,get_timezone
FN:197,238,get_next_timezone_transition
FNDA:0,get_next_timezone_transition
FN:246,255,TimezoneTransition.__init__
FNDA:0,TimezoneTransition.__init__
FN:258,260,TimezoneTransition.from_tz
FNDA:0,TimezoneTransition.from_tz
FN:263,265,TimezoneTransition.to_tz
FNDA:0,TimezoneTransition.to_tz
FN:268,270,TimezoneTransition.from_offset
FNDA:0,TimezoneTransition.from_offset
FN:273,275,TimezoneTransition.to_offset
FNDA:0,TimezoneTransition.to_offset
FN:277,282,TimezoneTransition.__repr__
FNDA:0,TimezoneTransition.__repr__
FN:285,295,get_period_names
FNDA:0,get_period_names
FN:298,314,get_day_names
FNDA:0,get_day_names
FN:317,331,get_month_names
FNDA:0,get_month_names
FN:334,348,get_quarter_names
FNDA:0,get_quarter_names
FN:351,362,get_era_names
FNDA:0,get_era_names
FN:365,378,get_date_format
FNDA:0,get_date_format
FN:381,395,get_datetime_format
FNDA:0,get_datetime_format
FN:398,411,get_time_format
FNDA:0,get_time_format
FN:414,465,get_timezone_gmt
FNDA:0,get_timezone_gmt
FN:468,545,get_timezone_location
FNDA:0,get_timezone_location
FN:548,667,get_timezone_name
FNDA:0,get_timezone_name
FN:670,700,format_date
FNDA:0,format_date
FN:703,738,format_datetime
FNDA:0,format_datetime
FN:741,801,format_time
FNDA:0,format_time
FN:804,839,format_skeleton
FNDA:0,format_skeleton
FN:853,951,format_timedelta
FNDA:0,format_timedelta
FN:924,932,format_timedelta._iter_patterns
FNDA:0,format_timedelta._iter_patterns
FN:954,974,_format_fallback_interval
FNDA:0,_format_fallback_interval
FN:977,1072,format_interval
FNDA:0,format_interval
FN:1075,1126,get_period_id
FNDA:0,get_period_id
FN:1129,1168,parse_date
FNDA:0,parse_date
FN:1171,1205,parse_time
FNDA:0,parse_time
FN:1210,1212,DateTimePattern.__init__
FNDA:0,DateTimePattern.__init__
FN:1214,1215,DateTimePattern.__repr__
FNDA:0,DateTimePattern.__repr__
FN:1217,1218,DateTimePattern.__unicode__
FNDA:0,DateTimePattern.__unicode__
FN:1220,1224,DateTimePattern.__str__
FNDA:0,DateTimePattern.__str__
FN:1226,1229,DateTimePattern.__mod__
FNDA:0,DateTimePattern.__mod__
FN:1231,1232,DateTimePattern.apply
FNDA:0,DateTimePattern.apply
FN:1237,1242,DateTimeFormat.__init__
FNDA:0,DateTimeFormat.__init__
FN:1244,1293,DateTimeFormat.__getitem__
FNDA:0,DateTimeFormat.__getitem__
FN:1295,1312,DateTimeFormat.extract
FNDA:0,DateTimeFormat.extract
FN:1314,1317,DateTimeFormat.format_era
FNDA:0,DateTimeFormat.format_era
FN:1319,1328,DateTimeFormat.format_year
FNDA:0,DateTimeFormat.format_year
FN:1330,1336,DateTimeFormat.format_quarter
FNDA:0,DateTimeFormat.format_quarter
FN:1338,1343,DateTimeFormat.format_month
FNDA:0,DateTimeFormat.format_month
FN:1345,1359,DateTimeFormat.format_week
FNDA:0,DateTimeFormat.format_week
FN:1361,1399,DateTimeFormat.format_weekday
FNDA:0,DateTimeFormat.format_weekday
FN:1401,1402,DateTimeFormat.format_day_of_year
FNDA:0,DateTimeFormat.format_day_of_year
FN:1404,1405,DateTimeFormat.format_day_of_week_in_month
FNDA:0,DateTimeFormat.format_day_of_week_in_month
FN:1407,1413,DateTimeFormat.format_period
FNDA:0,DateTimeFormat.format_period
FN:1415,1422,DateTimeFormat.format_frac_seconds
FNDA:0,DateTimeFormat.format_frac_seconds
FN:1424,1427,DateTimeFormat.format_milliseconds_in_day
FNDA:0,DateTimeFormat.format_milliseconds_in_day
FN:1429,1470,DateTimeFormat.format_timezone
FNDA:0,DateTimeFormat.format_timezone
FN:1472,1473,DateTimeFormat.format
FNDA:0,DateTimeFormat.format
FN:1475,1478,DateTimeFormat.get_day_of_year
FNDA:0,DateTimeFormat.get_day_of_year
FN:1480,1512,DateTimeFormat.get_week_number
FNDA:0,DateTimeFormat.get_week_number
FN:1539,1582,parse_pattern
FNDA:0,parse_pattern
FN:1585,1651,tokenize_pattern
FNDA:0,tokenize_pattern
FN:1607,1609,tokenize_pattern.append_chars
FNDA:0,tokenize_pattern.append_chars
FN:1611,1614,tokenize_pattern.append_field
FNDA:0,tokenize_pattern.append_field
FN:1654,1672,untokenize_pattern
FNDA:0,untokenize_pattern
FN:1675,1710,split_interval_pattern
FNDA:0,split_interval_pattern
FN:1713,1780,match_skeleton
FNDA:0,match_skeleton
FNF:65
FNH:0
end_of_record
SF:/usr/lib/python3/dist-packages/babel/localedata.py
DA:15,1
DA:16,1
DA:17,1
DA:19,1
DA:22,1
DA:23,1
DA:24,1
DA:27,1
DA:33,0
DA:34,0
DA:35,0
DA:36,0
DA:37,0
DA:38,0
DA:41,1
DA:48,0
DA:49,0
DA:50,0
DA:51,0
DA:52,0
DA:53,0
DA:54,0
DA:57,1
DA:70,0
DA:71,0
DA:72,0
DA:78,0
DA:81,1
DA:106,0
DA:107,0
DA:108,0
DA:109,0
DA:110,0
DA:112,0
DA:113,0
DA:115,0
DA:116,0
DA:117,0
DA:118,0
DA:119,0
DA:120,0
DA:122,0
DA:123,0
DA:124,0
DA:125,0
DA:126,0
DA:127,0
DA:129,0
DA:130,0
DA:131,0
DA:133,0
DA:136,1
DA:148,0
DA:149,0
DA:150,0
DA:151,0
DA:152,0
DA:153,0
DA:154,0
DA:155,0
DA:156,0
DA:157,0
DA:158,0
DA:159,0
DA:160,0
DA:162,0
DA:163,0
DA:165,0
DA:166,0
DA:169,1
DA:176,1
DA:177,0
DA:179,1
DA:180,0
DA:182,1
DA:191,0
DA:192,0
DA:193,0
DA:194,0
DA:195,0
DA:196,0
DA:197,0
DA:198,0
DA:199,0
DA:202,1
DA:207,1
DA:208,0
DA:209,0
DA:210,0
DA:211,0
DA:213,1
DA:214,0
DA:216,1
DA:217,0
DA:219,1
DA:220,0
DA:221,0
DA:222,0
DA:223,0
DA:224,0
DA:225,0
DA:226,0
DA:227,0
DA:228,0
DA:229,0
DA:230,0
DA:231,0
DA:233,1
DA:234,0
DA:236,1
DA:237,0
DA:239,1
DA:240,0
LF:113
LH:24
FN:27,38,normalize_locale
FNDA:0,normalize_locale
FN:41,54,exists
FNDA:0,exists
FN:57,78,locale_identifiers
FNDA:0,locale_identifiers
FN:81,133,load
FNDA:0,load
FN:136,166,merge
FNDA:0,merge
FN:176,177,Alias.__init__
FNDA:0,Alias.__init__
FN:179,180,Alias.__repr__
FNDA:0,Alias.__repr__
FN:182,199,Alias.resolve
FNDA:0,Alias.resolve
FN:207,211,LocaleDataDict.__init__
FNDA:0,LocaleDataDict.__init__
FN:213,214,LocaleDataDict.__len__
FNDA:0,LocaleDataDict.__len__
FN:216,217,LocaleDataDict.__iter__
FNDA:0,LocaleDataDict.__iter__
FN:219,231,LocaleDataDict.__getitem__
FNDA:0,LocaleDataDict.__getitem__
FN:233,234,LocaleDataDict.__setitem__
FNDA:0,LocaleDataDict.__setitem__
FN:236,237,LocaleDataDict.__delitem__
FNDA:0,LocaleDataDict.__delitem__
FN:239,240,LocaleDataDict.copy
FNDA:0,LocaleDataDict.copy
FNF:15
FNH:0
end_of_record
SF:/usr/lib/python3/dist-packages/babel/localtime/__init__.py
DA:13,1
DA:14,1
DA:15,1
DA:16,1
DA:17,1
DA:18,1
DA:20,1
DA:21,0
DA:23,1
DA:26,1
DA:27,1
DA:29,1
DA:30,1
DA:31,0
DA:33,1
DA:35,1
DA:36,1
DA:39,1
DA:41,1
DA:42,0
DA:43,0
DA:45,0
DA:47,1
DA:48,0
DA:49,0
DA:51,0
DA:53,1
DA:54,0
DA:56,1
DA:57,0
DA:60,0
DA:61,0
DA:62,0
DA:65,1
DA:70,1
DA:73,1
DA:74,1
DA:75,0
DA:76,0
LF:39
LH:24
FN:41,45,_FallbackLocalTimezone.utcoffset
FNDA:0,_FallbackLocalTimezone.utcoffset
FN:47,51,_FallbackLocalTimezone.dst
FNDA:0,_FallbackLocalTimezone.dst
FN:53,54,_FallbackLocalTimezone.tzname
FNDA:0,_FallbackLocalTimezone.tzname
FN:56,62,_FallbackLocalTimezone._isdst
FNDA:0,_FallbackLocalTimezone._isdst
FN:65,70,get_localzone
FNDA:1,get_localzone
FNF:5
FNH:1
end_of_record
SF:/usr/lib/python3/dist-packages/babel/localtime/_unix.py
DA:2,1
DA:3,1
DA:4,1
DA:5,1
DA:6,1
DA:7,1
DA:9,1
DA:12,1
DA:13,0
DA:14,0
DA:17,0
DA:18,0
DA:19,0
DA:22,0
DA:23,0
DA:25,0
DA:26,0
DA:27,0
DA:32,1
DA:42,1
DA:43,1
DA:44,0
DA:49,1
DA:50,1
DA:51,0
DA:52,0
DA:54,1
DA:55,1
DA:56,1
DA:57,1
DA:58,1
DA:59,0
DA:60,0
DA:69,0
DA:70,0
DA:72,0
DA:73,0
DA:74,0
DA:75,0
DA:76,0
DA:77,0
DA:78,0
DA:79,0
DA:80,0
DA:84,0
DA:85,0
DA:86,0
DA:87,0
DA:91,0
DA:92,0
DA:94,0
DA:95,0
DA:96,0
DA:97,0
DA:98,0
DA:104,0
DA:106,0
DA:107,0
DA:108,0
DA:109,0
DA:110,0
DA:111,0
DA:112,0
DA:113,0
DA:115,0
DA:116,0
DA:119,0
DA:120,0
DA:122,0
DA:123,0
DA:125,0
DA:126,0
DA:128,0
LF:73
LH:18
FN:12,29,_tz_from_env
FNDA:0,_tz_from_env
FN:32,128,_get_localzone
FNDA:1,_get_localzone
FNF:2
FNH:1
end_of_record
SF:/usr/lib/python3/dist-packages/babel/numbers.py
DA:21,1
DA:22,1
DA:23,1
DA:25,1
DA:26,1
DA:28,1
DA:30,1
DA:31,1
DA:33,1
DA:36,1
DA:39,1
DA:43,1
DA:47,0
DA:50,0
DA:53,1
DA:64,0
DA:65,0
DA:67,0
DA:68,0
DA:71,1
DA:79,0
DA:80,0
DA:83,1
DA:88,0
DA:89,0
DA:90,0
DA:91,0
DA:92,0
DA:93,0
DA:94,0
DA:97,1
DA:105,0
DA:106,0
DA:107,0
DA:108,0
DA:109,0
DA:112,1
DA:125,0
DA:126,0
DA:127,0
DA:128,0
DA:129,0
DA:130,0
DA:131,0
DA:134,1
DA:143,0
DA:146,1
DA:156,0
DA:157,0
DA:160,1
DA:178,0
DA:179,0
DA:180,0
DA:181,0
DA:182,0
DA:183,0
DA:185,0
DA:187,0
DA:190,1
DA:242,0
DA:243,0
DA:244,0
DA:245,0
DA:246,0
DA:247,0
DA:248,0
DA:249,0
DA:250,0
DA:252,0
DA:255,0
DA:256,0
DA:259,0
DA:260,0
DA:261,0
DA:262,0
DA:263,0
DA:264,0
DA:265,0
DA:267,0
DA:268,0
DA:275,0
DA:277,0
DA:280,1
DA:288,0
DA:291,1
DA:299,0
DA:302,1
DA:310,0
DA:313,1
DA:321,0
DA:324,1
DA:332,0
DA:335,1
DA:352,0
DA:353,0
DA:356,1
DA:362,0
DA:363,0
DA:364,0
DA:365,0
DA:366,0
DA:369,1
DA:371,0
DA:372,0
DA:375,1
DA:411,0
DA:412,0
DA:413,0
DA:414,0
DA:415,0
DA:419,1
DA:423,1
DA:505,0
DA:506,0
DA:509,0
DA:510,0
DA:511,0
DA:513,0
DA:514,0
DA:515,0
DA:516,0
DA:519,0
DA:524,1
DA:529,0
DA:536,0
DA:537,0
DA:539,0
DA:542,0
DA:545,0
DA:548,0
DA:549,0
DA:551,0
DA:553,0
DA:557,0
DA:560,1
DA:591,0
DA:592,0
DA:593,0
DA:594,0
DA:595,0
DA:599,1
DA:626,0
DA:627,0
DA:628,0
DA:629,0
DA:630,0
DA:634,1
DA:637,1
DA:638,0
DA:640,0
DA:643,1
DA:663,0
DA:664,0
DA:665,0
DA:666,0
DA:669,1
DA:706,0
DA:707,0
DA:708,0
DA:710,0
DA:716,0
DA:718,0
DA:719,0
DA:721,0
DA:722,0
DA:723,0
DA:724,0
DA:725,0
DA:726,0
DA:727,0
DA:729,0
DA:730,0
DA:735,0
DA:736,0
DA:737,0
DA:742,0
DA:746,0
DA:749,1
DA:750,1
DA:752,1
DA:753,1
DA:754,1
DA:756,1
DA:760,1
DA:770,0
DA:771,0
DA:772,0
DA:773,0
DA:774,0
DA:775,0
DA:776,0
DA:777,0
DA:778,0
DA:779,0
DA:782,1
DA:784,0
DA:785,0
DA:787,0
DA:788,0
DA:789,0
DA:790,0
DA:791,0
DA:793,0
DA:796,0
DA:797,0
DA:798,0
DA:799,0
DA:801,0
DA:802,0
DA:803,0
DA:804,0
DA:805,0
DA:807,0
DA:808,0
DA:809,0
DA:810,0
DA:812,0
DA:813,0
DA:815,0
DA:816,0
DA:818,0
DA:820,0
DA:821,0
DA:822,0
DA:823,0
DA:824,0
DA:825,0
DA:826,0
DA:827,0
DA:828,0
DA:830,0
DA:831,0
DA:833,0
DA:834,0
DA:835,0
DA:836,0
DA:837,0
DA:838,0
DA:840,0
DA:841,0
DA:842,0
DA:843,0
DA:849,1
DA:851,1
DA:854,0
DA:855,0
DA:856,0
DA:857,0
DA:858,0
DA:859,0
DA:860,0
DA:861,0
DA:862,0
DA:864,1
DA:865,0
DA:867,1
DA:874,0
DA:875,0
DA:876,0
DA:877,0
DA:878,0
DA:879,0
DA:881,1
DA:885,0
DA:886,0
DA:887,0
DA:892,0
DA:893,0
DA:894,0
DA:897,0
DA:898,0
DA:899,0
DA:900,0
DA:901,0
DA:904,0
DA:906,0
DA:908,1
DA:942,0
DA:943,0
DA:945,0
DA:948,0
DA:949,0
DA:952,0
DA:953,0
DA:957,0
DA:959,0
DA:960,0
DA:961,0
DA:962,0
DA:964,0
DA:972,0
DA:973,0
DA:976,0
DA:977,0
DA:985,0
DA:986,0
DA:989,0
DA:990,0
DA:991,0
DA:992,0
DA:996,0
DA:998,0
DA:1003,0
DA:1004,0
DA:1006,0
DA:1007,0
DA:1009,0
DA:1031,1
DA:1032,0
DA:1033,0
DA:1034,0
DA:1035,0
DA:1036,0
DA:1038,0
DA:1039,0
DA:1040,0
DA:1041,0
DA:1048,0
DA:1050,1
DA:1051,0
DA:1052,0
DA:1053,0
DA:1054,0
DA:1055,0
DA:1056,0
DA:1057,0
DA:1058,0
DA:1059,0
DA:1060,0
DA:1061,0
DA:1063,1
DA:1064,0
DA:1065,0
DA:1066,0
DA:1067,0
DA:1070,0
DA:1072,1
DA:1073,0
DA:1074,0
DA:1075,0
DA:1076,0
DA:1077,0
DA:1078,0
DA:1079,0
DA:1080,0
LF:345
LH:57
FN:43,50,UnknownCurrencyError.__init__
FNDA:0,UnknownCurrencyError.__init__
FN:53,68,list_currencies
FNDA:0,list_currencies
FN:71,80,validate_currency
FNDA:0,validate_currency
FN:83,94,is_currency
FNDA:0,is_currency
FN:97,109,normalize_currency
FNDA:0,normalize_currency
FN:112,131,get_currency_name
FNDA:0,get_currency_name
FN:134,143,get_currency_symbol
FNDA:0,get_currency_symbol
FN:146,157,get_currency_precision
FNDA:0,get_currency_precision
FN:160,187,get_currency_unit_pattern
FNDA:0,get_currency_unit_pattern
FN:190,277,get_territory_currencies
FNDA:0,get_territory_currencies
FN:255,257,get_territory_currencies._is_active
FNDA:0,get_territory_currencies._is_active
FN:280,288,get_decimal_symbol
FNDA:0,get_decimal_symbol
FN:291,299,get_plus_sign_symbol
FNDA:0,get_plus_sign_symbol
FN:302,310,get_minus_sign_symbol
FNDA:0,get_minus_sign_symbol
FN:313,321,get_exponential_symbol
FNDA:0,get_exponential_symbol
FN:324,332,get_group_symbol
FNDA:0,get_group_symbol
FN:335,353,format_number
FNDA:0,format_number
FN:356,366,get_decimal_precision
FNDA:0,get_decimal_precision
FN:369,372,get_decimal_quantum
FNDA:0,get_decimal_quantum
FN:375,416,format_decimal
FNDA:0,format_decimal
FN:423,521,format_currency
FNDA:0,format_currency
FN:524,557,_format_currency_long_name
FNDA:0,_format_currency_long_name
FN:560,596,format_percent
FNDA:0,format_percent
FN:599,631,format_scientific
FNDA:0,format_scientific
FN:637,640,NumberFormatError.__init__
FNDA:0,NumberFormatError.__init__
FN:643,666,parse_number
FNDA:0,parse_number
FN:669,746,parse_decimal
FNDA:0,parse_decimal
FN:760,779,parse_grouping
FNDA:0,parse_grouping
FN:782,846,parse_pattern
FNDA:0,parse_pattern
FN:787,791,parse_pattern._match_number
FNDA:0,parse_pattern._match_number
FN:818,831,parse_pattern.parse_precision
FNDA:0,parse_pattern.parse_precision
FN:851,862,NumberPattern.__init__
FNDA:0,NumberPattern.__init__
FN:864,865,NumberPattern.__repr__
FNDA:0,NumberPattern.__repr__
FN:867,879,NumberPattern.compute_scale
FNDA:0,NumberPattern.compute_scale
FN:881,906,NumberPattern.scientific_notation_elements
FNDA:0,NumberPattern.scientific_notation_elements
FN:908,1009,NumberPattern.apply
FNDA:0,NumberPattern.apply
FN:1031,1048,NumberPattern._format_significant
FNDA:0,NumberPattern._format_significant
FN:1050,1061,NumberPattern._format_int
FNDA:0,NumberPattern._format_int
FN:1063,1070,NumberPattern._quantize_value
FNDA:0,NumberPattern._quantize_value
FN:1072,1080,NumberPattern._format_frac
FNDA:0,NumberPattern._format_frac
FNF:40
FNH:0
end_of_record
SF:/usr/lib/python3/dist-packages/babel/plural.py
DA:11,1
DA:13,1
DA:16,1
DA:17,1
DA:20,1
DA:43,0
DA:44,0
DA:45,0
DA:46,0
DA:47,0
DA:59,0
DA:61,0
DA:62,0
DA:63,0
DA:64,0
DA:65,0
DA:66,0
DA:67,0
DA:68,0
DA:69,0
DA:70,0
DA:72,0
DA:73,0
DA:76,1
DA:97,1
DA:99,1
DA:107,1
DA:108,1
DA:109,1
DA:110,1
DA:111,1
DA:112,0
DA:113,0
DA:114,0
DA:115,0
DA:116,0
DA:117,0
DA:118,0
DA:119,0
DA:121,1
DA:122,0
DA:123,0
DA:129,1
DA:130,1
DA:137,0
DA:138,0
DA:139,0
DA:141,1
DA:142,1
DA:149,0
DA:150,0
DA:152,1
DA:157,1
DA:158,0
DA:160,1
DA:161,0
DA:163,1
DA:164,0
DA:165,0
DA:166,0
DA:169,1
DA:184,0
DA:185,0
DA:186,0
DA:187,0
DA:188,0
DA:189,0
DA:192,1
DA:211,0
DA:217,0
DA:218,0
DA:222,0
DA:225,0
DA:226,0
DA:227,0
DA:228,0
DA:229,0
DA:232,1
DA:242,0
DA:244,0
DA:245,0
DA:246,0
DA:248,0
DA:249,0
DA:250,0
DA:251,0
DA:252,0
DA:255,1
DA:272,0
DA:275,1
DA:292,0
DA:295,1
DA:306,0
DA:307,0
DA:308,0
DA:309,0
DA:310,0
DA:311,0
DA:312,0
DA:313,0
DA:314,0
DA:315,0
DA:318,1
DA:321,1
DA:323,1
DA:333,1
DA:334,0
DA:335,0
DA:336,0
DA:337,0
DA:338,0
DA:339,0
DA:340,0
DA:341,0
DA:342,0
DA:343,0
DA:344,0
DA:345,0
DA:347,0
DA:349,0
DA:352,1
DA:353,0
DA:357,1
DA:358,0
DA:359,0
DA:362,1
DA:363,0
DA:366,1
DA:367,0
DA:370,1
DA:371,0
DA:374,1
DA:375,0
DA:378,1
DA:412,1
DA:413,0
DA:414,0
DA:417,0
DA:418,0
DA:419,0
DA:420,0
DA:421,0
DA:424,1
DA:425,0
DA:426,0
DA:427,0
DA:428,0
DA:429,0
DA:430,0
DA:431,0
DA:432,0
DA:434,1
DA:435,0
DA:436,0
DA:437,0
DA:438,0
DA:440,1
DA:441,0
DA:442,0
DA:443,0
DA:444,0
DA:446,1
DA:447,0
DA:448,0
DA:449,0
DA:451,0
DA:452,0
DA:453,0
DA:454,0
DA:456,0
DA:457,0
DA:458,0
DA:459,0
DA:460,0
DA:461,0
DA:463,1
DA:464,0
DA:465,0
DA:466,0
DA:467,0
DA:469,0
DA:470,0
DA:471,0
DA:473,1
DA:474,0
DA:475,0
DA:476,0
DA:478,0
DA:480,1
DA:481,0
DA:482,0
DA:483,0
DA:484,0
DA:486,1
DA:487,0
DA:488,0
DA:489,0
DA:490,0
DA:491,0
DA:492,0
DA:493,0
DA:494,0
DA:495,0
DA:497,1
DA:498,0
DA:501,1
DA:503,1
DA:506,1
DA:508,1
DA:511,1
DA:514,1
DA:519,1
DA:520,0
DA:521,0
DA:523,1
DA:524,1
DA:525,1
DA:526,1
DA:527,1
DA:528,1
DA:529,1
DA:530,1
DA:531,1
DA:532,1
DA:533,1
DA:534,1
DA:535,1
DA:537,1
DA:538,0
DA:541,1
DA:544,1
DA:545,1
DA:546,1
DA:547,1
DA:549,1
DA:550,0
DA:553,0
DA:557,1
DA:560,1
DA:561,1
DA:562,1
DA:563,1
DA:564,1
DA:566,1
DA:567,0
DA:568,0
DA:569,0
DA:570,0
DA:571,0
DA:576,0
DA:577,0
DA:583,0
DA:586,1
DA:591,1
DA:592,1
DA:593,1
DA:594,1
DA:595,1
DA:597,1
DA:598,0
DA:600,0
DA:601,0
DA:602,0
DA:603,0
DA:606,1
DA:613,1
DA:614,1
DA:615,1
DA:616,1
DA:617,1
DA:619,1
DA:620,0
DA:622,1
DA:623,0
DA:624,0
DA:625,0
DA:626,0
DA:628,0
DA:629,0
LF:279
LH:98
FN:20,73,extract_operands
FNDA:0,extract_operands
FN:99,119,PluralRule.__init__
FNDA:1,PluralRule.__init__
FN:121,127,PluralRule.__repr__
FNDA:0,PluralRule.__repr__
FN:130,139,PluralRule.parse
FNDA:0,PluralRule.parse
FN:142,150,PluralRule.rules
FNDA:0,PluralRule.rules
FN:157,158,PluralRule.__getstate__
FNDA:0,PluralRule.__getstate__
FN:160,161,PluralRule.__setstate__
FNDA:0,PluralRule.__setstate__
FN:163,166,PluralRule.__call__
FNDA:0,PluralRule.__call__
FN:169,189,to_javascript
FNDA:0,to_javascript
FN:192,229,to_python
FNDA:0,to_python
FN:232,252,to_gettext
FNDA:0,to_gettext
FN:255,272,in_range_list
FNDA:0,in_range_list
FN:275,292,within_range_list
FNDA:0,within_range_list
FN:295,315,cldr_modulo
FNDA:0,cldr_modulo
FN:333,349,tokenize_rule
FNDA:0,tokenize_rule
FN:352,354,test_next_token
FNDA:0,test_next_token
FN:357,359,skip_token
FNDA:0,skip_token
FN:362,363,value_node
FNDA:0,value_node
FN:366,367,ident_node
FNDA:0,ident_node
FN:370,371,range_list_node
FNDA:0,range_list_node
FN:374,375,negate
FNDA:0,negate
FN:412,422,_Parser.__init__
FNDA:0,_Parser.__init__
FN:424,432,_Parser.expect
FNDA:0,_Parser.expect
FN:434,438,_Parser.condition
FNDA:0,_Parser.condition
FN:440,444,_Parser.and_condition
FNDA:0,_Parser.and_condition
FN:446,461,_Parser.relation
FNDA:0,_Parser.relation
FN:463,471,_Parser.newfangled_relation
FNDA:0,_Parser.newfangled_relation
FN:473,478,_Parser.range_or_value
FNDA:0,_Parser.range_or_value
FN:480,484,_Parser.range_list
FNDA:0,_Parser.range_list
FN:486,495,_Parser.expr
FNDA:0,_Parser.expr
FN:497,498,_Parser.value
FNDA:0,_Parser.value
FN:501,503,_binary_compiler
FNDA:1,_binary_compiler
FN:506,508,_unary_compiler
FNDA:1,_unary_compiler
FN:519,521,_Compiler.compile
FNDA:0,_Compiler.compile
FN:537,538,_Compiler.compile_relation
FNDA:0,_Compiler.compile_relation
FN:549,554,_PythonCompiler.compile_relation
FNDA:0,_PythonCompiler.compile_relation
FN:566,583,_GettextCompiler.compile_relation
FNDA:0,_GettextCompiler.compile_relation
FN:597,603,_JavaScriptCompiler.compile_relation
FNDA:0,_JavaScriptCompiler.compile_relation
FN:619,620,_UnicodeCompiler.compile_not
FNDA:0,_UnicodeCompiler.compile_not
FN:622,632,_UnicodeCompiler.compile_relation
FNDA:0,_UnicodeCompiler.compile_relation
FNF:40
FNH:3
end_of_record
SF:/usr/lib/python3/dist-packages/babel/support.py
DA:15,1
DA:16,1
DA:18,1
DA:19,1
DA:21,1
DA:23,1
DA:26,1
DA:39,1
DA:45,0
DA:46,0
DA:48,1
DA:56,0
DA:58,1
DA:67,0
DA:70,1
DA:79,0
DA:81,1
DA:90,0
DA:95,1
DA:102,0
DA:104,1
DA:111,0
DA:113,1
DA:116,0
DA:118,1
DA:125,0
DA:127,1
DA:130,0
DA:133,1
DA:168,1
DA:170,1
DA:171,0
DA:173,0
DA:174,0
DA:175,0
DA:176,0
DA:177,0
DA:179,1
DA:180,1
DA:181,0
DA:182,0
DA:183,0
DA:184,0
DA:185,0
DA:186,0
DA:188,1
DA:189,0
DA:191,1
DA:192,0
DA:194,1
DA:195,0
DA:197,1
DA:198,0
DA:200,1
DA:201,0
DA:203,1
DA:204,0
DA:206,1
DA:207,0
DA:209,1
DA:210,0
DA:212,1
DA:213,0
DA:215,1
DA:216,0
DA:218,1
DA:219,0
DA:221,1
DA:222,0
DA:224,1
DA:225,0
DA:227,1
DA:228,0
DA:230,1
DA:231,0
DA:233,1
DA:234,0
DA:236,1
DA:237,0
DA:239,1
DA:240,0
DA:242,1
DA:243,0
DA:245,1
DA:246,0
DA:248,1
DA:249,0
DA:251,1
DA:252,0
DA:254,1
DA:255,0
DA:257,1
DA:258,0
DA:260,1
DA:261,0
DA:263,1
DA:264,0
DA:266,1
DA:267,0
DA:274,1
DA:275,0
DA:276,0
DA:284,1
DA:286,1
DA:288,1
DA:298,0
DA:299,0
DA:300,0
DA:301,0
DA:302,0
DA:303,0
DA:305,1
DA:309,0
DA:311,1
DA:315,0
DA:317,1
DA:321,0
DA:323,1
DA:325,1
DA:329,0
DA:331,1
DA:335,0
DA:337,1
DA:341,0
DA:343,1
DA:350,1
DA:352,1
DA:360,0
DA:361,0
DA:362,0
DA:363,0
DA:364,0
DA:365,0
DA:366,0
DA:368,0
DA:369,0
DA:370,0
DA:371,0
DA:372,0
DA:374,1
DA:379,0
DA:380,0
DA:381,0
DA:382,0
DA:383,0
DA:384,0
DA:385,0
DA:386,0
DA:387,0
DA:388,0
DA:390,1
DA:401,0
DA:402,0
DA:403,0
DA:404,0
DA:405,0
DA:406,0
DA:407,0
DA:408,0
DA:409,0
DA:410,0
DA:411,0
DA:412,0
DA:413,0
DA:415,0
DA:417,1
DA:422,0
DA:423,0
DA:424,0
DA:425,0
DA:426,0
DA:427,0
DA:428,0
DA:429,0
DA:430,0
DA:431,0
DA:432,0
DA:434,0
DA:436,1
DA:443,0
DA:444,0
DA:445,0
DA:446,0
DA:447,0
DA:448,0
DA:449,0
DA:450,0
DA:452,1
DA:463,0
DA:464,0
DA:465,0
DA:466,0
DA:467,0
DA:468,0
DA:469,0
DA:470,0
DA:472,0
DA:473,0
DA:475,1
DA:479,0
DA:481,1
DA:485,0
DA:487,1
DA:489,1
DA:494,0
DA:496,1
DA:500,0
DA:503,1
DA:507,0
DA:510,1
DA:512,1
DA:517,0
DA:520,1
DA:521,1
DA:522,1
DA:525,1
DA:528,1
DA:530,1
DA:536,0
DA:537,0
DA:539,1
DA:540,1
DA:541,1
DA:543,1
DA:544,1
DA:553,0
DA:554,0
DA:555,0
DA:556,0
DA:557,0
DA:558,0
DA:559,0
DA:560,0
DA:561,0
DA:562,0
DA:563,0
DA:565,1
DA:566,0
DA:569,1
DA:582,0
DA:583,0
DA:584,0
DA:586,0
DA:587,0
DA:588,0
DA:590,0
DA:591,0
DA:593,0
DA:595,1
DA:604,0
DA:605,0
DA:606,0
DA:607,0
DA:609,0
LF:254
LH:90
FN:39,46,Format.__init__
FNDA:0,Format.__init__
FN:48,56,Format.date
FNDA:0,Format.date
FN:58,68,Format.datetime
FNDA:0,Format.datetime
FN:70,79,Format.time
FNDA:0,Format.time
FN:81,93,Format.timedelta
FNDA:0,Format.timedelta
FN:95,102,Format.number
FNDA:0,Format.number
FN:104,111,Format.decimal
FNDA:0,Format.decimal
FN:113,116,Format.currency
FNDA:0,Format.currency
FN:118,125,Format.percent
FNDA:0,Format.percent
FN:127,130,Format.scientific
FNDA:0,Format.scientific
FN:170,177,LazyProxy.__init__
FNDA:0,LazyProxy.__init__
FN:180,186,LazyProxy.value
FNDA:0,LazyProxy.value
FN:188,189,LazyProxy.__contains__
FNDA:0,LazyProxy.__contains__
FN:191,192,LazyProxy.__nonzero__
FNDA:0,LazyProxy.__nonzero__
FN:194,195,LazyProxy.__dir__
FNDA:0,LazyProxy.__dir__
FN:197,198,LazyProxy.__iter__
FNDA:0,LazyProxy.__iter__
FN:200,201,LazyProxy.__len__
FNDA:0,LazyProxy.__len__
FN:203,204,LazyProxy.__str__
FNDA:0,LazyProxy.__str__
FN:206,207,LazyProxy.__unicode__
FNDA:0,LazyProxy.__unicode__
FN:209,210,LazyProxy.__add__
FNDA:0,LazyProxy.__add__
FN:212,213,LazyProxy.__radd__
FNDA:0,LazyProxy.__radd__
FN:215,216,LazyProxy.__mod__
FNDA:0,LazyProxy.__mod__
FN:218,219,LazyProxy.__rmod__
FNDA:0,LazyProxy.__rmod__
FN:221,222,LazyProxy.__mul__
FNDA:0,LazyProxy.__mul__
FN:224,225,LazyProxy.__rmul__
FNDA:0,LazyProxy.__rmul__
FN:227,228,LazyProxy.__call__
FNDA:0,LazyProxy.__call__
FN:230,231,LazyProxy.__lt__
FNDA:0,LazyProxy.__lt__
FN:233,234,LazyProxy.__le__
FNDA:0,LazyProxy.__le__
FN:236,237,LazyProxy.__eq__
FNDA:0,LazyProxy.__eq__
FN:239,240,LazyProxy.__ne__
FNDA:0,LazyProxy.__ne__
FN:242,243,LazyProxy.__gt__
FNDA:0,LazyProxy.__gt__
FN:245,246,LazyProxy.__ge__
FNDA:0,LazyProxy.__ge__
FN:248,249,LazyProxy.__delattr__
FNDA:0,LazyProxy.__delattr__
FN:251,252,LazyProxy.__getattr__
FNDA:0,LazyProxy.__getattr__
FN:254,255,LazyProxy.__setattr__
FNDA:0,LazyProxy.__setattr__
FN:257,258,LazyProxy.__delitem__
FNDA:0,LazyProxy.__delitem__
FN:260,261,LazyProxy.__getitem__
FNDA:0,LazyProxy.__getitem__
FN:263,264,LazyProxy.__setitem__
FNDA:0,LazyProxy.__setitem__
FN:266,272,LazyProxy.__copy__
FNDA:0,LazyProxy.__copy__
FN:274,281,LazyProxy.__deepcopy__
FNDA:0,LazyProxy.__deepcopy__
FN:288,303,NullTranslations.__init__
FNDA:0,NullTranslations.__init__
FN:305,309,NullTranslations.dgettext
FNDA:0,NullTranslations.dgettext
FN:311,315,NullTranslations.ldgettext
FNDA:0,NullTranslations.ldgettext
FN:317,321,NullTranslations.udgettext
FNDA:0,NullTranslations.udgettext
FN:325,329,NullTranslations.dngettext
FNDA:0,NullTranslations.dngettext
FN:331,335,NullTranslations.ldngettext
FNDA:0,NullTranslations.ldngettext
FN:337,341,NullTranslations.udngettext
FNDA:0,NullTranslations.udngettext
FN:352,372,NullTranslations.pgettext
FNDA:0,NullTranslations.pgettext
FN:374,388,NullTranslations.lpgettext
FNDA:0,NullTranslations.lpgettext
FN:390,415,NullTranslations.npgettext
FNDA:0,NullTranslations.npgettext
FN:417,434,NullTranslations.lnpgettext
FNDA:0,NullTranslations.lnpgettext
FN:436,450,NullTranslations.upgettext
FNDA:0,NullTranslations.upgettext
FN:452,473,NullTranslations.unpgettext
FNDA:0,NullTranslations.unpgettext
FN:475,479,NullTranslations.dpgettext
FNDA:0,NullTranslations.dpgettext
FN:481,485,NullTranslations.udpgettext
FNDA:0,NullTranslations.udpgettext
FN:489,494,NullTranslations.ldpgettext
FNDA:0,NullTranslations.ldpgettext
FN:496,501,NullTranslations.dnpgettext
FNDA:0,NullTranslations.dnpgettext
FN:503,508,NullTranslations.udnpgettext
FNDA:0,NullTranslations.udnpgettext
FN:512,518,NullTranslations.ldnpgettext
FNDA:0,NullTranslations.ldnpgettext
FN:530,537,Translations.__init__
FNDA:0,Translations.__init__
FN:544,563,Translations.load
FNDA:0,Translations.load
FN:565,567,Translations.__repr__
FNDA:0,Translations.__repr__
FN:569,593,Translations.add
FNDA:0,Translations.add
FN:595,609,Translations.merge
FNDA:0,Translations.merge
FNF:64
FNH:0
end_of_record
SF:/usr/lib/python3/dist-packages/babel/util.py
DA:12,1
DA:13,1
DA:14,1
DA:15,1
DA:16,1
DA:17,1
DA:18,1
DA:19,1
DA:20,1
DA:22,1
DA:25,1
DA:38,0
DA:39,0
DA:40,0
DA:41,0
DA:42,0
DA:45,1
DA:49,1
DA:60,0
DA:61,0
DA:62,0
DA:63,0
DA:64,0
DA:65,0
DA:66,0
DA:68,0
DA:69,0
DA:70,0
DA:71,0
DA:72,0
DA:73,0
DA:78,0
DA:80,0
DA:81,0
DA:83,0
DA:84,0
DA:85,0
DA:86,0
DA:87,0
DA:90,0
DA:91,0
DA:92,0
DA:94,0
DA:96,0
DA:99,1
DA:103,1
DA:107,0
DA:108,0
DA:109,0
DA:110,0
DA:111,0
DA:112,0
DA:118,0
DA:120,0
DA:122,0
DA:124,0
DA:125,0
DA:126,0
DA:127,0
DA:128,0
DA:129,0
DA:131,0
DA:132,0
DA:135,1
DA:173,0
DA:182,0
DA:183,0
DA:184,0
DA:185,0
DA:186,0
DA:187,0
DA:189,0
DA:191,0
DA:192,0
DA:193,0
DA:194,0
DA:195,0
DA:196,0
DA:197,0
DA:200,1
DA:201,1
DA:207,1
DA:218,0
DA:221,0
DA:225,1
DA:228,1
DA:231,1
DA:232,0
DA:233,0
DA:234,0
DA:235,0
DA:237,1
DA:238,0
DA:240,1
DA:241,0
DA:243,1
DA:244,0
DA:246,1
DA:247,0
DA:249,1
DA:250,0
DA:255,1
DA:256,1
DA:257,1
DA:259,1
DA:260,1
DA:261,1
DA:262,1
LF:108
LH:34
FN:25,42,distinct
FNDA:0,distinct
FN:49,96,parse_encoding
FNDA:0,parse_encoding
FN:103,132,parse_future_flags
FNDA:0,parse_future_flags
FN:135,197,pathmatch
FNDA:0,pathmatch
FN:207,221,wraptext
FNDA:0,wraptext
FN:231,235,FixedOffsetTimezone.__init__
FNDA:0,FixedOffsetTimezone.__init__
FN:237,238,FixedOffsetTimezone.__str__
FNDA:0,FixedOffsetTimezone.__str__
FN:240,241,FixedOffsetTimezone.__repr__
FNDA:0,FixedOffsetTimezone.__repr__
FN:243,244,FixedOffsetTimezone.utcoffset
FNDA:0,FixedOffsetTimezone.utcoffset
FN:246,247,FixedOffsetTimezone.tzname
FNDA:0,FixedOffsetTimezone.tzname
FN:249,250,FixedOffsetTimezone.dst
FNDA:0,FixedOffsetTimezone.dst
FNF:11
FNH:0
end_of_record
SF:/usr/lib/python3/dist-packages/cryptography/__about__.py
DA:6,1
DA:17,1
DA:18,1
DA:22,1
DA:24,1
DA:26,1
DA:27,1
DA:29,1
DA:30,1
LF:9
LH:9
end_of_record
SF:/usr/lib/python3/dist-packages/cryptography/__init__.py
DA:6,1
DA:18,1
LF:2
LH:2
end_of_record
SF:/usr/lib/python3/dist-packages/cryptography/exceptions.py
DA:6,1
DA:9,1
DA:10,1
DA:11,1
DA:12,1
DA:13,1
DA:14,1
DA:15,1
DA:16,1
DA:17,1
DA:18,1
DA:19,1
DA:20,1
DA:21,1
DA:24,1
DA:25,1
DA:26,0
DA:27,0
DA:30,1
DA:31,1
DA:34,1
DA:35,1
DA:38,1
DA:39,1
DA:42,1
DA:43,1
DA:46,1
DA:47,1
DA:50,1
DA:51,1
DA:52,0
DA:53,0
DA:56,1
DA:57,1
LF:34
LH:30
FN:25,27,UnsupportedAlgorithm.__init__
FNDA:0,UnsupportedAlgorithm.__init__
FN:51,53,InternalError.__init__
FNDA:0,InternalError.__init__
FNF:2
FNH:0
end_of_record
SF:/usr/lib/python3/dist-packages/cryptography/hazmat/__init__.py
end_of_record
SF:/usr/lib/python3/dist-packages/cryptography/hazmat/_der.py
DA:5,1
DA:7,1
DA:18,1
DA:19,1
DA:21,1
DA:22,1
DA:23,1
DA:24,1
DA:25,1
DA:26,1
DA:27,1
DA:28,1
DA:29,1
DA:30,1
DA:33,1
DA:34,1
DA:35,0
DA:37,1
DA:38,0
DA:40,1
DA:41,0
DA:42,0
DA:44,1
DA:45,0
DA:47,1
DA:48,0
DA:49,0
DA:51,1
DA:52,0
DA:53,0
DA:54,0
DA:55,0
DA:56,0
DA:58,1
DA:59,0
DA:60,0
DA:61,0
DA:62,0
DA:63,0
DA:65,1
DA:66,0
DA:69,0
DA:70,0
DA:71,0
DA:72,0
DA:74,0
DA:78,0
DA:79,0
DA:80,0
DA:84,0
DA:85,0
DA:86,0
DA:87,0
DA:88,0
DA:89,0
DA:92,0
DA:95,0
DA:98,0
DA:99,0
DA:101,1
DA:102,0
DA:103,0
DA:104,0
DA:105,0
DA:107,1
DA:108,0
DA:109,0
DA:111,1
DA:114,0
DA:115,0
DA:116,0
DA:118,1
DA:119,0
DA:120,0
DA:121,0
DA:122,0
DA:123,0
DA:126,0
DA:127,0
DA:128,0
DA:129,0
DA:132,0
DA:135,1
DA:136,0
DA:137,0
DA:138,0
DA:139,0
DA:140,0
DA:141,0
DA:144,1
DA:145,0
DA:146,0
DA:147,0
DA:148,0
DA:149,0
DA:150,0
DA:152,0
DA:153,0
DA:154,0
DA:155,0
DA:156,0
LF:101
LH:29
FN:34,35,DERReader.__init__
FNDA:0,DERReader.__init__
FN:37,38,DERReader.__enter__
FNDA:0,DERReader.__enter__
FN:40,42,DERReader.__exit__
FNDA:0,DERReader.__exit__
FN:44,45,DERReader.is_empty
FNDA:0,DERReader.is_empty
FN:47,49,DERReader.check_empty
FNDA:0,DERReader.check_empty
FN:51,56,DERReader.read_byte
FNDA:0,DERReader.read_byte
FN:58,63,DERReader.read_bytes
FNDA:0,DERReader.read_bytes
FN:65,99,DERReader.read_any_element
FNDA:0,DERReader.read_any_element
FN:101,105,DERReader.read_element
FNDA:0,DERReader.read_element
FN:107,109,DERReader.read_single_element
FNDA:0,DERReader.read_single_element
FN:111,116,DERReader.read_optional_element
FNDA:0,DERReader.read_optional_element
FN:118,132,DERReader.as_integer
FNDA:0,DERReader.as_integer
FN:135,141,encode_der_integer
FNDA:0,encode_der_integer
FN:144,156,encode_der
FNDA:0,encode_der
FNF:14
FNH:0
end_of_record
SF:/usr/lib/python3/dist-packages/cryptography/hazmat/_oid.py
DA:6,1
DA:9,1
DA:10,1
DA:11,1
DA:13,1
DA:14,1
DA:19,1
DA:20,1
DA:21,1
DA:22,0
DA:23,0
DA:27,1
DA:28,0
DA:32,1
DA:34,1
DA:35,0
DA:40,1
DA:41,0
DA:46,1
DA:47,0
DA:52,1
DA:53,0
DA:54,0
DA:56,0
DA:58,1
DA:59,0
DA:61,1
DA:62,0
DA:66,1
DA:67,1
DA:69,1
DA:70,1
DA:72,0
DA:74,0
DA:76,1
LF:35
LH:22
FN:10,50,ObjectIdentifier.__init__
FNDA:1,ObjectIdentifier.__init__
FN:52,56,ObjectIdentifier.__eq__
FNDA:0,ObjectIdentifier.__eq__
FN:58,59,ObjectIdentifier.__ne__
FNDA:0,ObjectIdentifier.__ne__
FN:61,64,ObjectIdentifier.__repr__
FNDA:0,ObjectIdentifier.__repr__
FN:66,67,ObjectIdentifier.__hash__
FNDA:1,ObjectIdentifier.__hash__
FN:70,74,ObjectIdentifier._name
FNDA:0,ObjectIdentifier._name
FNF:6
FNH:2
end_of_record
SF:/usr/lib/python3/dist-packages/cryptography/hazmat/_types.py
DA:5,1
DA:7,1
DA:16,1
DA:23,1
LF:4
LH:4
end_of_record
SF:/usr/lib/python3/dist-packages/cryptography/hazmat/backends/__init__.py
DA:5,1
DA:7,1
DA:10,1
DA:13,0
DA:14,0
DA:16,0
DA:18,0
DA:21,1
DA:22,0
DA:23,0
DA:25,0
LF:11
LH:4
FN:10,18,default_backend
FNDA:0,default_backend
FN:21,25,_get_backend
FNDA:0,_get_backend
FNF:2
FNH:0
end_of_record
SF:/usr/lib/python3/dist-packages/cryptography/hazmat/backends/interfaces.py
DA:6,1
DA:9,1
DA:10,1
DA:11,1
DA:16,1
DA:17,1
DA:22,1
DA:23,1
DA:29,1
DA:30,1
DA:31,1
DA:36,1
DA:37,1
DA:43,1
DA:44,1
DA:45,1
DA:51,1
DA:52,1
DA:58,1
DA:59,1
DA:60,1
DA:65,1
DA:66,1
DA:72,1
DA:73,1
DA:74,1
DA:80,1
DA:81,1
DA:89,1
DA:90,1
DA:91,1
DA:97,1
DA:98,1
DA:103,1
DA:104,1
DA:110,1
DA:111,1
DA:116,1
DA:117,1
DA:123,1
DA:124,1
DA:125,1
DA:130,1
DA:131,1
DA:137,1
DA:138,1
DA:143,1
DA:144,1
DA:149,1
DA:150,1
DA:155,1
DA:156,1
DA:161,1
DA:162,1
DA:167,1
DA:168,1
DA:174,1
DA:175,1
DA:176,1
DA:184,1
DA:185,1
DA:190,1
DA:191,1
DA:196,1
DA:197,1
DA:202,1
DA:203,1
DA:208,1
DA:209,1
DA:214,1
DA:215,1
DA:221,1
DA:222,1
DA:223,1
DA:229,1
DA:230,1
DA:235,1
DA:236,1
DA:242,1
DA:243,1
DA:244,1
DA:250,1
DA:251,1
DA:256,1
DA:257,1
DA:263,1
DA:264,1
DA:265,1
DA:270,1
DA:271,1
DA:276,1
DA:277,1
DA:282,1
DA:283,1
DA:288,1
DA:289,1
DA:294,1
DA:295,1
DA:300,1
DA:301,1
DA:307,1
DA:308,1
DA:314,1
DA:315,1
DA:321,1
DA:322,1
DA:323,1
DA:329,1
DA:330,1
DA:336,1
DA:337,1
DA:343,1
DA:344,1
DA:349,1
DA:350,1
DA:355,1
DA:356,1
DA:361,1
DA:362,1
DA:367,1
DA:368,1
DA:375,1
DA:376,1
DA:377,1
LF:124
LH:124
FN:11,14,CipherBackend.cipher_supported
FNDA:0,CipherBackend.cipher_supported
FN:17,20,CipherBackend.create_symmetric_encryption_ctx
FNDA:0,CipherBackend.create_symmetric_encryption_ctx
FN:23,26,CipherBackend.create_symmetric_decryption_ctx
FNDA:0,CipherBackend.create_symmetric_decryption_ctx
FN:31,34,HashBackend.hash_supported
FNDA:0,HashBackend.hash_supported
FN:37,40,HashBackend.create_hash_ctx
FNDA:0,HashBackend.create_hash_ctx
FN:45,49,HMACBackend.hmac_supported
FNDA:0,HMACBackend.hmac_supported
FN:52,55,HMACBackend.create_hmac_ctx
FNDA:0,HMACBackend.create_hmac_ctx
FN:60,63,CMACBackend.cmac_algorithm_supported
FNDA:0,CMACBackend.cmac_algorithm_supported
FN:66,69,CMACBackend.create_cmac_ctx
FNDA:0,CMACBackend.create_cmac_ctx
FN:74,78,PBKDF2HMACBackend.pbkdf2_hmac_supported
FNDA:0,PBKDF2HMACBackend.pbkdf2_hmac_supported
FN:81,86,PBKDF2HMACBackend.derive_pbkdf2_hmac
FNDA:0,PBKDF2HMACBackend.derive_pbkdf2_hmac
FN:91,95,RSABackend.generate_rsa_private_key
FNDA:0,RSABackend.generate_rsa_private_key
FN:98,101,RSABackend.rsa_padding_supported
FNDA:0,RSABackend.rsa_padding_supported
FN:104,108,RSABackend.generate_rsa_parameters_supported
FNDA:0,RSABackend.generate_rsa_parameters_supported
FN:111,114,RSABackend.load_rsa_private_numbers
FNDA:0,RSABackend.load_rsa_private_numbers
FN:117,120,RSABackend.load_rsa_public_numbers
FNDA:0,RSABackend.load_rsa_public_numbers
FN:125,128,DSABackend.generate_dsa_parameters
FNDA:0,DSABackend.generate_dsa_parameters
FN:131,135,DSABackend.generate_dsa_private_key
FNDA:0,DSABackend.generate_dsa_private_key
FN:138,141,DSABackend.generate_dsa_private_key_and_parameters
FNDA:0,DSABackend.generate_dsa_private_key_and_parameters
FN:144,147,DSABackend.dsa_hash_supported
FNDA:0,DSABackend.dsa_hash_supported
FN:150,153,DSABackend.dsa_parameters_supported
FNDA:0,DSABackend.dsa_parameters_supported
FN:156,159,DSABackend.load_dsa_private_numbers
FNDA:0,DSABackend.load_dsa_private_numbers
FN:162,165,DSABackend.load_dsa_public_numbers
FNDA:0,DSABackend.load_dsa_public_numbers
FN:168,171,DSABackend.load_dsa_parameter_numbers
FNDA:0,DSABackend.load_dsa_parameter_numbers
FN:176,182,EllipticCurveBackend.elliptic_curve_signature_algorithm_supported
FNDA:0,EllipticCurveBackend.elliptic_curve_signature_algorithm_supported
FN:185,188,EllipticCurveBackend.elliptic_curve_supported
FNDA:0,EllipticCurveBackend.elliptic_curve_supported
FN:191,194,EllipticCurveBackend.generate_elliptic_curve_private_key
FNDA:0,EllipticCurveBackend.generate_elliptic_curve_private_key
FN:197,200,EllipticCurveBackend.load_elliptic_curve_public_numbers
FNDA:0,EllipticCurveBackend.load_elliptic_curve_public_numbers
FN:203,206,EllipticCurveBackend.load_elliptic_curve_private_numbers
FNDA:0,EllipticCurveBackend.load_elliptic_curve_private_numbers
FN:209,212,EllipticCurveBackend.elliptic_curve_exchange_algorithm_supported
FNDA:0,EllipticCurveBackend.elliptic_curve_exchange_algorithm_supported
FN:215,218,EllipticCurveBackend.derive_elliptic_curve_private_key
FNDA:0,EllipticCurveBackend.derive_elliptic_curve_private_key
FN:223,227,PEMSerializationBackend.load_pem_private_key
FNDA:0,PEMSerializationBackend.load_pem_private_key
FN:230,233,PEMSerializationBackend.load_pem_public_key
FNDA:0,PEMSerializationBackend.load_pem_public_key
FN:236,239,PEMSerializationBackend.load_pem_parameters
FNDA:0,PEMSerializationBackend.load_pem_parameters
FN:244,248,DERSerializationBackend.load_der_private_key
FNDA:0,DERSerializationBackend.load_der_private_key
FN:251,254,DERSerializationBackend.load_der_public_key
FNDA:0,DERSerializationBackend.load_der_public_key
FN:257,260,DERSerializationBackend.load_der_parameters
FNDA:0,DERSerializationBackend.load_der_parameters
FN:265,268,X509Backend.load_pem_x509_certificate
FNDA:0,X509Backend.load_pem_x509_certificate
FN:271,274,X509Backend.load_der_x509_certificate
FNDA:0,X509Backend.load_der_x509_certificate
FN:277,280,X509Backend.load_der_x509_csr
FNDA:0,X509Backend.load_der_x509_csr
FN:283,286,X509Backend.load_pem_x509_csr
FNDA:0,X509Backend.load_pem_x509_csr
FN:289,292,X509Backend.create_x509_csr
FNDA:0,X509Backend.create_x509_csr
FN:295,298,X509Backend.create_x509_certificate
FNDA:0,X509Backend.create_x509_certificate
FN:301,305,X509Backend.create_x509_crl
FNDA:0,X509Backend.create_x509_crl
FN:308,312,X509Backend.create_x509_revoked_certificate
FNDA:0,X509Backend.create_x509_revoked_certificate
FN:315,318,X509Backend.x509_name_bytes
FNDA:0,X509Backend.x509_name_bytes
FN:323,327,DHBackend.generate_dh_parameters
FNDA:0,DHBackend.generate_dh_parameters
FN:330,334,DHBackend.generate_dh_private_key
FNDA:0,DHBackend.generate_dh_private_key
FN:337,341,DHBackend.generate_dh_private_key_and_parameters
FNDA:0,DHBackend.generate_dh_private_key_and_parameters
FN:344,347,DHBackend.load_dh_private_numbers
FNDA:0,DHBackend.load_dh_private_numbers
FN:350,353,DHBackend.load_dh_public_numbers
FNDA:0,DHBackend.load_dh_public_numbers
FN:356,359,DHBackend.load_dh_parameter_numbers
FNDA:0,DHBackend.load_dh_parameter_numbers
FN:362,365,DHBackend.dh_parameters_supported
FNDA:0,DHBackend.dh_parameters_supported
FN:368,372,DHBackend.dh_x942_serialization_supported
FNDA:0,DHBackend.dh_x942_serialization_supported
FN:377,380,ScryptBackend.derive_scrypt
FNDA:0,ScryptBackend.derive_scrypt
FNF:55
FNH:0
end_of_record
SF:/usr/lib/python3/dist-packages/cryptography/hazmat/primitives/__init__.py
end_of_record
SF:/usr/lib/python3/dist-packages/cryptography/hazmat/primitives/_asymmetric.py
DA:5,1
DA:12,1
DA:13,1
DA:14,1
LF:4
LH:4
FN:14,17,AsymmetricPadding.name
FNDA:0,AsymmetricPadding.name
FNF:1
FNH:0
end_of_record
SF:/usr/lib/python3/dist-packages/cryptography/hazmat/primitives/_cipheralgorithm.py
DA:5,1
DA:6,1
DA:13,1
DA:14,1
DA:15,1
DA:20,1
DA:21,1
DA:26,1
DA:27,1
DA:33,1
DA:34,1
DA:35,1
LF:12
LH:12
FN:15,18,CipherAlgorithm.name
FNDA:0,CipherAlgorithm.name
FN:21,24,CipherAlgorithm.key_sizes
FNDA:0,CipherAlgorithm.key_sizes
FN:27,30,CipherAlgorithm.key_size
FNDA:0,CipherAlgorithm.key_size
FN:35,38,BlockCipherAlgorithm.block_size
FNDA:0,BlockCipherAlgorithm.block_size
FNF:4
FNH:0
end_of_record
SF:/usr/lib/python3/dist-packages/cryptography/hazmat/primitives/_serialization.py
DA:5,1
DA:7,1
DA:13,1
DA:14,1
DA:15,1
DA:16,1
DA:17,1
DA:18,1
DA:19,1
DA:22,1
DA:23,1
DA:24,1
DA:25,1
DA:26,1
DA:29,1
DA:30,1
DA:31,1
DA:32,1
DA:33,1
DA:34,1
DA:35,1
DA:38,1
DA:39,1
DA:42,1
DA:43,1
DA:46,1
DA:47,1
DA:48,0
DA:49,0
DA:51,0
DA:54,1
DA:55,1
LF:32
LH:29
FN:47,51,BestAvailableEncryption.__init__
FNDA:0,BestAvailableEncryption.__init__
FNF:1
FNH:0
end_of_record
SF:/usr/lib/python3/dist-packages/cryptography/hazmat/primitives/asymmetric/__init__.py
DA:6,1
DA:9,1
DA:10,1
DA:11,1
DA:16,1
DA:17,1
DA:23,1
DA:24,1
DA:25,1
DA:30,1
DA:31,1
LF:11
LH:11
FN:11,14,AsymmetricSignatureContext.update
FNDA:0,AsymmetricSignatureContext.update
FN:17,20,AsymmetricSignatureContext.finalize
FNDA:0,AsymmetricSignatureContext.finalize
FN:25,28,AsymmetricVerificationContext.update
FNDA:0,AsymmetricVerificationContext.update
FN:31,35,AsymmetricVerificationContext.verify
FNDA:0,AsymmetricVerificationContext.verify
FNF:4
FNH:0
end_of_record
SF:/usr/lib/python3/dist-packages/cryptography/hazmat/primitives/asymmetric/dh.py
DA:6,1
DA:7,1
DA:9,1
DA:10,1
DA:11,1
DA:14,1
DA:17,1
DA:18,0
DA:19,0
DA:22,1
DA:23,1
DA:24,0
DA:25,0
DA:26,0
DA:27,0
DA:29,0
DA:30,0
DA:32,0
DA:33,0
DA:37,0
DA:38,0
DA:39,0
DA:41,1
DA:42,0
DA:43,0
DA:45,0
DA:49,1
DA:50,0
DA:52,1
DA:53,0
DA:54,0
DA:56,1
DA:57,1
DA:58,1
DA:61,1
DA:62,1
DA:63,0
DA:64,0
DA:66,0
DA:67,0
DA:71,0
DA:72,0
DA:74,1
DA:75,0
DA:76,0
DA:78,0
DA:83,1
DA:84,0
DA:86,1
DA:87,0
DA:88,0
DA:90,1
DA:91,1
DA:94,1
DA:95,1
DA:96,0
DA:97,0
DA:99,0
DA:100,0
DA:104,0
DA:105,0
DA:107,1
DA:108,0
DA:109,0
DA:111,0
DA:116,1
DA:117,0
DA:119,1
DA:120,0
DA:121,0
DA:123,1
DA:124,1
DA:127,1
DA:128,1
DA:129,1
DA:134,1
DA:135,1
DA:144,1
DA:145,1
DA:151,1
DA:154,1
DA:155,1
DA:156,1
DA:161,1
DA:162,1
DA:167,1
DA:168,1
DA:173,1
DA:174,1
DA:184,1
DA:187,1
DA:188,1
DA:189,1
DA:194,1
DA:195,1
DA:200,1
DA:201,1
DA:206,1
DA:207,1
DA:213,1
DA:214,1
DA:219,1
DA:220,1
DA:231,1
LF:104
LH:61
FN:17,19,generate_parameters
FNDA:0,generate_parameters
FN:23,39,DHParameterNumbers.__init__
FNDA:0,DHParameterNumbers.__init__
FN:41,47,DHParameterNumbers.__eq__
FNDA:0,DHParameterNumbers.__eq__
FN:49,50,DHParameterNumbers.__ne__
FNDA:0,DHParameterNumbers.__ne__
FN:52,54,DHParameterNumbers.parameters
FNDA:0,DHParameterNumbers.parameters
FN:62,72,DHPublicNumbers.__init__
FNDA:0,DHPublicNumbers.__init__
FN:74,81,DHPublicNumbers.__eq__
FNDA:0,DHPublicNumbers.__eq__
FN:83,84,DHPublicNumbers.__ne__
FNDA:0,DHPublicNumbers.__ne__
FN:86,88,DHPublicNumbers.public_key
FNDA:0,DHPublicNumbers.public_key
FN:95,105,DHPrivateNumbers.__init__
FNDA:0,DHPrivateNumbers.__init__
FN:107,114,DHPrivateNumbers.__eq__
FNDA:0,DHPrivateNumbers.__eq__
FN:116,117,DHPrivateNumbers.__ne__
FNDA:0,DHPrivateNumbers.__ne__
FN:119,121,DHPrivateNumbers.private_key
FNDA:0,DHPrivateNumbers.private_key
FN:129,132,DHParameters.generate_private_key
FNDA:0,DHParameters.generate_private_key
FN:135,142,DHParameters.parameter_bytes
FNDA:0,DHParameters.parameter_bytes
FN:145,148,DHParameters.parameter_numbers
FNDA:0,DHParameters.parameter_numbers
FN:156,159,DHPublicKey.key_size
FNDA:0,DHPublicKey.key_size
FN:162,165,DHPublicKey.parameters
FNDA:0,DHPublicKey.parameters
FN:168,171,DHPublicKey.public_numbers
FNDA:0,DHPublicKey.public_numbers
FN:174,181,DHPublicKey.public_bytes
FNDA:0,DHPublicKey.public_bytes
FN:189,192,DHPrivateKey.key_size
FNDA:0,DHPrivateKey.key_size
FN:195,198,DHPrivateKey.public_key
FNDA:0,DHPrivateKey.public_key
FN:201,204,DHPrivateKey.parameters
FNDA:0,DHPrivateKey.parameters
FN:207,211,DHPrivateKey.exchange
FNDA:0,DHPrivateKey.exchange
FN:214,217,DHPrivateKey.private_numbers
FNDA:0,DHPrivateKey.private_numbers
FN:220,228,DHPrivateKey.private_bytes
FNDA:0,DHPrivateKey.private_bytes
FNF:26
FNH:0
end_of_record
SF:/usr/lib/python3/dist-packages/cryptography/hazmat/primitives/asymmetric/dsa.py
DA:6,1
DA:7,1
DA:9,1
DA:10,1
DA:11,1
DA:12,1
DA:19,1
DA:20,1
DA:21,1
DA:26,1
DA:27,1
DA:33,1
DA:36,1
DA:37,1
DA:38,1
DA:43,1
DA:44,1
DA:49,1
DA:50,1
DA:55,1
DA:56,1
DA:64,1
DA:65,1
DA:74,1
DA:75,1
DA:80,1
DA:81,1
DA:92,1
DA:95,1
DA:96,1
DA:97,1
DA:102,1
DA:103,1
DA:108,1
DA:109,1
DA:118,1
DA:119,1
DA:124,1
DA:125,1
DA:134,1
DA:135,1
DA:146,1
DA:149,1
DA:150,1
DA:151,0
DA:156,0
DA:160,0
DA:161,0
DA:162,0
DA:164,1
DA:165,1
DA:166,1
DA:168,1
DA:169,0
DA:170,0
DA:172,1
DA:173,0
DA:174,0
DA:176,0
DA:178,1
DA:179,0
DA:181,1
DA:182,0
DA:188,1
DA:189,1
DA:190,0
DA:191,0
DA:193,0
DA:194,0
DA:198,0
DA:199,0
DA:201,1
DA:202,1
DA:204,1
DA:205,0
DA:206,0
DA:208,1
DA:209,0
DA:210,0
DA:212,0
DA:217,1
DA:218,0
DA:220,1
DA:221,0
DA:227,1
DA:228,1
DA:229,0
DA:230,0
DA:232,0
DA:233,0
DA:236,0
DA:237,0
DA:239,1
DA:240,1
DA:242,1
DA:243,0
DA:244,0
DA:246,1
DA:247,0
DA:248,0
DA:250,0
DA:254,1
DA:255,0
DA:258,1
DA:259,0
DA:260,0
DA:263,1
DA:264,0
DA:265,0
DA:268,1
DA:269,0
DA:270,0
DA:273,0
DA:274,0
DA:276,0
DA:277,0
DA:280,1
DA:281,0
DA:282,0
DA:283,0
DA:284,0
DA:286,0
DA:287,0
LF:123
LH:70
FN:21,24,DSAParameters.generate_private_key
FNDA:0,DSAParameters.generate_private_key
FN:27,30,DSAParameters.parameter_numbers
FNDA:0,DSAParameters.parameter_numbers
FN:38,41,DSAPrivateKey.key_size
FNDA:0,DSAPrivateKey.key_size
FN:44,47,DSAPrivateKey.public_key
FNDA:0,DSAPrivateKey.public_key
FN:50,53,DSAPrivateKey.parameters
FNDA:0,DSAPrivateKey.parameters
FN:56,62,DSAPrivateKey.signer
FNDA:0,DSAPrivateKey.signer
FN:65,72,DSAPrivateKey.sign
FNDA:0,DSAPrivateKey.sign
FN:75,78,DSAPrivateKey.private_numbers
FNDA:0,DSAPrivateKey.private_numbers
FN:81,89,DSAPrivateKey.private_bytes
FNDA:0,DSAPrivateKey.private_bytes
FN:97,100,DSAPublicKey.key_size
FNDA:0,DSAPublicKey.key_size
FN:103,106,DSAPublicKey.parameters
FNDA:0,DSAPublicKey.parameters
FN:109,116,DSAPublicKey.verifier
FNDA:0,DSAPublicKey.verifier
FN:119,122,DSAPublicKey.public_numbers
FNDA:0,DSAPublicKey.public_numbers
FN:125,132,DSAPublicKey.public_bytes
FNDA:0,DSAPublicKey.public_bytes
FN:135,143,DSAPublicKey.verify
FNDA:0,DSAPublicKey.verify
FN:150,162,DSAParameterNumbers.__init__
FNDA:0,DSAParameterNumbers.__init__
FN:168,170,DSAParameterNumbers.parameters
FNDA:0,DSAParameterNumbers.parameters
FN:172,176,DSAParameterNumbers.__eq__
FNDA:0,DSAParameterNumbers.__eq__
FN:178,179,DSAParameterNumbers.__ne__
FNDA:0,DSAParameterNumbers.__ne__
FN:181,185,DSAParameterNumbers.__repr__
FNDA:0,DSAParameterNumbers.__repr__
FN:189,199,DSAPublicNumbers.__init__
FNDA:0,DSAPublicNumbers.__init__
FN:204,206,DSAPublicNumbers.public_key
FNDA:0,DSAPublicNumbers.public_key
FN:208,215,DSAPublicNumbers.__eq__
FNDA:0,DSAPublicNumbers.__eq__
FN:217,218,DSAPublicNumbers.__ne__
FNDA:0,DSAPublicNumbers.__ne__
FN:220,224,DSAPublicNumbers.__repr__
FNDA:0,DSAPublicNumbers.__repr__
FN:228,237,DSAPrivateNumbers.__init__
FNDA:0,DSAPrivateNumbers.__init__
FN:242,244,DSAPrivateNumbers.private_key
FNDA:0,DSAPrivateNumbers.private_key
FN:246,252,DSAPrivateNumbers.__eq__
FNDA:0,DSAPrivateNumbers.__eq__
FN:254,255,DSAPrivateNumbers.__ne__
FNDA:0,DSAPrivateNumbers.__ne__
FN:258,260,generate_parameters
FNDA:0,generate_parameters
FN:263,265,generate_private_key
FNDA:0,generate_private_key
FN:268,277,_check_dsa_parameters
FNDA:0,_check_dsa_parameters
FN:280,287,_check_dsa_private_numbers
FNDA:0,_check_dsa_private_numbers
FNF:33
FNH:0
end_of_record
SF:/usr/lib/python3/dist-packages/cryptography/hazmat/primitives/asymmetric/ec.py
DA:6,1
DA:7,1
DA:8,1
DA:10,1
DA:11,1
DA:12,1
DA:13,1
DA:14,1
DA:21,1
DA:22,1
DA:23,1
DA:24,1
DA:25,1
DA:26,1
DA:27,1
DA:28,1
DA:29,1
DA:30,1
DA:31,1
DA:32,1
DA:33,1
DA:34,1
DA:35,1
DA:36,1
DA:37,1
DA:38,1
DA:39,1
DA:40,1
DA:43,1
DA:44,1
DA:45,1
DA:50,1
DA:51,1
DA:57,1
DA:58,1
DA:59,1
DA:67,1
DA:68,1
DA:69,1
DA:77,1
DA:78,1
DA:86,1
DA:87,1
DA:92,1
DA:93,1
DA:98,1
DA:99,1
DA:104,1
DA:105,1
DA:114,1
DA:115,1
DA:120,1
DA:121,1
DA:132,1
DA:135,1
DA:136,1
DA:137,1
DA:146,1
DA:147,1
DA:152,1
DA:153,1
DA:158,1
DA:159,1
DA:164,1
DA:165,1
DA:174,1
DA:175,1
DA:185,1
DA:186,1
DA:189,0
DA:191,0
DA:192,0
DA:194,0
DA:195,0
DA:197,0
DA:198,0
DA:200,0
DA:202,0
DA:205,1
DA:208,1
DA:209,1
DA:210,1
DA:213,1
DA:214,1
DA:215,1
DA:218,1
DA:219,1
DA:220,1
DA:223,1
DA:224,1
DA:225,1
DA:228,1
DA:229,1
DA:230,1
DA:233,1
DA:234,1
DA:235,1
DA:238,1
DA:239,1
DA:240,1
DA:243,1
DA:244,1
DA:245,1
DA:248,1
DA:249,1
DA:250,1
DA:253,1
DA:254,1
DA:255,1
DA:258,1
DA:259,1
DA:260,1
DA:263,1
DA:264,1
DA:265,1
DA:268,1
DA:269,1
DA:270,1
DA:273,1
DA:274,1
DA:275,1
DA:278,1
DA:279,1
DA:280,1
DA:283,1
DA:284,1
DA:285,1
DA:288,1
DA:289,1
DA:290,1
DA:293,1
DA:294,1
DA:295,1
DA:298,1
DA:299,1
DA:300,1
DA:303,1
DA:328,1
DA:329,1
DA:330,0
DA:332,1
DA:335,1
DA:338,0
DA:339,0
DA:342,1
DA:345,0
DA:346,0
DA:347,0
DA:349,0
DA:350,0
DA:352,0
DA:353,0
DA:355,0
DA:358,1
DA:359,1
DA:360,0
DA:361,0
DA:363,0
DA:364,0
DA:366,0
DA:367,0
DA:368,0
DA:370,1
DA:371,0
DA:372,0
DA:374,1
DA:375,0
DA:384,0
DA:385,0
DA:391,1
DA:392,1
DA:395,0
DA:396,0
DA:398,0
DA:406,0
DA:408,0
DA:409,0
DA:410,0
DA:411,0
DA:412,0
DA:414,0
DA:416,0
DA:418,1
DA:419,1
DA:420,1
DA:422,1
DA:423,0
DA:424,0
DA:426,0
DA:433,1
DA:434,0
DA:436,1
DA:437,0
DA:439,1
DA:440,0
DA:446,1
DA:447,1
DA:450,0
DA:451,0
DA:453,0
DA:454,0
DA:459,0
DA:460,0
DA:462,1
DA:463,0
DA:464,0
DA:466,1
DA:467,1
DA:469,1
DA:470,0
DA:471,0
DA:473,0
DA:478,1
DA:479,0
DA:481,1
DA:482,0
DA:485,1
DA:486,1
DA:489,1
DA:512,1
DA:513,0
DA:514,0
DA:515,0
DA:516,0
LF:224
LH:158
FN:45,48,EllipticCurve.name
FNDA:0,EllipticCurve.name
FN:51,54,EllipticCurve.key_size
FNDA:0,EllipticCurve.key_size
FN:59,64,EllipticCurveSignatureAlgorithm.algorithm
FNDA:0,EllipticCurveSignatureAlgorithm.algorithm
FN:69,75,EllipticCurvePrivateKey.signer
FNDA:0,EllipticCurvePrivateKey.signer
FN:78,84,EllipticCurvePrivateKey.exchange
FNDA:0,EllipticCurvePrivateKey.exchange
FN:87,90,EllipticCurvePrivateKey.public_key
FNDA:0,EllipticCurvePrivateKey.public_key
FN:93,96,EllipticCurvePrivateKey.curve
FNDA:0,EllipticCurvePrivateKey.curve
FN:99,102,EllipticCurvePrivateKey.key_size
FNDA:0,EllipticCurvePrivateKey.key_size
FN:105,112,EllipticCurvePrivateKey.sign
FNDA:0,EllipticCurvePrivateKey.sign
FN:115,118,EllipticCurvePrivateKey.private_numbers
FNDA:0,EllipticCurvePrivateKey.private_numbers
FN:121,129,EllipticCurvePrivateKey.private_bytes
FNDA:0,EllipticCurvePrivateKey.private_bytes
FN:137,144,EllipticCurvePublicKey.verifier
FNDA:0,EllipticCurvePublicKey.verifier
FN:147,150,EllipticCurvePublicKey.curve
FNDA:0,EllipticCurvePublicKey.curve
FN:153,156,EllipticCurvePublicKey.key_size
FNDA:0,EllipticCurvePublicKey.key_size
FN:159,162,EllipticCurvePublicKey.public_numbers
FNDA:0,EllipticCurvePublicKey.public_numbers
FN:165,172,EllipticCurvePublicKey.public_bytes
FNDA:0,EllipticCurvePublicKey.public_bytes
FN:175,183,EllipticCurvePublicKey.verify
FNDA:0,EllipticCurvePublicKey.verify
FN:186,202,EllipticCurvePublicKey.from_encoded_point
FNDA:0,EllipticCurvePublicKey.from_encoded_point
FN:329,330,ECDSA.__init__
FNDA:0,ECDSA.__init__
FN:335,339,generate_private_key
FNDA:0,generate_private_key
FN:342,355,derive_private_key
FNDA:0,derive_private_key
FN:359,368,EllipticCurvePublicNumbers.__init__
FNDA:0,EllipticCurvePublicNumbers.__init__
FN:370,372,EllipticCurvePublicNumbers.public_key
FNDA:0,EllipticCurvePublicNumbers.public_key
FN:374,389,EllipticCurvePublicNumbers.encode_point
FNDA:0,EllipticCurvePublicNumbers.encode_point
FN:392,416,EllipticCurvePublicNumbers.from_encoded_point
FNDA:0,EllipticCurvePublicNumbers.from_encoded_point
FN:422,431,EllipticCurvePublicNumbers.__eq__
FNDA:0,EllipticCurvePublicNumbers.__eq__
FN:433,434,EllipticCurvePublicNumbers.__ne__
FNDA:0,EllipticCurvePublicNumbers.__ne__
FN:436,437,EllipticCurvePublicNumbers.__hash__
FNDA:0,EllipticCurvePublicNumbers.__hash__
FN:439,443,EllipticCurvePublicNumbers.__repr__
FNDA:0,EllipticCurvePublicNumbers.__repr__
FN:447,460,EllipticCurvePrivateNumbers.__init__
FNDA:0,EllipticCurvePrivateNumbers.__init__
FN:462,464,EllipticCurvePrivateNumbers.private_key
FNDA:0,EllipticCurvePrivateNumbers.private_key
FN:469,476,EllipticCurvePrivateNumbers.__eq__
FNDA:0,EllipticCurvePrivateNumbers.__eq__
FN:478,479,EllipticCurvePrivateNumbers.__ne__
FNDA:0,EllipticCurvePrivateNumbers.__ne__
FN:481,482,EllipticCurvePrivateNumbers.__hash__
FNDA:0,EllipticCurvePrivateNumbers.__hash__
FN:512,519,get_curve_for_oid
FNDA:0,get_curve_for_oid
FNF:35
FNH:0
end_of_record
SF:/usr/lib/python3/dist-packages/cryptography/hazmat/primitives/asymmetric/ed25519.py
DA:6,1
DA:8,1
DA:9,1
DA:12,1
DA:13,1
DA:16,1
DA:17,1
DA:18,1
DA:19,0
DA:21,0
DA:22,0
DA:27,0
DA:29,1
DA:30,1
DA:39,1
DA:40,1
DA:46,1
DA:47,1
DA:48,1
DA:49,0
DA:51,0
DA:52,0
DA:57,0
DA:59,1
DA:60,1
DA:61,0
DA:63,0
DA:64,0
DA:69,0
DA:71,1
DA:72,1
DA:77,1
DA:78,1
DA:88,1
DA:89,1
LF:35
LH:23
FN:18,27,Ed25519PublicKey.from_public_bytes
FNDA:0,Ed25519PublicKey.from_public_bytes
FN:30,37,Ed25519PublicKey.public_bytes
FNDA:0,Ed25519PublicKey.public_bytes
FN:40,43,Ed25519PublicKey.verify
FNDA:0,Ed25519PublicKey.verify
FN:48,57,Ed25519PrivateKey.generate
FNDA:0,Ed25519PrivateKey.generate
FN:60,69,Ed25519PrivateKey.from_private_bytes
FNDA:0,Ed25519PrivateKey.from_private_bytes
FN:72,75,Ed25519PrivateKey.public_key
FNDA:0,Ed25519PrivateKey.public_key
FN:78,86,Ed25519PrivateKey.private_bytes
FNDA:0,Ed25519PrivateKey.private_bytes
FN:89,92,Ed25519PrivateKey.sign
FNDA:0,Ed25519PrivateKey.sign
FNF:8
FNH:0
end_of_record
SF:/usr/lib/python3/dist-packages/cryptography/hazmat/primitives/asymmetric/ed448.py
DA:6,1
DA:8,1
DA:9,1
DA:12,1
DA:13,1
DA:14,1
DA:15,0
DA:17,0
DA:18,0
DA:23,0
DA:25,1
DA:26,1
DA:35,1
DA:36,1
DA:42,1
DA:43,1
DA:44,1
DA:45,0
DA:47,0
DA:48,0
DA:52,0
DA:54,1
DA:55,1
DA:56,0
DA:58,0
DA:59,0
DA:64,0
DA:66,1
DA:67,1
DA:72,1
DA:73,1
DA:78,1
DA:79,1
LF:33
LH:21
FN:14,23,Ed448PublicKey.from_public_bytes
FNDA:0,Ed448PublicKey.from_public_bytes
FN:26,33,Ed448PublicKey.public_bytes
FNDA:0,Ed448PublicKey.public_bytes
FN:36,39,Ed448PublicKey.verify
FNDA:0,Ed448PublicKey.verify
FN:44,52,Ed448PrivateKey.generate
FNDA:0,Ed448PrivateKey.generate
FN:55,64,Ed448PrivateKey.from_private_bytes
FNDA:0,Ed448PrivateKey.from_private_bytes
FN:67,70,Ed448PrivateKey.public_key
FNDA:0,Ed448PrivateKey.public_key
FN:73,76,Ed448PrivateKey.sign
FNDA:0,Ed448PrivateKey.sign
FN:79,87,Ed448PrivateKey.private_bytes
FNDA:0,Ed448PrivateKey.private_bytes
FNF:8
FNH:0
end_of_record
SF:/usr/lib/python3/dist-packages/cryptography/hazmat/primitives/asymmetric/padding.py
DA:6,1
DA:8,1
DA:9,1
DA:10,1
DA:13,1
DA:14,1
DA:17,1
DA:18,1
DA:19,1
DA:21,1
DA:22,0
DA:24,0
DA:28,0
DA:30,0
DA:31,0
DA:33,0
DA:36,1
DA:37,1
DA:39,1
DA:45,0
DA:46,0
DA:48,0
DA:49,0
DA:50,0
DA:53,1
DA:54,1
DA:56,1
DA:57,0
DA:58,0
DA:60,0
DA:63,1
DA:67,0
DA:68,0
DA:70,0
DA:71,0
DA:72,0
DA:73,0
LF:37
LH:17
FN:21,33,PSS.__init__
FNDA:0,PSS.__init__
FN:39,50,OAEP.__init__
FNDA:0,OAEP.__init__
FN:56,60,MGF1.__init__
FNDA:0,MGF1.__init__
FN:63,73,calculate_max_pss_salt_length
FNDA:0,calculate_max_pss_salt_length
FNF:4
FNH:0
end_of_record
SF:/usr/lib/python3/dist-packages/cryptography/hazmat/primitives/asymmetric/rsa.py
DA:6,1
DA:7,1
DA:8,1
DA:10,1
DA:11,1
DA:12,1
DA:13,1
DA:14,1
DA:15,1
DA:16,1
DA:23,1
DA:24,1
DA:25,1
DA:32,1
DA:33,1
DA:38,1
DA:39,1
DA:44,1
DA:45,1
DA:50,1
DA:51,1
DA:61,1
DA:62,1
DA:67,1
DA:68,1
DA:79,1
DA:82,1
DA:83,1
DA:84,1
DA:94,1
DA:95,1
DA:100,1
DA:101,1
DA:106,1
DA:107,1
DA:112,1
DA:113,1
DA:122,1
DA:123,1
DA:134,1
DA:135,1
DA:146,1
DA:149,1
DA:152,0
DA:153,0
DA:154,0
DA:159,0
DA:160,0
DA:163,1
DA:164,0
DA:165,0
DA:170,0
DA:171,0
DA:174,1
DA:184,0
DA:185,0
DA:187,0
DA:188,0
DA:190,0
DA:191,0
DA:193,0
DA:194,0
DA:196,0
DA:197,0
DA:199,0
DA:200,0
DA:202,0
DA:203,0
DA:205,0
DA:206,0
DA:208,0
DA:209,0
DA:211,0
DA:212,0
DA:214,0
DA:215,0
DA:217,0
DA:218,0
DA:221,1
DA:222,0
DA:223,0
DA:225,0
DA:226,0
DA:228,0
DA:229,0
DA:232,1
DA:236,0
DA:237,0
DA:238,0
DA:239,0
DA:240,0
DA:241,0
DA:242,0
DA:245,1
DA:249,0
DA:252,1
DA:257,0
DA:260,1
DA:265,0
DA:271,1
DA:274,1
DA:282,0
DA:285,0
DA:286,0
DA:287,0
DA:293,0
DA:294,0
DA:295,0
DA:296,0
DA:298,0
DA:299,0
DA:301,0
DA:304,0
DA:305,0
DA:306,0
DA:307,0
DA:309,0
DA:310,0
DA:311,0
DA:313,0
DA:314,0
DA:315,0
DA:316,0
DA:319,1
DA:320,1
DA:330,0
DA:338,0
DA:343,0
DA:344,0
DA:349,0
DA:350,0
DA:351,0
DA:352,0
DA:353,0
DA:354,0
DA:355,0
DA:357,1
DA:358,1
DA:359,1
DA:360,1
DA:361,1
DA:362,1
DA:363,1
DA:365,1
DA:366,0
DA:367,0
DA:369,1
DA:370,0
DA:371,0
DA:373,0
DA:383,1
DA:384,0
DA:386,1
DA:387,0
DA:400,1
DA:401,1
DA:402,0
DA:403,0
DA:405,0
DA:406,0
DA:408,1
DA:409,1
DA:411,1
DA:412,0
DA:413,0
DA:415,1
DA:416,0
DA:418,1
DA:419,0
DA:420,0
DA:422,0
DA:424,1
DA:425,0
DA:427,1
DA:428,0
LF:175
LH:74
FN:25,30,RSAPrivateKey.signer
FNDA:0,RSAPrivateKey.signer
FN:33,36,RSAPrivateKey.decrypt
FNDA:0,RSAPrivateKey.decrypt
FN:39,42,RSAPrivateKey.key_size
FNDA:0,RSAPrivateKey.key_size
FN:45,48,RSAPrivateKey.public_key
FNDA:0,RSAPrivateKey.public_key
FN:51,59,RSAPrivateKey.sign
FNDA:0,RSAPrivateKey.sign
FN:62,65,RSAPrivateKey.private_numbers
FNDA:0,RSAPrivateKey.private_numbers
FN:68,76,RSAPrivateKey.private_bytes
FNDA:0,RSAPrivateKey.private_bytes
FN:84,92,RSAPublicKey.verifier
FNDA:0,RSAPublicKey.verifier
FN:95,98,RSAPublicKey.encrypt
FNDA:0,RSAPublicKey.encrypt
FN:101,104,RSAPublicKey.key_size
FNDA:0,RSAPublicKey.key_size
FN:107,110,RSAPublicKey.public_numbers
FNDA:0,RSAPublicKey.public_numbers
FN:113,120,RSAPublicKey.public_bytes
FNDA:0,RSAPublicKey.public_bytes
FN:123,132,RSAPublicKey.verify
FNDA:0,RSAPublicKey.verify
FN:135,143,RSAPublicKey.recover_data_from_signature
FNDA:0,RSAPublicKey.recover_data_from_signature
FN:149,160,generate_private_key
FNDA:0,generate_private_key
FN:163,171,_verify_rsa_parameters
FNDA:0,_verify_rsa_parameters
FN:174,218,_check_private_key_components
FNDA:0,_check_private_key_components
FN:221,229,_check_public_key_components
FNDA:0,_check_public_key_components
FN:232,242,_modinv
FNDA:0,_modinv
FN:245,249,rsa_crt_iqmp
FNDA:0,rsa_crt_iqmp
FN:252,257,rsa_crt_dmp1
FNDA:0,rsa_crt_dmp1
FN:260,265,rsa_crt_dmq1
FNDA:0,rsa_crt_dmq1
FN:274,316,rsa_recover_prime_factors
FNDA:0,rsa_recover_prime_factors
FN:320,355,RSAPrivateNumbers.__init__
FNDA:0,RSAPrivateNumbers.__init__
FN:365,367,RSAPrivateNumbers.private_key
FNDA:0,RSAPrivateNumbers.private_key
FN:369,381,RSAPrivateNumbers.__eq__
FNDA:0,RSAPrivateNumbers.__eq__
FN:383,384,RSAPrivateNumbers.__ne__
FNDA:0,RSAPrivateNumbers.__ne__
FN:386,397,RSAPrivateNumbers.__hash__
FNDA:0,RSAPrivateNumbers.__hash__
FN:401,406,RSAPublicNumbers.__init__
FNDA:0,RSAPublicNumbers.__init__
FN:411,413,RSAPublicNumbers.public_key
FNDA:0,RSAPublicNumbers.public_key
FN:415,416,RSAPublicNumbers.__repr__
FNDA:0,RSAPublicNumbers.__repr__
FN:418,422,RSAPublicNumbers.__eq__
FNDA:0,RSAPublicNumbers.__eq__
FN:424,425,RSAPublicNumbers.__ne__
FNDA:0,RSAPublicNumbers.__ne__
FN:427,428,RSAPublicNumbers.__hash__
FNDA:0,RSAPublicNumbers.__hash__
FNF:34
FNH:0
end_of_record
SF:/usr/lib/python3/dist-packages/cryptography/hazmat/primitives/asymmetric/utils.py
DA:6,1
DA:8,1
DA:9,1
DA:16,1
DA:19,1
DA:20,0
DA:21,0
DA:22,0
DA:23,0
DA:26,1
DA:27,0
DA:34,1
DA:35,1
DA:36,0
DA:37,0
DA:39,0
DA:40,0
DA:42,1
LF:18
LH:9
FN:19,23,decode_dss_signature
FNDA:0,decode_dss_signature
FN:26,31,encode_dss_signature
FNDA:0,encode_dss_signature
FN:35,40,Prehashed.__init__
FNDA:0,Prehashed.__init__
FNF:3
FNH:0
end_of_record
SF:/usr/lib/python3/dist-packages/cryptography/hazmat/primitives/ciphers/__init__.py
DA:6,1
DA:17,1
LF:2
LH:2
end_of_record
SF:/usr/lib/python3/dist-packages/cryptography/hazmat/primitives/ciphers/algorithms.py
DA:6,1
DA:7,1
DA:11,1
DA:14,1
DA:16,0
DA:19,0
DA:20,0
DA:25,0
DA:28,1
DA:29,1
DA:30,1
DA:32,1
DA:34,1
DA:35,0
DA:37,1
DA:38,1
DA:39,0
DA:42,1
DA:43,1
DA:44,1
DA:45,1
DA:47,1
DA:48,0
DA:50,1
DA:51,1
DA:52,0
DA:55,1
DA:56,1
DA:57,1
DA:58,1
DA:60,1
DA:61,0
DA:62,0
DA:63,0
DA:64,0
DA:65,0
DA:67,1
DA:68,1
DA:69,0
DA:72,1
DA:73,1
DA:74,1
DA:75,1
DA:77,1
DA:78,0
DA:80,1
DA:81,1
DA:82,0
DA:85,1
DA:86,1
DA:87,1
DA:88,1
DA:90,1
DA:91,0
DA:93,1
DA:94,1
DA:95,0
DA:98,1
DA:99,1
DA:100,1
DA:102,1
DA:103,0
DA:105,1
DA:106,1
DA:107,0
DA:110,1
DA:111,1
DA:112,1
DA:113,1
DA:115,1
DA:116,0
DA:118,1
DA:119,1
DA:120,0
DA:123,1
DA:124,1
DA:125,1
DA:126,1
DA:128,1
DA:129,0
DA:131,1
DA:132,1
DA:133,0
DA:136,1
DA:137,1
DA:138,1
DA:140,1
DA:141,0
DA:142,0
DA:144,0
DA:145,0
DA:147,0
DA:149,1
DA:151,1
DA:152,1
DA:153,0
LF:96
LH:66
FN:14,25,_verify_key_size
FNDA:0,_verify_key_size
FN:34,35,AES.__init__
[...]
FN:33,37,load_der_private_key
FNDA:0,load_der_private_key
FN:40,42,load_der_public_key
FNDA:0,load_der_public_key
FN:45,47,load_der_parameters
FNDA:0,load_der_parameters
FNF:6
FNH:0
end_of_record
SF:/usr/lib/python3/dist-packages/cryptography/hazmat/primitives/serialization/ssh.py
DA:6,1
DA:7,1
DA:8,1
DA:9,1
DA:10,1
DA:11,1
DA:13,1
DA:14,1
DA:15,1
DA:16,1
DA:17,1
DA:18,1
DA:25,1
DA:26,1
DA:28,0
DA:29,1
DA:30,1
DA:32,1
DA:39,0
DA:42,1
DA:43,1
DA:44,1
DA:45,1
DA:46,1
DA:47,1
DA:48,1
DA:50,1
DA:51,1
DA:52,1
DA:53,1
DA:54,1
DA:55,1
DA:56,1
DA:57,1
DA:58,1
DA:61,1
DA:64,1
DA:67,1
DA:73,1
DA:79,1
DA:80,1
DA:83,1
DA:85,0
DA:86,0
DA:87,0
DA:90,0
DA:93,1
DA:94,0
DA:97,1
DA:99,0
DA:100,0
DA:103,1
DA:105,0
DA:106,0
DA:109,1
DA:111,0
DA:112,0
DA:114,0
DA:115,0
DA:116,0
DA:119,1
DA:121,0
DA:122,0
DA:123,0
DA:126,1
DA:128,0
DA:129,0
DA:130,0
DA:133,1
DA:135,0
DA:136,0
DA:137,0
DA:138,0
DA:141,1
DA:143,0
DA:144,0
DA:145,0
DA:146,0
DA:149,1
DA:151,0
DA:152,0
DA:153,0
DA:154,0
DA:155,0
DA:156,0
DA:159,1
DA:162,1
DA:163,0
DA:164,0
DA:165,0
DA:167,1
DA:169,0
DA:171,1
DA:173,0
DA:175,1
DA:177,0
DA:178,0
DA:179,0
DA:181,0
DA:182,0
DA:184,1
DA:186,0
DA:188,1
DA:190,0
DA:192,1
DA:194,0
DA:195,0
DA:196,0
DA:197,0
DA:198,0
DA:200,1
DA:202,0
DA:203,0
DA:204,0
DA:207,1
DA:216,1
DA:218,0
DA:219,0
DA:220,0
DA:222,1
DA:224,0
DA:225,0
DA:226,0
DA:227,0
DA:229,1
DA:231,0
DA:232,0
DA:233,0
DA:234,0
DA:235,0
DA:236,0
DA:238,0
DA:239,0
DA:240,0
DA:241,0
DA:242,0
DA:243,0
DA:246,0
DA:247,0
DA:249,1
DA:251,0
DA:252,0
DA:253,0
DA:255,1
DA:257,0
DA:258,0
DA:260,0
DA:261,0
DA:263,0
DA:264,0
DA:265,0
DA:266,0
DA:269,1
DA:278,1
DA:280,0
DA:281,0
DA:282,0
DA:283,0
DA:284,0
DA:286,1
DA:288,0
DA:289,0
DA:290,0
DA:291,0
DA:292,0
DA:293,0
DA:295,1
DA:297,0
DA:298,0
DA:300,0
DA:301,0
DA:302,0
DA:303,0
DA:304,0
DA:305,0
DA:306,0
DA:307,0
DA:309,1
DA:311,0
DA:312,0
DA:313,0
DA:315,0
DA:316,0
DA:317,0
DA:318,0
DA:320,1
DA:322,0
DA:323,0
DA:325,1
DA:326,0
DA:327,0
DA:328,0
DA:331,1
DA:343,1
DA:344,1
DA:345,1
DA:347,1
DA:349,0
DA:350,0
DA:351,0
DA:352,0
DA:353,0
DA:354,0
DA:355,0
DA:357,1
DA:359,0
DA:360,0
DA:363,0
DA:365,1
DA:367,0
DA:368,0
DA:370,0
DA:371,0
DA:372,0
DA:373,0
DA:375,1
DA:377,0
DA:380,0
DA:381,0
DA:383,1
DA:385,0
DA:386,0
DA:388,0
DA:389,0
DA:392,1
DA:402,1
DA:404,0
DA:405,0
DA:407,1
DA:409,0
DA:410,0
DA:413,0
DA:415,1
DA:417,0
DA:418,0
DA:420,0
DA:421,0
DA:422,0
DA:423,0
DA:424,0
DA:425,0
DA:427,1
DA:429,0
DA:432,0
DA:434,1
DA:436,0
DA:437,0
DA:440,0
DA:443,0
DA:445,0
DA:446,0
DA:449,1
DA:459,1
DA:461,0
DA:462,0
DA:463,0
DA:464,0
DA:465,0
DA:468,1
DA:476,1
DA:480,0
DA:481,0
DA:482,0
DA:483,0
DA:485,0
DA:486,0
DA:487,0
DA:488,0
DA:489,0
DA:490,0
DA:491,0
DA:492,0
DA:493,0
DA:496,0
DA:497,0
DA:498,0
DA:499,0
DA:500,0
DA:501,0
DA:504,0
DA:505,0
DA:506,0
DA:507,0
DA:508,0
DA:511,0
DA:512,0
DA:514,0
DA:515,0
DA:516,0
DA:517,0
DA:518,0
DA:519,0
DA:520,0
DA:521,0
DA:522,0
DA:523,0
DA:524,0
DA:525,0
DA:528,0
DA:530,0
DA:531,0
DA:532,0
DA:533,0
DA:534,0
DA:535,0
DA:538,0
DA:539,0
DA:540,0
DA:541,0
DA:542,0
DA:546,0
DA:547,0
DA:549,0
DA:552,1
DA:557,0
DA:558,0
DA:559,0
DA:560,0
DA:565,0
DA:566,0
DA:567,0
DA:568,0
DA:569,0
DA:570,0
DA:571,0
DA:572,0
DA:574,0
DA:575,0
DA:578,0
DA:579,0
DA:580,0
DA:581,0
DA:582,0
DA:583,0
DA:584,0
DA:585,0
DA:586,0
DA:587,0
DA:588,0
DA:590,0
DA:591,0
DA:592,0
DA:593,0
DA:594,0
DA:595,0
DA:598,0
DA:599,0
DA:600,0
DA:602,0
DA:603,0
DA:604,0
DA:605,0
DA:606,0
DA:609,0
DA:610,0
DA:611,0
DA:612,0
DA:613,0
DA:614,0
DA:615,0
DA:616,0
DA:619,0
DA:620,0
DA:621,0
DA:622,0
DA:623,0
DA:626,0
DA:627,0
DA:629,0
DA:633,0
DA:634,0
DA:637,1
DA:645,1
DA:647,0
DA:648,0
DA:650,0
DA:651,0
DA:652,0
DA:653,0
DA:654,0
DA:655,0
DA:656,0
DA:657,0
DA:658,0
DA:659,0
DA:661,0
DA:662,0
DA:663,0
DA:664,0
DA:666,0
DA:667,0
DA:668,0
DA:669,0
DA:670,0
DA:671,0
DA:672,0
DA:673,0
DA:674,0
DA:675,0
DA:676,0
DA:677,0
DA:678,0
DA:679,0
DA:680,0
DA:681,0
DA:682,0
DA:683,0
DA:684,0
DA:685,0
DA:688,1
DA:690,0
DA:691,0
DA:692,0
DA:693,0
DA:694,0
DA:695,0
DA:696,0
DA:697,0
DA:699,0
DA:700,0
DA:702,0
DA:703,0
DA:704,0
DA:706,0
DA:707,0
LF:425
LH:94
FN:83,90,_ecdsa_key_type
FNDA:0,_ecdsa_key_type
FN:93,94,_ssh_pem_encode
FNDA:0,_ssh_pem_encode
FN:97,100,_check_block_size
FNDA:0,_check_block_size
FN:103,106,_check_empty
FNDA:0,_check_empty
FN:109,116,_init_cipher
FNDA:0,_init_cipher
FN:119,123,_get_u32
FNDA:0,_get_u32
FN:126,130,_get_u64
FNDA:0,_get_u64
FN:133,138,_get_sshstr
FNDA:0,_get_sshstr
FN:141,146,_get_mpint
FNDA:0,_get_mpint
FN:149,156,_to_mpint
FNDA:0,_to_mpint
FN:162,165,_FragList.__init__
FNDA:0,_FragList.__init__
FN:167,169,_FragList.put_raw
FNDA:0,_FragList.put_raw
FN:171,173,_FragList.put_u32
FNDA:0,_FragList.put_u32
FN:175,182,_FragList.put_sshstr
FNDA:0,_FragList.put_sshstr
FN:184,186,_FragList.put_mpint
FNDA:0,_FragList.put_mpint
FN:188,190,_FragList.size
FNDA:0,_FragList.size
FN:192,198,_FragList.render
FNDA:0,_FragList.render
FN:200,204,_FragList.tobytes
FNDA:0,_FragList.tobytes
FN:216,220,_SSHFormatRSA.get_public
FNDA:0,_SSHFormatRSA.get_public
FN:222,227,_SSHFormatRSA.load_public
FNDA:0,_SSHFormatRSA.load_public
FN:229,247,_SSHFormatRSA.load_private
FNDA:0,_SSHFormatRSA.load_private
FN:249,253,_SSHFormatRSA.encode_public
FNDA:0,_SSHFormatRSA.encode_public
FN:255,266,_SSHFormatRSA.encode_private
FNDA:0,_SSHFormatRSA.encode_private
FN:278,284,_SSHFormatDSA.get_public
FNDA:0,_SSHFormatDSA.get_public
FN:286,293,_SSHFormatDSA.load_public
FNDA:0,_SSHFormatDSA.load_public
FN:295,307,_SSHFormatDSA.load_private
FNDA:0,_SSHFormatDSA.load_private
FN:309,318,_SSHFormatDSA.encode_public
FNDA:0,_SSHFormatDSA.encode_public
FN:320,323,_SSHFormatDSA.encode_private
FNDA:0,_SSHFormatDSA.encode_private
FN:325,328,_SSHFormatDSA._validate
FNDA:0,_SSHFormatDSA._validate
FN:343,345,_SSHFormatECDSA.__init__
FNDA:1,_SSHFormatECDSA.__init__
FN:347,355,_SSHFormatECDSA.get_public
FNDA:0,_SSHFormatECDSA.get_public
FN:357,363,_SSHFormatECDSA.load_public
FNDA:0,_SSHFormatECDSA.load_public
FN:365,373,_SSHFormatECDSA.load_private
FNDA:0,_SSHFormatECDSA.load_private
FN:375,381,_SSHFormatECDSA.encode_public
FNDA:0,_SSHFormatECDSA.encode_public
FN:383,389,_SSHFormatECDSA.encode_private
FNDA:0,_SSHFormatECDSA.encode_private
FN:402,405,_SSHFormatEd25519.get_public
FNDA:0,_SSHFormatEd25519.get_public
FN:407,413,_SSHFormatEd25519.load_public
FNDA:0,_SSHFormatEd25519.load_public
FN:415,425,_SSHFormatEd25519.load_private
FNDA:0,_SSHFormatEd25519.load_private
FN:427,432,_SSHFormatEd25519.encode_public
FNDA:0,_SSHFormatEd25519.encode_public
FN:434,446,_SSHFormatEd25519.encode_private
FNDA:0,_SSHFormatEd25519.encode_private
FN:459,465,_lookup_kformat
FNDA:0,_lookup_kformat
FN:476,549,load_ssh_private_key
FNDA:0,load_ssh_private_key
FN:552,634,serialize_ssh_private_key
FNDA:0,serialize_ssh_private_key
FN:645,685,load_ssh_public_key
FNDA:0,load_ssh_public_key
FN:688,707,serialize_ssh_public_key
FNDA:0,serialize_ssh_public_key
FNF:45
FNH:1
end_of_record
SF:/usr/lib/python3/dist-packages/cryptography/utils.py
DA:6,1
DA:7,1
DA:8,1
DA:9,1
DA:10,1
DA:11,1
DA:16,1
DA:17,1
DA:23,1
DA:24,1
DA:25,1
DA:28,1
DA:29,0
DA:30,0
DA:33,1
DA:34,0
DA:35,0
DA:36,0
DA:37,0
DA:40,1
DA:41,1
DA:44,1
DA:45,1
DA:46,1
DA:47,1
DA:48,1
DA:50,1
DA:53,1
DA:54,0
DA:55,0
DA:56,0
DA:57,0
DA:58,0
DA:60,0
DA:63,1
DA:64,0
DA:69,1
DA:70,1
DA:73,1
DA:74,1
DA:82,1
DA:83,1
DA:84,1
DA:85,0
DA:88,1
DA:90,1
DA:91,1
DA:92,1
DA:93,1
DA:94,0
DA:96,1
DA:97,1
DA:98,0
DA:104,1
DA:105,1
DA:106,1
DA:107,1
DA:108,1
DA:111,1
DA:112,1
DA:113,1
DA:115,1
DA:116,1
DA:117,1
DA:118,0
DA:119,0
DA:120,1
DA:122,1
DA:123,0
DA:125,1
DA:126,0
DA:127,0
DA:128,0
DA:130,0
DA:132,1
DA:133,0
DA:136,1
DA:137,1
DA:138,1
DA:139,1
DA:142,1
DA:145,1
DA:146,0
DA:147,0
DA:149,0
DA:150,0
DA:151,0
DA:152,0
DA:153,0
DA:154,0
DA:155,0
DA:157,0
DA:160,1
DA:170,1
DA:171,1
DA:172,0
DA:174,1
DA:175,0
LF:98
LH:62
FN:28,30,_check_bytes
FNDA:0,_check_bytes
FN:33,37,_check_byteslike
FNDA:0,_check_byteslike
FN:40,41,read_only_property
FNDA:1,read_only_property
FN:44,50,register_interface
FNDA:1,register_interface
FN:45,48,register_interface.register_decorator
FNDA:1,register_interface.register_decorator
FN:53,60,register_interface_if
FNDA:0,register_interface_if
FN:54,58,register_interface_if.register_decorator
FNDA:0,register_interface_if.register_decorator
FN:63,66,int_to_bytes
FNDA:0,int_to_bytes
FN:73,79,strip_annotation
FNDA:1,strip_annotation
FN:82,101,verify_interface
FNDA:1,verify_interface
FN:105,108,_DeprecatedValue.__init__
FNDA:1,_DeprecatedValue.__init__
FN:112,113,_ModuleWithDeprecations.__init__
FNDA:1,_ModuleWithDeprecations.__init__
FN:115,120,_ModuleWithDeprecations.__getattr__
FNDA:1,_ModuleWithDeprecations.__getattr__
FN:122,123,_ModuleWithDeprecations.__setattr__
FNDA:0,_ModuleWithDeprecations.__setattr__
FN:125,130,_ModuleWithDeprecations.__delattr__
FNDA:0,_ModuleWithDeprecations.__delattr__
FN:132,133,_ModuleWithDeprecations.__dir__
FNDA:0,_ModuleWithDeprecations.__dir__
FN:136,142,deprecated
FNDA:1,deprecated
FN:145,157,cached_property
FNDA:0,cached_property
FN:149,155,cached_property.inner
FNDA:0,cached_property.inner
FN:171,172,Enum.__repr__
FNDA:0,Enum.__repr__
FN:174,175,Enum.__str__
FNDA:0,Enum.__str__
FNF:21
FNH:9
end_of_record
SF:/usr/lib/python3/dist-packages/pytz/__init__.py
DA:11,1
DA:12,1
DA:13,1
DA:14,1
DA:15,1
DA:16,1
DA:18,1
DA:19,1
DA:20,1
DA:21,1
DA:22,1
DA:23,1
DA:24,1
DA:27,1
DA:28,1
DA:29,1
DA:30,1
DA:31,1
DA:32,1
DA:33,1
DA:34,0
DA:38,1
DA:39,1
DA:40,1
DA:42,1
DA:44,1
DA:54,1
DA:58,1
DA:60,1
DA:69,1
DA:70,0
DA:72,1
DA:73,1
DA:77,0
DA:88,0
DA:91,1
DA:100,1
DA:101,1
DA:102,1
DA:103,0
DA:104,1
DA:105,1
DA:106,0
DA:108,1
DA:110,1
DA:114,0
DA:115,0
DA:116,0
DA:117,0
DA:119,0
DA:120,0
DA:121,1
DA:124,1
DA:126,0
DA:127,0
DA:133,0
DA:134,0
DA:135,0
DA:136,0
DA:137,0
DA:140,1
DA:143,1
DA:180,1
DA:181,0
DA:183,1
DA:184,0
DA:186,1
DA:187,1
DA:188,0
DA:190,0
DA:192,1
DA:193,1
DA:194,1
DA:195,1
DA:196,1
DA:197,1
DA:199,1
DA:201,0
DA:203,1
DA:206,1
DA:208,1
DA:211,1
DA:214,1
DA:217,1
DA:218,1
DA:219,1
DA:222,1
DA:223,1
DA:226,1
DA:232,1
DA:234,1
DA:235,1
DA:236,1
DA:238,1
DA:239,0
DA:240,0
DA:241,0
DA:243,1
DA:244,0
DA:246,1
DA:247,0
DA:249,1
DA:250,0
DA:252,1
DA:253,0
DA:255,1
DA:257,0
DA:258,0
DA:259,0
DA:261,1
DA:263,0
DA:264,0
DA:265,0
DA:266,0
DA:267,0
DA:269,1
DA:270,0
DA:272,1
DA:273,0
DA:276,1
DA:279,1
DA:308,0
DA:311,1
DA:314,1
DA:320,0
DA:323,1
DA:326,1
DA:358,1
DA:360,0
DA:362,1
DA:363,0
DA:364,0
DA:365,0
DA:366,0
DA:367,0
DA:368,0
DA:369,0
DA:370,0
DA:371,0
DA:372,0
DA:373,0
DA:374,0
DA:375,0
DA:376,0
DA:377,0
DA:379,0
DA:382,1
DA:385,1
DA:391,1
DA:392,0
DA:393,0
DA:394,0
DA:395,0
DA:396,0
DA:397,0
DA:398,0
DA:399,0
DA:400,0
DA:401,0
DA:403,0
DA:406,1
DA:411,1
DA:413,1
DA:415,1
DA:416,0
DA:417,0
DA:418,0
DA:419,0
DA:421,1
DA:422,0
DA:424,1
DA:425,0
DA:427,1
DA:428,0
DA:430,1
DA:431,0
DA:433,1
DA:434,0
DA:436,1
DA:438,0
DA:439,0
DA:440,0
DA:442,1
DA:444,0
DA:445,0
DA:446,0
DA:447,0
DA:448,0
DA:451,1
DA:504,0
DA:505,0
DA:507,0
DA:508,0
DA:513,0
DA:515,0
DA:518,1
DA:521,1
DA:522,0
DA:523,0
DA:524,0
DA:525,0
DA:528,1
DA:529,1
DA:530,1
DA:531,1
DA:532,1
DA:533,1
DA:534,1
DA:535,1
DA:538,1
DA:539,0
DA:541,1
DA:665,1
DA:666,1
DA:668,1
DA:669,1
LF:216
LH:117
FN:27,34,_read_olson_version
FNDA:1,_read_olson_version
FN:60,73,ascii
FNDA:1,ascii
FN:91,121,open_resource
FNDA:1,open_resource
FN:124,137,resource_exists
FNDA:0,resource_exists
FN:143,203,timezone
FNDA:1,timezone
FN:206,208,_unmunge_zone
FNDA:1,_unmunge_zone
FN:214,219,_case_insensitive_zone_lookup
FNDA:1,_case_insensitive_zone_lookup
FN:238,241,UTC.fromutc
FNDA:0,UTC.fromutc
FN:243,244,UTC.utcoffset
FNDA:0,UTC.utcoffset
FN:246,247,UTC.tzname
FNDA:0,UTC.tzname
FN:249,250,UTC.dst
FNDA:0,UTC.dst
FN:252,253,UTC.__reduce__
FNDA:0,UTC.__reduce__
FN:255,259,UTC.localize
FNDA:0,UTC.localize
FN:261,267,UTC.normalize
FNDA:0,UTC.normalize
FN:269,270,UTC.__repr__
FNDA:0,UTC.__repr__
FN:272,273,UTC.__str__
FNDA:0,UTC.__str__
FN:279,308,_UTC
FNDA:0,_UTC
FN:314,320,_p
FNDA:0,_p
FN:358,360,_CountryTimezoneDict.__call__
FNDA:0,_CountryTimezoneDict.__call__
FN:362,379,_CountryTimezoneDict._fill
FNDA:0,_CountryTimezoneDict._fill
FN:391,403,_CountryNameDict._fill
FNDA:0,_CountryNameDict._fill
FN:415,419,_FixedOffset.__init__
FNDA:0,_FixedOffset.__init__
FN:421,422,_FixedOffset.utcoffset
FNDA:0,_FixedOffset.utcoffset
FN:424,425,_FixedOffset.__reduce__
FNDA:0,_FixedOffset.__reduce__
FN:427,428,_FixedOffset.dst
FNDA:0,_FixedOffset.dst
FN:430,431,_FixedOffset.tzname
FNDA:0,_FixedOffset.tzname
FN:433,434,_FixedOffset.__repr__
FNDA:0,_FixedOffset.__repr__
FN:436,440,_FixedOffset.localize
FNDA:0,_FixedOffset.localize
FN:442,448,_FixedOffset.normalize
FNDA:0,_FixedOffset.normalize
FN:451,515,FixedOffset
FNDA:0,FixedOffset
FN:521,525,_test
FNDA:0,_test
FN:528,535,_read_timezones_from_zone_tab
FNDA:1,_read_timezones_from_zone_tab
FNF:32
FNH:7
end_of_record
SF:/usr/lib/python3/dist-packages/pytz/exceptions.py
DA:5,1
DA:11,1
DA:15,1
DA:35,1
DA:38,1
DA:42,1
DA:53,1
LF:7
LH:7
end_of_record
SF:/usr/lib/python3/dist-packages/pytz/lazy.py
DA:1,1
DA:2,1
DA:3,1
DA:4,0
DA:5,0
DA:6,0
DA:7,0
DA:8,0
DA:13,1
DA:16,1
DA:18,1
DA:20,1
DA:21,0
DA:22,0
DA:23,0
DA:24,0
DA:25,0
DA:27,0
DA:28,0
DA:30,1
DA:31,0
DA:32,0
DA:33,0
DA:34,0
DA:35,0
DA:37,0
DA:38,0
DA:40,1
DA:41,0
DA:42,0
DA:43,0
DA:44,0
DA:45,0
DA:47,0
DA:48,0
DA:50,1
DA:51,0
DA:52,0
DA:53,0
DA:54,0
DA:55,0
DA:57,0
DA:58,0
DA:60,1
DA:61,0
DA:62,0
DA:63,0
DA:64,0
DA:65,0
DA:67,0
DA:68,0
DA:71,1
DA:74,1
DA:84,1
DA:86,0
DA:87,0
DA:91,0
DA:92,0
DA:94,0
DA:96,0
DA:97,0
DA:98,0
DA:99,0
DA:100,0
DA:101,0
DA:102,0
DA:103,0
DA:105,0
DA:106,0
DA:107,0
DA:109,0
DA:110,0
DA:112,0
DA:113,0
DA:118,1
DA:121,1
DA:124,1
DA:139,1
DA:141,0
DA:142,0
DA:144,0
DA:145,0
DA:147,0
DA:149,0
DA:150,0
DA:151,0
DA:152,0
DA:153,0
DA:154,0
DA:155,0
DA:156,0
DA:157,0
DA:159,0
DA:160,0
DA:161,0
DA:163,0
DA:164,0
DA:166,0
DA:167,0
DA:172,1
LF:100
LH:19
FN:20,28,LazyDict.__getitem__
FNDA:0,LazyDict.__getitem__
FN:30,38,LazyDict.__contains__
FNDA:0,LazyDict.__contains__
FN:40,48,LazyDict.__iter__
FNDA:0,LazyDict.__iter__
FN:50,58,LazyDict.__len__
FNDA:0,LazyDict.__len__
FN:60,68,LazyDict.keys
FNDA:0,LazyDict.keys
FN:84,113,LazyList.__new__
FNDA:0,LazyList.__new__
FN:96,107,LazyList.__new__.lazy
FNDA:0,LazyList.__new__.lazy
FN:97,106,LazyList.__new__.lazy._lazy
FNDA:0,LazyList.__new__.lazy._lazy
FN:139,167,LazySet.__new__
FNDA:0,LazySet.__new__
FN:149,161,LazySet.__new__.lazy
FNDA:0,LazySet.__new__.lazy
FN:150,160,LazySet.__new__.lazy._lazy
FNDA:0,LazySet.__new__.lazy._lazy
FNF:11
FNH:0
end_of_record
SF:/usr/lib/python3/dist-packages/pytz/tzfile.py
DA:5,1
DA:6,1
DA:8,1
DA:9,1
DA:12,1
DA:14,1
DA:16,1
DA:19,1
DA:21,1
DA:24,1
DA:25,1
DA:26,1
DA:27,1
DA:31,1
DA:34,1
DA:36,1
DA:37,1
DA:40,1
DA:41,1
DA:43,1
DA:44,1
DA:45,1
DA:46,1
DA:49,1
DA:50,1
DA:51,1
DA:52,1
DA:54,1
DA:55,1
DA:56,1
DA:57,1
DA:58,0
DA:59,1
DA:61,1
DA:64,1
DA:67,1
DA:68,0
DA:69,0
DA:75,1
DA:76,1
DA:77,0
DA:78,1
DA:79,0
DA:81,1
DA:82,1
DA:85,1
DA:86,1
DA:87,1
DA:88,1
DA:89,1
DA:90,1
DA:92,1
DA:93,1
DA:94,1
DA:95,1
DA:96,1
DA:100,1
DA:101,0
DA:102,0
DA:103,0
DA:104,0
DA:105,0
DA:106,0
DA:108,1
DA:114,1
DA:115,1
DA:116,1
DA:118,1
DA:123,1
DA:125,1
DA:126,0
DA:127,0
DA:129,0
DA:130,0
DA:132,0
DA:134,0
LF:76
LH:59
FN:12,14,_byte_string
FNDA:1,_byte_string
FN:19,21,_std_string
FNDA:1,_std_string
FN:24,123,build_tzinfo
FNDA:1,build_tzinfo
FNF:3
FNH:3
end_of_record
SF:/usr/lib/python3/dist-packages/pytz/tzinfo.py
DA:3,1
DA:4,1
DA:5,1
DA:6,1
DA:7,0
DA:8,0
DA:10,1
DA:11,1
DA:13,1
DA:15,1
DA:18,1
DA:20,1
DA:21,1
DA:22,1
DA:23,1
DA:24,1
DA:25,1
DA:27,1
DA:28,1
DA:31,1
DA:33,1
DA:34,1
DA:35,1
DA:38,1
DA:39,1
DA:40,1
DA:42,1
DA:45,1
DA:47,1
DA:48,1
DA:49,1
DA:50,1
DA:55,1
DA:56,1
DA:58,1
DA:61,1
DA:63,0
DA:66,1
DA:68,1
DA:69,1
DA:70,1
DA:72,1
DA:73,0
DA:76,1
DA:82,1
DA:84,0
DA:85,0
DA:86,0
DA:88,1
DA:94,0
DA:96,1
DA:102,0
DA:104,1
DA:110,0
DA:112,1
DA:114,0
DA:115,0
DA:116,0
DA:118,1
DA:141,0
DA:142,0
DA:143,0
DA:144,0
DA:145,0
DA:147,1
DA:148,0
DA:150,1
DA:153,0
DA:156,1
DA:166,1
DA:170,1
DA:172,1
DA:176,1
DA:177,1
DA:179,1
DA:180,1
DA:181,1
DA:182,1
DA:184,1
DA:185,1
DA:186,1
DA:188,1
DA:189,1
DA:190,1
DA:191,1
DA:193,1
DA:195,0
DA:197,0
DA:198,0
DA:199,0
DA:200,0
DA:201,0
DA:203,1
DA:248,0
DA:249,0
DA:252,0
DA:253,0
DA:254,0
DA:256,0
DA:258,1
DA:317,0
DA:318,0
DA:321,0
DA:322,0
DA:323,0
DA:324,0
DA:326,0
DA:327,0
DA:328,0
DA:329,0
DA:330,0
DA:332,0
DA:333,0
DA:338,0
DA:340,0
DA:341,0
DA:346,0
DA:347,0
DA:353,0
DA:362,0
DA:363,0
DA:367,0
DA:372,0
DA:373,0
DA:375,0
DA:376,0
DA:388,0
DA:389,0
DA:390,0
DA:392,0
DA:393,0
DA:394,0
DA:396,1
DA:419,0
DA:420,0
DA:421,0
DA:422,0
DA:423,0
DA:425,0
DA:427,1
DA:458,0
DA:459,0
DA:460,0
DA:461,0
DA:462,0
DA:464,0
DA:466,1
DA:496,0
DA:497,0
DA:498,0
DA:499,0
DA:500,0
DA:502,0
DA:504,1
DA:505,0
DA:506,0
DA:508,0
DA:509,0
DA:510,0
DA:514,0
DA:518,1
DA:521,0
DA:529,1
DA:539,0
DA:542,0
DA:543,0
DA:549,0
DA:550,0
DA:551,0
DA:552,0
DA:553,0
DA:559,0
DA:564,0
DA:565,0
DA:567,0
DA:575,0
DA:576,0
DA:577,0
LF:178
LH:74
FN:18,25,memorized_timedelta
FNDA:1,memorized_timedelta
FN:31,40,memorized_datetime
FNDA:1,memorized_datetime
FN:45,56,memorized_ttinfo
FNDA:1,memorized_ttinfo
FN:61,63,_to_seconds
FNDA:0,_to_seconds
FN:72,73,BaseTzInfo.__str__
FNDA:0,BaseTzInfo.__str__
FN:82,86,StaticTzInfo.fromutc
FNDA:0,StaticTzInfo.fromutc
FN:88,94,StaticTzInfo.utcoffset
FNDA:0,StaticTzInfo.utcoffset
FN:96,102,StaticTzInfo.dst
FNDA:0,StaticTzInfo.dst
FN:104,110,StaticTzInfo.tzname
FNDA:0,StaticTzInfo.tzname
FN:112,116,StaticTzInfo.localize
FNDA:0,StaticTzInfo.localize
FN:118,145,StaticTzInfo.normalize
FNDA:0,StaticTzInfo.normalize
FN:147,148,StaticTzInfo.__repr__
FNDA:0,StaticTzInfo.__repr__
FN:150,153,StaticTzInfo.__reduce__
FNDA:0,StaticTzInfo.__reduce__
FN:179,191,DstTzInfo.__init__
FNDA:1,DstTzInfo.__init__
FN:193,201,DstTzInfo.fromutc
FNDA:0,DstTzInfo.fromutc
FN:203,256,DstTzInfo.normalize
FNDA:0,DstTzInfo.normalize
FN:258,394,DstTzInfo.localize
FNDA:0,DstTzInfo.localize
FN:396,425,DstTzInfo.utcoffset
FNDA:0,DstTzInfo.utcoffset
FN:427,464,DstTzInfo.dst
FNDA:0,DstTzInfo.dst
FN:466,502,DstTzInfo.tzname
FNDA:0,DstTzInfo.tzname
FN:504,516,DstTzInfo.__repr__
FNDA:0,DstTzInfo.__repr__
FN:518,526,DstTzInfo.__reduce__
FNDA:0,DstTzInfo.__reduce__
FN:529,577,unpickler
FNDA:0,unpickler
FNF:23
FNH:4
end_of_record
SF:conftest.py
DA:1,1
DA:2,1
DA:3,1
DA:4,1
DA:5,1
DA:6,1
DA:8,1
DA:9,1
DA:11,1
DA:12,1
DA:13,1
DA:22,1
DA:23,1
DA:24,1
DA:25,1
DA:26,1
DA:27,1
DA:28,1
DA:30,1
DA:32,1
DA:33,1
DA:34,1
DA:36,1
DA:37,1
DA:38,1
DA:40,1
DA:41,1
DA:42,1
DA:44,1
DA:45,1
DA:50,1
DA:51,1
DA:52,1
LF:33
LH:33
FN:12,30,app
FNDA:1,app
FN:33,34,client
FNDA:1,client
FN:37,38,runner
FNDA:1,runner
FN:41,42,AuthAction.__init__
FNDA:1,AuthAction.__init__
FN:44,48,AuthAction.login
FNDA:1,AuthAction.login
FN:51,52,auth
FNDA:1,auth
FNF:6
FNH:6
end_of_record
SF:test_auth.py
DA:1,1
DA:2,1
DA:4,1
DA:11,1
DA:12,1
DA:13,1
DA:14,1
DA:15,1
DA:17,1
DA:18,1
DA:19,1
DA:20,1
DA:22,1
DA:26,1
DA:27,1
DA:28,1
DA:29,1
DA:30,1
LF:18
LH:18
FN:4,15,test_reister
FNDA:1,test_reister
FN:17,20,test_login
FNDA:1,test_login
FN:26,30,test_login_validate_input
FNDA:1,test_login_validate_input
FNF:3
FNH:3
end_of_record
SF:test_db.py
DA:1,1
DA:2,1
DA:3,1
DA:5,1
DA:7,1
DA:8,1
DA:9,1
DA:13,1
DA:14,1
DA:15,1
DA:16,1
DA:17,1
DA:18,1
DA:19,1
DA:22,1
DA:24,1
DA:25,1
DA:26,1
DA:28,1
DA:29,1
DA:31,1
DA:32,1
DA:33,1
DA:34,1
LF:24
LH:24
FN:5,22,test_get_db_closed
FNDA:1,test_get_db_closed
FN:24,34,test_init_db_command
FNDA:1,test_init_db_command
FN:28,29,test_init_db_command.fake_init_db
FNDA:1,test_init_db_command.fake_init_db
FNF:3
FNH:3
end_of_record
SF:test_factory.py
DA:1,1
DA:4,1
DA:5,1
DA:6,1
DA:9,1
DA:10,1
DA:11,1
LF:7
LH:7
FN:4,6,test_config
FNDA:1,test_config
FN:9,11,test_hello
FNDA:1,test_hello
FNF:2
FNH:2
end_of_record
SF:test_home.py
DA:1,1
DA:2,1
DA:4,1
DA:5,1
DA:8,1
DA:9,1
DA:12,1
DA:13,1
DA:15,1
DA:17,1
DA:19,1
DA:20,1
DA:21,1
DA:22,1
DA:23,1
DA:25,1
DA:30,1
DA:31,1
DA:32,1
LF:19
LH:19
FN:4,23,test_index
FNDA:1,test_index
FN:30,32,test_login_required
FNDA:1,test_login_required
FNF:2
FNH:2
end_of_record
