{"meta": {"format": 3, "version": "7.6.8", "timestamp": "2024-11-24T20:57:55.629423", "branch_coverage": false, "show_contexts": false}, "files": {"/home/yokeshwaran/Desktop/flask/config.py": {"executed_lines": [1, 3, 4, 5, 6, 7, 8], "summary": {"covered_lines": 7, "num_statements": 7, "percent_covered": 100.0, "percent_covered_display": "100", "missing_lines": 0, "excluded_lines": 0}, "missing_lines": [], "excluded_lines": [], "functions": {"": {"executed_lines": [1, 3, 4, 5, 6, 7, 8], "summary": {"covered_lines": 7, "num_statements": 7, "percent_covered": 100.0, "percent_covered_display": "100", "missing_lines": 0, "excluded_lines": 0}, "missing_lines": [], "excluded_lines": []}}, "classes": {"Config": {"executed_lines": [], "summary": {"covered_lines": 0, "num_statements": 0, "percent_covered": 100.0, "percent_covered_display": "100", "missing_lines": 0, "excluded_lines": 0}, "missing_lines": [], "excluded_lines": []}, "": {"executed_lines": [1, 3, 4, 5, 6, 7, 8], "summary": {"covered_lines": 7, "num_statements": 7, "percent_covered": 100.0, "percent_covered_display": "100", "missing_lines": 0, "excluded_lines": 0}, "missing_lines": [], "excluded_lines": []}}}, "/home/yokeshwaran/Desktop/flask/flaskr/Class/Session.py": {"executed_lines": [1, 3, 5, 6, 7, 9, 10, 11, 12, 13, 15, 16, 21], "summary": {"covered_lines": 13, "num_statements": 17, "percent_covered": 76.47058823529412, "percent_covered_display": "76", "missing_lines": 4, "excluded_lines": 0}, "missing_lines": [17, 18, 19, 22], "excluded_lines": [], "functions": {"SessionManager.set_session": {"executed_lines": [7], "summary": {"covered_lines": 1, "num_statements": 1, "percent_covered": 100.0, "percent_covered_display": "100", "missing_lines": 0, "excluded_lines": 0}, "missing_lines": [], "excluded_lines": []}, "SessionManager.get_session": {"executed_lines": [11, 12, 13], "summary": {"covered_lines": 3, "num_statements": 3, "percent_covered": 100.0, "percent_covered_display": "100", "missing_lines": 0, "excluded_lines": 0}, "missing_lines": [], "excluded_lines": []}, "SessionManager.delete_session": {"executed_lines": [], "summary": {"covered_lines": 0, "num_statements": 3, "percent_covered": 0.0, "percent_covered_display": "0", "missing_lines": 3, "excluded_lines": 0}, "missing_lines": [17, 18, 19], "excluded_lines": []}, "SessionManager.clear_session": {"executed_lines": [], "summary": {"covered_lines": 0, "num_statements": 1, "percent_covered": 0.0, "percent_covered_display": "0", "missing_lines": 1, "excluded_lines": 0}, "missing_lines": [22], "excluded_lines": []}, "": {"executed_lines": [1, 3, 5, 6, 9, 10, 15, 16, 21], "summary": {"covered_lines": 9, "num_statements": 9, "percent_covered": 100.0, "percent_covered_display": "100", "missing_lines": 0, "excluded_lines": 0}, "missing_lines": [], "excluded_lines": []}}, "classes": {"SessionManager": {"executed_lines": [7, 11, 12, 13], "summary": {"covered_lines": 4, "num_statements": 8, "percent_covered": 50.0, "percent_covered_display": "50", "missing_lines": 4, "excluded_lines": 0}, "missing_lines": [17, 18, 19, 22], "excluded_lines": []}, "": {"executed_lines": [1, 3, 5, 6, 9, 10, 15, 16, 21], "summary": {"covered_lines": 9, "num_statements": 9, "percent_covered": 100.0, "percent_covered_display": "100", "missing_lines": 0, "excluded_lines": 0}, "missing_lines": [], "excluded_lines": []}}}, "/home/yokeshwaran/Desktop/flask/flaskr/Class/authentication.py": {"executed_lines": [1, 2, 3, 4, 6, 7, 8, 9, 13, 14, 15, 16, 17, 19, 20, 21, 22, 24, 27, 31, 33, 34], "summary": {"covered_lines": 22, "num_statements": 46, "percent_covered": 47.82608695652174, "percent_covered_display": "48", "missing_lines": 24, "excluded_lines": 0}, "missing_lines": [10, 11, 18, 25, 26, 28, 29, 35, 36, 37, 38, 39, 40, 41, 42, 44, 45, 46, 48, 49, 50, 51, 52, 53], "excluded_lines": [], "functions": {"Authentication.__init__": {"executed_lines": [8, 9], "summary": {"covered_lines": 2, "num_statements": 4, "percent_covered": 50.0, "percent_covered_display": "50", "missing_lines": 2, "excluded_lines": 0}, "missing_lines": [10, 11], "excluded_lines": []}, "Authentication.login": {"executed_lines": [15, 16, 17, 19, 20, 21, 22, 24, 27, 31], "summary": {"covered_lines": 10, "num_statements": 15, "percent_covered": 66.66666666666667, "percent_covered_display": "67", "missing_lines": 5, "excluded_lines": 0}, "missing_lines": [18, 25, 26, 28, 29], "excluded_lines": []}, "Authentication.register": {"executed_lines": [], "summary": {"covered_lines": 0, "num_statements": 17, "percent_covered": 0.0, "percent_covered_display": "0", "missing_lines": 17, "excluded_lines": 0}, "missing_lines": [35, 36, 37, 38, 39, 40, 41, 42, 44, 45, 46, 48, 49, 50, 51, 52, 53], "excluded_lines": []}, "": {"executed_lines": [1, 2, 3, 4, 6, 7, 13, 14, 33, 34], "summary": {"covered_lines": 10, "num_statements": 10, "percent_covered": 100.0, "percent_covered_display": "100", "missing_lines": 0, "excluded_lines": 0}, "missing_lines": [], "excluded_lines": []}}, "classes": {"Authentication": {"executed_lines": [8, 9, 15, 16, 17, 19, 20, 21, 22, 24, 27, 31], "summary": {"covered_lines": 12, "num_statements": 36, "percent_covered": 33.333333333333336, "percent_covered_display": "33", "missing_lines": 24, "excluded_lines": 0}, "missing_lines": [10, 11, 18, 25, 26, 28, 29, 35, 36, 37, 38, 39, 40, 41, 42, 44, 45, 46, 48, 49, 50, 51, 52, 53], "excluded_lines": []}, "": {"executed_lines": [1, 2, 3, 4, 6, 7, 13, 14, 33, 34], "summary": {"covered_lines": 10, "num_statements": 10, "percent_covered": 100.0, "percent_covered_display": "100", "missing_lines": 0, "excluded_lines": 0}, "missing_lines": [], "excluded_lines": []}}}, "/home/yokeshwaran/Desktop/flask/flaskr/Class/beforequest.py": {"executed_lines": [1, 3], "summary": {"covered_lines": 2, "num_statements": 8, "percent_covered": 25.0, "percent_covered_display": "25", "missing_lines": 6, "excluded_lines": 0}, "missing_lines": [4, 5, 6, 7, 8, 9], "excluded_lines": [], "functions": {"gset": {"executed_lines": [], "summary": {"covered_lines": 0, "num_statements": 6, "percent_covered": 0.0, "percent_covered_display": "0", "missing_lines": 6, "excluded_lines": 0}, "missing_lines": [4, 5, 6, 7, 8, 9], "excluded_lines": []}, "": {"executed_lines": [1, 3], "summary": {"covered_lines": 2, "num_statements": 2, "percent_covered": 100.0, "percent_covered_display": "100", "missing_lines": 0, "excluded_lines": 0}, "missing_lines": [], "excluded_lines": []}}, "classes": {"": {"executed_lines": [1, 3], "summary": {"covered_lines": 2, "num_statements": 8, "percent_covered": 25.0, "percent_covered_display": "25", "missing_lines": 6, "excluded_lines": 0}, "missing_lines": [4, 5, 6, 7, 8, 9], "excluded_lines": []}}}, "/home/yokeshwaran/Desktop/flask/flaskr/Class/getConnection.py": {"executed_lines": [1, 2, 3, 4, 5, 7, 8, 9, 10, 11, 12, 20, 26, 28, 29, 30, 31, 32, 34, 35, 43, 44, 45, 46, 47, 49, 50, 51, 52], "summary": {"covered_lines": 29, "num_statements": 39, "percent_covered": 74.35897435897436, "percent_covered_display": "74", "missing_lines": 10, "excluded_lines": 0}, "missing_lines": [21, 22, 23, 24, 36, 37, 38, 39, 40, 41], "excluded_lines": [], "functions": {"Database.getConnection": {"executed_lines": [10, 11, 12, 20, 26], "summary": {"covered_lines": 5, "num_statements": 9, "percent_covered": 55.55555555555556, "percent_covered_display": "56", "missing_lines": 4, "excluded_lines": 0}, "missing_lines": [21, 22, 23, 24], "excluded_lines": []}, "Database.close_db": {"executed_lines": [30, 31, 32], "summary": {"covered_lines": 3, "num_statements": 3, "percent_covered": 100.0, "percent_covered_display": "100", "missing_lines": 0, "excluded_lines": 0}, "missing_lines": [], "excluded_lines": []}, "Database.init_db": {"executed_lines": [], "summary": {"covered_lines": 0, "num_statements": 6, "percent_covered": 0.0, "percent_covered_display": "0", "missing_lines": 6, "excluded_lines": 0}, "missing_lines": [36, 37, 38, 39, 40, 41], "excluded_lines": []}, "Database.init_command": {"executed_lines": [46, 47], "summary": {"covered_lines": 2, "num_statements": 2, "percent_covered": 100.0, "percent_covered_display": "100", "missing_lines": 0, "excluded_lines": 0}, "missing_lines": [], "excluded_lines": []}, "Database.init_app": {"executed_lines": [51, 52], "summary": {"covered_lines": 2, "num_statements": 2, "percent_covered": 100.0, "percent_covered_display": "100", "missing_lines": 0, "excluded_lines": 0}, "missing_lines": [], "excluded_lines": []}, "": {"executed_lines": [1, 2, 3, 4, 5, 7, 8, 9, 28, 29, 34, 35, 43, 44, 45, 49, 50], "summary": {"covered_lines": 17, "num_statements": 17, "percent_covered": 100.0, "percent_covered_display": "100", "missing_lines": 0, "excluded_lines": 0}, "missing_lines": [], "excluded_lines": []}}, "classes": {"Database": {"executed_lines": [10, 11, 12, 20, 26, 30, 31, 32, 46, 47, 51, 52], "summary": {"covered_lines": 12, "num_statements": 22, "percent_covered": 54.54545454545455, "percent_covered_display": "55", "missing_lines": 10, "excluded_lines": 0}, "missing_lines": [21, 22, 23, 24, 36, 37, 38, 39, 40, 41], "excluded_lines": []}, "": {"executed_lines": [1, 2, 3, 4, 5, 7, 8, 9, 28, 29, 34, 35, 43, 44, 45, 49, 50], "summary": {"covered_lines": 17, "num_statements": 17, "percent_covered": 100.0, "percent_covered_display": "100", "missing_lines": 0, "excluded_lines": 0}, "missing_lines": [], "excluded_lines": []}}}, "/home/yokeshwaran/Desktop/flask/flaskr/Class/userdata.py": {"executed_lines": [1, 2, 3, 4, 5, 7, 8, 9, 10, 11, 12, 15, 16, 17, 18, 19, 20, 23, 24, 25, 26, 27, 28, 30, 31, 39, 41, 48, 60, 76, 85], "summary": {"covered_lines": 31, "num_statements": 86, "percent_covered": 36.04651162790697, "percent_covered_display": "36", "missing_lines": 55, "excluded_lines": 0}, "missing_lines": [13, 14, 21, 29, 32, 33, 34, 35, 37, 38, 42, 43, 44, 45, 46, 49, 50, 51, 52, 54, 55, 56, 57, 58, 61, 62, 63, 64, 65, 66, 67, 68, 69, 70, 71, 73, 77, 78, 79, 80, 81, 82, 83, 86, 87, 88, 89, 90, 91, 92, 93, 94, 95, 97, 98], "excluded_lines": [], "functions": {"userdata.__init__": {"executed_lines": [9, 10, 11, 12, 15, 16, 17, 18, 19, 20], "summary": {"covered_lines": 10, "num_statements": 13, "percent_covered": 76.92307692307692, "percent_covered_display": "77", "missing_lines": 3, "excluded_lines": 0}, "missing_lines": [13, 14, 21], "excluded_lines": []}, "userdata.get_post": {"executed_lines": [24, 25, 26, 27, 28, 30, 31, 39], "summary": {"covered_lines": 8, "num_statements": 15, "percent_covered": 53.333333333333336, "percent_covered_display": "53", "missing_lines": 7, "excluded_lines": 0}, "missing_lines": [29, 32, 33, 34, 35, 37, 38], "excluded_lines": []}, "userdata.set_post": {"executed_lines": [], "summary": {"covered_lines": 0, "num_statements": 5, "percent_covered": 0.0, "percent_covered_display": "0", "missing_lines": 5, "excluded_lines": 0}, "missing_lines": [42, 43, 44, 45, 46], "excluded_lines": []}, "userdata.update_post": {"executed_lines": [], "summary": {"covered_lines": 0, "num_statements": 9, "percent_covered": 0.0, "percent_covered_display": "0", "missing_lines": 9, "excluded_lines": 0}, "missing_lines": [49, 50, 51, 52, 54, 55, 56, 57, 58], "excluded_lines": []}, "userdata.Deletepost": {"executed_lines": [], "summary": {"covered_lines": 0, "num_statements": 12, "percent_covered": 0.0, "percent_covered_display": "0", "missing_lines": 12, "excluded_lines": 0}, "missing_lines": [61, 62, 63, 64, 65, 66, 67, 68, 69, 70, 71, 73], "excluded_lines": []}, "userdata.Like": {"executed_lines": [], "summary": {"covered_lines": 0, "num_statements": 7, "percent_covered": 0.0, "percent_covered_display": "0", "missing_lines": 7, "excluded_lines": 0}, "missing_lines": [77, 78, 79, 80, 81, 82, 83], "excluded_lines": []}, "userdata.Get_post_by_id": {"executed_lines": [], "summary": {"covered_lines": 0, "num_statements": 12, "percent_covered": 0.0, "percent_covered_display": "0", "missing_lines": 12, "excluded_lines": 0}, "missing_lines": [86, 87, 88, 89, 90, 91, 92, 93, 94, 95, 97, 98], "excluded_lines": []}, "": {"executed_lines": [1, 2, 3, 4, 5, 7, 8, 23, 41, 48, 60, 76, 85], "summary": {"covered_lines": 13, "num_statements": 13, "percent_covered": 100.0, "percent_covered_display": "100", "missing_lines": 0, "excluded_lines": 0}, "missing_lines": [], "excluded_lines": []}}, "classes": {"userdata": {"executed_lines": [9, 10, 11, 12, 15, 16, 17, 18, 19, 20, 24, 25, 26, 27, 28, 30, 31, 39], "summary": {"covered_lines": 18, "num_statements": 73, "percent_covered": 24.65753424657534, "percent_covered_display": "25", "missing_lines": 55, "excluded_lines": 0}, "missing_lines": [13, 14, 21, 29, 32, 33, 34, 35, 37, 38, 42, 43, 44, 45, 46, 49, 50, 51, 52, 54, 55, 56, 57, 58, 61, 62, 63, 64, 65, 66, 67, 68, 69, 70, 71, 73, 77, 78, 79, 80, 81, 82, 83, 86, 87, 88, 89, 90, 91, 92, 93, 94, 95, 97, 98], "excluded_lines": []}, "": {"executed_lines": [1, 2, 3, 4, 5, 7, 8, 23, 41, 48, 60, 76, 85], "summary": {"covered_lines": 13, "num_statements": 13, "percent_covered": 100.0, "percent_covered_display": "100", "missing_lines": 0, "excluded_lines": 0}, "missing_lines": [], "excluded_lines": []}}}, "/home/yokeshwaran/Desktop/flask/flaskr/Class/usersession.py": {"executed_lines": [1, 2, 3, 4, 5, 6, 7, 8, 9, 11, 13, 14, 15, 17, 19, 20, 21, 22, 23, 24, 25, 26, 27, 28, 29, 32, 33, 34, 35, 37, 38, 43, 44, 54, 55, 56, 59, 60, 61, 62, 63, 65, 66, 68, 70, 71, 73, 74], "summary": {"covered_lines": 48, "num_statements": 61, "percent_covered": 78.68852459016394, "percent_covered_display": "79", "missing_lines": 13, "excluded_lines": 0}, "missing_lines": [16, 36, 40, 45, 46, 47, 48, 49, 50, 51, 57, 58, 67], "excluded_lines": [], "functions": {"sessionAuth.authentication": {"executed_lines": [15, 17, 19, 20, 21, 22, 23, 24, 25, 26, 27, 28, 29], "summary": {"covered_lines": 13, "num_statements": 14, "percent_covered": 92.85714285714286, "percent_covered_display": "93", "missing_lines": 1, "excluded_lines": 0}, "missing_lines": [16], "excluded_lines": []}, "sessionAuth.Authorise": {"executed_lines": [34, 35, 37, 38], "summary": {"covered_lines": 4, "num_statements": 6, "percent_covered": 66.66666666666667, "percent_covered_display": "67", "missing_lines": 2, "excluded_lines": 0}, "missing_lines": [36, 40], "excluded_lines": []}, "sessionAuth.logout": {"executed_lines": [], "summary": {"covered_lines": 0, "num_statements": 7, "percent_covered": 0.0, "percent_covered_display": "0", "missing_lines": 7, "excluded_lines": 0}, "missing_lines": [45, 46, 47, 48, 49, 50, 51], "excluded_lines": []}, "sessionAuth.__init__": {"executed_lines": [55, 56, 59, 60, 61, 62, 63], "summary": {"covered_lines": 7, "num_statements": 9, "percent_covered": 77.77777777777777, "percent_covered_display": "78", "missing_lines": 2, "excluded_lines": 0}, "missing_lines": [57, 58], "excluded_lines": []}, "sessionAuth.isvalid": {"executed_lines": [66, 68], "summary": {"covered_lines": 2, "num_statements": 3, "percent_covered": 66.66666666666667, "percent_covered_display": "67", "missing_lines": 1, "excluded_lines": 0}, "missing_lines": [67], "excluded_lines": []}, "sessionAuth.get_ip": {"executed_lines": [71], "summary": {"covered_lines": 1, "num_statements": 1, "percent_covered": 100.0, "percent_covered_display": "100", "missing_lines": 0, "excluded_lines": 0}, "missing_lines": [], "excluded_lines": []}, "sessionAuth.get_user_agent": {"executed_lines": [74], "summary": {"covered_lines": 1, "num_statements": 1, "percent_covered": 100.0, "percent_covered_display": "100", "missing_lines": 0, "excluded_lines": 0}, "missing_lines": [], "excluded_lines": []}, "": {"executed_lines": [1, 2, 3, 4, 5, 6, 7, 8, 9, 11, 13, 14, 32, 33, 43, 44, 54, 65, 70, 73], "summary": {"covered_lines": 20, "num_statements": 20, "percent_covered": 100.0, "percent_covered_display": "100", "missing_lines": 0, "excluded_lines": 0}, "missing_lines": [], "excluded_lines": []}}, "classes": {"sessionAuth": {"executed_lines": [15, 17, 19, 20, 21, 22, 23, 24, 25, 26, 27, 28, 29, 34, 35, 37, 38, 55, 56, 59, 60, 61, 62, 63, 66, 68, 71, 74], "summary": {"covered_lines": 28, "num_statements": 41, "percent_covered": 68.29268292682927, "percent_covered_display": "68", "missing_lines": 13, "excluded_lines": 0}, "missing_lines": [16, 36, 40, 45, 46, 47, 48, 49, 50, 51, 57, 58, 67], "excluded_lines": []}, "": {"executed_lines": [1, 2, 3, 4, 5, 6, 7, 8, 9, 11, 13, 14, 32, 33, 43, 44, 54, 65, 70, 73], "summary": {"covered_lines": 20, "num_statements": 20, "percent_covered": 100.0, "percent_covered_display": "100", "missing_lines": 0, "excluded_lines": 0}, "missing_lines": [], "excluded_lines": []}}}, "/home/yokeshwaran/Desktop/flask/flaskr/Email_smtp/auth_mail.py": {"executed_lines": [1, 2, 3, 4, 5, 7, 9, 10], "summary": {"covered_lines": 8, "num_statements": 17, "percent_covered": 47.05882352941177, "percent_covered_display": "47", "missing_lines": 9, "excluded_lines": 0}, "missing_lines": [11, 12, 13, 14, 17, 20, 21, 22, 23], "excluded_lines": [], "functions": {"mail.mail": {"executed_lines": [], "summary": {"covered_lines": 0, "num_statements": 9, "percent_covered": 0.0, "percent_covered_display": "0", "missing_lines": 9, "excluded_lines": 0}, "missing_lines": [11, 12, 13, 14, 17, 20, 21, 22, 23], "excluded_lines": []}, "": {"executed_lines": [1, 2, 3, 4, 5, 7, 9, 10], "summary": {"covered_lines": 8, "num_statements": 8, "percent_covered": 100.0, "percent_covered_display": "100", "missing_lines": 0, "excluded_lines": 0}, "missing_lines": [], "excluded_lines": []}}, "classes": {"mail": {"executed_lines": [], "summary": {"covered_lines": 0, "num_statements": 9, "percent_covered": 0.0, "percent_covered_display": "0", "missing_lines": 9, "excluded_lines": 0}, "missing_lines": [11, 12, 13, 14, 17, 20, 21, 22, 23], "excluded_lines": []}, "": {"executed_lines": [1, 2, 3, 4, 5, 7, 9, 10], "summary": {"covered_lines": 8, "num_statements": 8, "percent_covered": 100.0, "percent_covered_display": "100", "missing_lines": 0, "excluded_lines": 0}, "missing_lines": [], "excluded_lines": []}}}, "/home/yokeshwaran/Desktop/flask/flaskr/Flaskrlogging.py": {"executed_lines": [1, 2, 3, 5, 6, 7, 8, 11, 15, 18, 19, 22, 23, 24, 27, 28, 29, 31, 32, 34, 35, 36, 38, 40, 41, 42, 44, 47, 48, 49, 52, 53, 54, 57], "summary": {"covered_lines": 34, "num_statements": 35, "percent_covered": 97.14285714285714, "percent_covered_display": "97", "missing_lines": 1, "excluded_lines": 0}, "missing_lines": [12], "excluded_lines": [], "functions": {"LoggerConfig.__init__": {"executed_lines": [7, 8, 11, 15, 18, 19, 22, 23, 24, 27, 28, 31, 34, 35, 38, 40, 41, 42, 44, 47, 48, 49, 52, 53, 54, 57], "summary": {"covered_lines": 26, "num_statements": 27, "percent_covered": 96.29629629629629, "percent_covered_display": "96", "missing_lines": 1, "excluded_lines": 0}, "missing_lines": [12], "excluded_lines": []}, "LoggerConfig.__init__.MaxLevelFilter.__init__": {"executed_lines": [29], "summary": {"covered_lines": 1, "num_statements": 1, "percent_covered": 100.0, "percent_covered_display": "100", "missing_lines": 0, "excluded_lines": 0}, "missing_lines": [], "excluded_lines": []}, "LoggerConfig.__init__.MaxLevelFilter.filter": {"executed_lines": [32], "summary": {"covered_lines": 1, "num_statements": 1, "percent_covered": 100.0, "percent_covered_display": "100", "missing_lines": 0, "excluded_lines": 0}, "missing_lines": [], "excluded_lines": []}, "LoggerConfig.__init__.warning_filter.filter": {"executed_lines": [36], "summary": {"covered_lines": 1, "num_statements": 1, "percent_covered": 100.0, "percent_covered_display": "100", "missing_lines": 0, "excluded_lines": 0}, "missing_lines": [], "excluded_lines": []}, "": {"executed_lines": [1, 2, 3, 5, 6], "summary": {"covered_lines": 5, "num_statements": 5, "percent_covered": 100.0, "percent_covered_display": "100", "missing_lines": 0, "excluded_lines": 0}, "missing_lines": [], "excluded_lines": []}}, "classes": {"LoggerConfig": {"executed_lines": [7, 8, 11, 15, 18, 19, 22, 23, 24, 27, 28, 31, 34, 35, 38, 40, 41, 42, 44, 47, 48, 49, 52, 53, 54, 57], "summary": {"covered_lines": 26, "num_statements": 27, "percent_covered": 96.29629629629629, "percent_covered_display": "96", "missing_lines": 1, "excluded_lines": 0}, "missing_lines": [12], "excluded_lines": []}, "LoggerConfig.__init__.MaxLevelFilter": {"executed_lines": [29, 32], "summary": {"covered_lines": 2, "num_statements": 2, "percent_covered": 100.0, "percent_covered_display": "100", "missing_lines": 0, "excluded_lines": 0}, "missing_lines": [], "excluded_lines": []}, "LoggerConfig.__init__.warning_filter": {"executed_lines": [36], "summary": {"covered_lines": 1, "num_statements": 1, "percent_covered": 100.0, "percent_covered_display": "100", "missing_lines": 0, "excluded_lines": 0}, "missing_lines": [], "excluded_lines": []}, "": {"executed_lines": [1, 2, 3, 5, 6], "summary": {"covered_lines": 5, "num_statements": 5, "percent_covered": 100.0, "percent_covered_display": "100", "missing_lines": 0, "excluded_lines": 0}, "missing_lines": [], "excluded_lines": []}}}, "/home/yokeshwaran/Desktop/flask/flaskr/__init__.py": {"executed_lines": [2, 3, 4, 5, 6, 7, 8, 10, 11, 12, 13, 16, 17, 18, 19, 20, 21, 23, 26, 27, 37, 41, 44, 47, 48, 49, 51, 52, 53, 55, 56, 59], "summary": {"covered_lines": 32, "num_statements": 35, "percent_covered": 91.42857142857143, "percent_covered_display": "91", "missing_lines": 3, "excluded_lines": 0}, "missing_lines": [28, 57, 58], "excluded_lines": [], "functions": {"create_app": {"executed_lines": [11, 12, 13, 16, 17, 18, 19, 20, 21, 23, 26, 27, 37, 41, 44, 47, 48, 49, 51, 52, 53, 55, 56, 59], "summary": {"covered_lines": 24, "num_statements": 25, "percent_covered": 96.0, "percent_covered_display": "96", "missing_lines": 1, "excluded_lines": 0}, "missing_lines": [28], "excluded_lines": []}, "create_app.handle_error": {"executed_lines": [], "summary": {"covered_lines": 0, "num_statements": 2, "percent_covered": 0.0, "percent_covered_display": "0", "missing_lines": 2, "excluded_lines": 0}, "missing_lines": [57, 58], "excluded_lines": []}, "": {"executed_lines": [2, 3, 4, 5, 6, 7, 8, 10], "summary": {"covered_lines": 8, "num_statements": 8, "percent_covered": 100.0, "percent_covered_display": "100", "missing_lines": 0, "excluded_lines": 0}, "missing_lines": [], "excluded_lines": []}}, "classes": {"": {"executed_lines": [2, 3, 4, 5, 6, 7, 8, 10, 11, 12, 13, 16, 17, 18, 19, 20, 21, 23, 26, 27, 37, 41, 44, 47, 48, 49, 51, 52, 53, 55, 56, 59], "summary": {"covered_lines": 32, "num_statements": 35, "percent_covered": 91.42857142857143, "percent_covered_display": "91", "missing_lines": 3, "excluded_lines": 0}, "missing_lines": [28, 57, 58], "excluded_lines": []}}}, "/home/yokeshwaran/Desktop/flask/flaskr/auth/__init__.py": {"executed_lines": [2, 4, 6], "summary": {"covered_lines": 3, "num_statements": 3, "percent_covered": 100.0, "percent_covered_display": "100", "missing_lines": 0, "excluded_lines": 0}, "missing_lines": [], "excluded_lines": [], "functions": {"": {"executed_lines": [2, 4, 6], "summary": {"covered_lines": 3, "num_statements": 3, "percent_covered": 100.0, "percent_covered_display": "100", "missing_lines": 0, "excluded_lines": 0}, "missing_lines": [], "excluded_lines": []}}, "classes": {"": {"executed_lines": [2, 4, 6], "summary": {"covered_lines": 3, "num_statements": 3, "percent_covered": 100.0, "percent_covered_display": "100", "missing_lines": 0, "excluded_lines": 0}, "missing_lines": [], "excluded_lines": []}}}, "/home/yokeshwaran/Desktop/flask/flaskr/auth/routes.py": {"executed_lines": [2, 3, 4, 5, 6, 7, 8, 9, 10, 13, 14, 21, 23, 24, 25, 26, 29, 30, 52, 54, 55, 56, 59, 61, 62, 85, 86, 87, 88, 90, 91, 95, 96, 97, 98, 99, 100, 101, 103, 104], "summary": {"covered_lines": 40, "num_statements": 64, "percent_covered": 62.5, "percent_covered_display": "62", "missing_lines": 24, "excluded_lines": 0}, "missing_lines": [31, 34, 35, 37, 39, 41, 43, 47, 49, 50, 63, 64, 65, 66, 67, 75, 76, 77, 78, 79, 81, 92, 93, 102], "excluded_lines": [], "functions": {"signin": {"executed_lines": [21, 23, 24, 25, 26, 29, 30, 52, 54, 55, 56, 59], "summary": {"covered_lines": 12, "num_statements": 22, "percent_covered": 54.54545454545455, "percent_covered_display": "55", "missing_lines": 10, "excluded_lines": 0}, "missing_lines": [31, 34, 35, 37, 39, 41, 43, 47, 49, 50], "excluded_lines": []}, "register": {"executed_lines": [], "summary": {"covered_lines": 0, "num_statements": 11, "percent_covered": 0.0, "percent_covered_display": "0", "missing_lines": 11, "excluded_lines": 0}, "missing_lines": [63, 64, 65, 66, 67, 75, 76, 77, 78, 79, 81], "excluded_lines": []}, "render_sign_in": {"executed_lines": [87, 88], "summary": {"covered_lines": 2, "num_statements": 2, "percent_covered": 100.0, "percent_covered_display": "100", "missing_lines": 0, "excluded_lines": 0}, "missing_lines": [], "excluded_lines": []}, "render_register": {"executed_lines": [], "summary": {"covered_lines": 0, "num_statements": 2, "percent_covered": 0.0, "percent_covered_display": "0", "missing_lines": 2, "excluded_lines": 0}, "missing_lines": [92, 93], "excluded_lines": []}, "login_required": {"executed_lines": [97, 104], "summary": {"covered_lines": 2, "num_statements": 2, "percent_covered": 100.0, "percent_covered_display": "100", "missing_lines": 0, "excluded_lines": 0}, "missing_lines": [], "excluded_lines": []}, "login_required.wrapper": {"executed_lines": [98, 99, 100, 101, 103], "summary": {"covered_lines": 5, "num_statements": 6, "percent_covered": 83.33333333333333, "percent_covered_display": "83", "missing_lines": 1, "excluded_lines": 0}, "missing_lines": [102], "excluded_lines": []}, "": {"executed_lines": [2, 3, 4, 5, 6, 7, 8, 9, 10, 13, 14, 61, 62, 85, 86, 90, 91, 95, 96], "summary": {"covered_lines": 19, "num_statements": 19, "percent_covered": 100.0, "percent_covered_display": "100", "missing_lines": 0, "excluded_lines": 0}, "missing_lines": [], "excluded_lines": []}}, "classes": {"": {"executed_lines": [2, 3, 4, 5, 6, 7, 8, 9, 10, 13, 14, 21, 23, 24, 25, 26, 29, 30, 52, 54, 55, 56, 59, 61, 62, 85, 86, 87, 88, 90, 91, 95, 96, 97, 98, 99, 100, 101, 103, 104], "summary": {"covered_lines": 40, "num_statements": 64, "percent_covered": 62.5, "percent_covered_display": "62", "missing_lines": 24, "excluded_lines": 0}, "missing_lines": [31, 34, 35, 37, 39, 41, 43, 47, 49, 50, 63, 64, 65, 66, 67, 75, 76, 77, 78, 79, 81, 92, 93, 102], "excluded_lines": []}}}, "/home/yokeshwaran/Desktop/flask/flaskr/error/writeerror.py": {"executed_lines": [1, 2, 4], "summary": {"covered_lines": 3, "num_statements": 14, "percent_covered": 21.428571428571427, "percent_covered_display": "21", "missing_lines": 11, "excluded_lines": 0}, "missing_lines": [6, 7, 8, 11, 14, 15, 17, 19, 20, 21, 22], "excluded_lines": [], "functions": {"write_error_to_file": {"executed_lines": [], "summary": {"covered_lines": 0, "num_statements": 11, "percent_covered": 0.0, "percent_covered_display": "0", "missing_lines": 11, "excluded_lines": 0}, "missing_lines": [6, 7, 8, 11, 14, 15, 17, 19, 20, 21, 22], "excluded_lines": []}, "": {"executed_lines": [1, 2, 4], "summary": {"covered_lines": 3, "num_statements": 3, "percent_covered": 100.0, "percent_covered_display": "100", "missing_lines": 0, "excluded_lines": 0}, "missing_lines": [], "excluded_lines": []}}, "classes": {"": {"executed_lines": [1, 2, 4], "summary": {"covered_lines": 3, "num_statements": 14, "percent_covered": 21.428571428571427, "percent_covered_display": "21", "missing_lines": 11, "excluded_lines": 0}, "missing_lines": [6, 7, 8, 11, 14, 15, 17, 19, 20, 21, 22], "excluded_lines": []}}}, "/home/yokeshwaran/Desktop/flask/flaskr/error_Handling/__init__.py": {"executed_lines": [1, 3, 5], "summary": {"covered_lines": 3, "num_statements": 3, "percent_covered": 100.0, "percent_covered_display": "100", "missing_lines": 0, "excluded_lines": 0}, "missing_lines": [], "excluded_lines": [], "functions": {"": {"executed_lines": [1, 3, 5], "summary": {"covered_lines": 3, "num_statements": 3, "percent_covered": 100.0, "percent_covered_display": "100", "missing_lines": 0, "excluded_lines": 0}, "missing_lines": [], "excluded_lines": []}}, "classes": {"": {"executed_lines": [1, 3, 5], "summary": {"covered_lines": 3, "num_statements": 3, "percent_covered": 100.0, "percent_covered_display": "100", "missing_lines": 0, "excluded_lines": 0}, "missing_lines": [], "excluded_lines": []}}}, "/home/yokeshwaran/Desktop/flask/flaskr/error_Handling/routes.py": {"executed_lines": [1, 2, 3, 5, 6, 7, 9, 10], "summary": {"covered_lines": 8, "num_statements": 9, "percent_covered": 88.88888888888889, "percent_covered_display": "89", "missing_lines": 1, "excluded_lines": 0}, "missing_lines": [11], "excluded_lines": [], "functions": {"not_found_error": {"executed_lines": [7], "summary": {"covered_lines": 1, "num_statements": 1, "percent_covered": 100.0, "percent_covered_display": "100", "missing_lines": 0, "excluded_lines": 0}, "missing_lines": [], "excluded_lines": []}, "handle_csrf_error": {"executed_lines": [], "summary": {"covered_lines": 0, "num_statements": 1, "percent_covered": 0.0, "percent_covered_display": "0", "missing_lines": 1, "excluded_lines": 0}, "missing_lines": [11], "excluded_lines": []}, "": {"executed_lines": [1, 2, 3, 5, 6, 9, 10], "summary": {"covered_lines": 7, "num_statements": 7, "percent_covered": 100.0, "percent_covered_display": "100", "missing_lines": 0, "excluded_lines": 0}, "missing_lines": [], "excluded_lines": []}}, "classes": {"": {"executed_lines": [1, 2, 3, 5, 6, 7, 9, 10], "summary": {"covered_lines": 8, "num_statements": 9, "percent_covered": 88.88888888888889, "percent_covered_display": "89", "missing_lines": 1, "excluded_lines": 0}, "missing_lines": [11], "excluded_lines": []}}}, "/home/yokeshwaran/Desktop/flask/flaskr/main/__init__.py": {"executed_lines": [2, 4, 6], "summary": {"covered_lines": 3, "num_statements": 3, "percent_covered": 100.0, "percent_covered_display": "100", "missing_lines": 0, "excluded_lines": 0}, "missing_lines": [], "excluded_lines": [], "functions": {"": {"executed_lines": [2, 4, 6], "summary": {"covered_lines": 3, "num_statements": 3, "percent_covered": 100.0, "percent_covered_display": "100", "missing_lines": 0, "excluded_lines": 0}, "missing_lines": [], "excluded_lines": []}}, "classes": {"": {"executed_lines": [2, 4, 6], "summary": {"covered_lines": 3, "num_statements": 3, "percent_covered": 100.0, "percent_covered_display": "100", "missing_lines": 0, "excluded_lines": 0}, "missing_lines": [], "excluded_lines": []}}}, "/home/yokeshwaran/Desktop/flask/flaskr/main/routes.py": {"executed_lines": [2, 3, 4, 5, 6, 7, 8, 12, 13, 14, 15, 18, 19, 20, 21, 22, 23, 25, 26, 27, 43, 44, 45, 60, 61, 62, 72, 73, 74], "summary": {"covered_lines": 29, "num_statements": 65, "percent_covered": 44.61538461538461, "percent_covered_display": "45", "missing_lines": 36, "excluded_lines": 0}, "missing_lines": [28, 29, 30, 31, 32, 33, 34, 35, 36, 37, 38, 39, 40, 41, 46, 47, 48, 49, 50, 51, 52, 53, 54, 55, 56, 57, 58, 63, 64, 65, 66, 75, 76, 77, 78, 79], "excluded_lines": [], "functions": {"before_request": {"executed_lines": [14, 15], "summary": {"covered_lines": 2, "num_statements": 2, "percent_covered": 100.0, "percent_covered_display": "100", "missing_lines": 0, "excluded_lines": 0}, "missing_lines": [], "excluded_lines": []}, "index": {"executed_lines": [21, 22, 23], "summary": {"covered_lines": 3, "num_statements": 3, "percent_covered": 100.0, "percent_covered_display": "100", "missing_lines": 0, "excluded_lines": 0}, "missing_lines": [], "excluded_lines": []}, "create": {"executed_lines": [], "summary": {"covered_lines": 0, "num_statements": 14, "percent_covered": 0.0, "percent_covered_display": "0", "missing_lines": 14, "excluded_lines": 0}, "missing_lines": [28, 29, 30, 31, 32, 33, 34, 35, 36, 37, 38, 39, 40, 41], "excluded_lines": []}, "update": {"executed_lines": [], "summary": {"covered_lines": 0, "num_statements": 13, "percent_covered": 0.0, "percent_covered_display": "0", "missing_lines": 13, "excluded_lines": 0}, "missing_lines": [46, 47, 48, 49, 50, 51, 52, 53, 54, 55, 56, 57, 58], "excluded_lines": []}, "Deletepost": {"executed_lines": [], "summary": {"covered_lines": 0, "num_statements": 4, "percent_covered": 0.0, "percent_covered_display": "0", "missing_lines": 4, "excluded_lines": 0}, "missing_lines": [63, 64, 65, 66], "excluded_lines": []}, "like": {"executed_lines": [], "summary": {"covered_lines": 0, "num_statements": 5, "percent_covered": 0.0, "percent_covered_display": "0", "missing_lines": 5, "excluded_lines": 0}, "missing_lines": [75, 76, 77, 78, 79], "excluded_lines": []}, "": {"executed_lines": [2, 3, 4, 5, 6, 7, 8, 12, 13, 18, 19, 20, 25, 26, 27, 43, 44, 45, 60, 61, 62, 72, 73, 74], "summary": {"covered_lines": 24, "num_statements": 24, "percent_covered": 100.0, "percent_covered_display": "100", "missing_lines": 0, "excluded_lines": 0}, "missing_lines": [], "excluded_lines": []}}, "classes": {"": {"executed_lines": [2, 3, 4, 5, 6, 7, 8, 12, 13, 14, 15, 18, 19, 20, 21, 22, 23, 25, 26, 27, 43, 44, 45, 60, 61, 62, 72, 73, 74], "summary": {"covered_lines": 29, "num_statements": 65, "percent_covered": 44.61538461538461, "percent_covered_display": "45", "missing_lines": 36, "excluded_lines": 0}, "missing_lines": [28, 29, 30, 31, 32, 33, 34, 35, 36, 37, 38, 39, 40, 41, 46, 47, 48, 49, 50, 51, 52, 53, 54, 55, 56, 57, 58, 63, 64, 65, 66, 75, 76, 77, 78, 79], "excluded_lines": []}}}, "/home/yokeshwaran/Desktop/flask/flaskr/wtf_Class/wtf_Auth.py": {"executed_lines": [1, 2, 4, 5, 6, 7, 10, 11, 12, 13, 14], "summary": {"covered_lines": 11, "num_statements": 11, "percent_covered": 100.0, "percent_covered_display": "100", "missing_lines": 0, "excluded_lines": 0}, "missing_lines": [], "excluded_lines": [], "functions": {"": {"executed_lines": [1, 2, 4, 5, 6, 7, 10, 11, 12, 13, 14], "summary": {"covered_lines": 11, "num_statements": 11, "percent_covered": 100.0, "percent_covered_display": "100", "missing_lines": 0, "excluded_lines": 0}, "missing_lines": [], "excluded_lines": []}}, "classes": {"Loginform": {"executed_lines": [], "summary": {"covered_lines": 0, "num_statements": 0, "percent_covered": 100.0, "percent_covered_display": "100", "missing_lines": 0, "excluded_lines": 0}, "missing_lines": [], "excluded_lines": []}, "Registerform": {"executed_lines": [], "summary": {"covered_lines": 0, "num_statements": 0, "percent_covered": 100.0, "percent_covered_display": "100", "missing_lines": 0, "excluded_lines": 0}, "missing_lines": [], "excluded_lines": []}, "": {"executed_lines": [1, 2, 4, 5, 6, 7, 10, 11, 12, 13, 14], "summary": {"covered_lines": 11, "num_statements": 11, "percent_covered": 100.0, "percent_covered_display": "100", "missing_lines": 0, "excluded_lines": 0}, "missing_lines": [], "excluded_lines": []}}}, "/home/yokeshwaran/Desktop/flask/flaskr/wtf_Class/wtf_Main.py": {"executed_lines": [1, 2, 3, 5, 6, 7, 8, 10, 11, 12, 13], "summary": {"covered_lines": 11, "num_statements": 11, "percent_covered": 100.0, "percent_covered_display": "100", "missing_lines": 0, "excluded_lines": 0}, "missing_lines": [], "excluded_lines": [], "functions": {"": {"executed_lines": [1, 2, 3, 5, 6, 7, 8, 10, 11, 12, 13], "summary": {"covered_lines": 11, "num_statements": 11, "percent_covered": 100.0, "percent_covered_display": "100", "missing_lines": 0, "excluded_lines": 0}, "missing_lines": [], "excluded_lines": []}}, "classes": {"Createpost": {"executed_lines": [], "summary": {"covered_lines": 0, "num_statements": 0, "percent_covered": 100.0, "percent_covered_display": "100", "missing_lines": 0, "excluded_lines": 0}, "missing_lines": [], "excluded_lines": []}, "Updatepost": {"executed_lines": [], "summary": {"covered_lines": 0, "num_statements": 0, "percent_covered": 100.0, "percent_covered_display": "100", "missing_lines": 0, "excluded_lines": 0}, "missing_lines": [], "excluded_lines": []}, "": {"executed_lines": [1, 2, 3, 5, 6, 7, 8, 10, 11, 12, 13], "summary": {"covered_lines": 11, "num_statements": 11, "percent_covered": 100.0, "percent_covered_display": "100", "missing_lines": 0, "excluded_lines": 0}, "missing_lines": [], "excluded_lines": []}}}, "/home/yokeshwaran/Desktop/flask/instance/config.py": {"executed_lines": [2, 3, 4, 5, 6, 8, 11, 12, 20, 21, 22, 23, 24], "summary": {"covered_lines": 13, "num_statements": 13, "percent_covered": 100.0, "percent_covered_display": "100", "missing_lines": 0, "excluded_lines": 0}, "missing_lines": [], "excluded_lines": [], "functions": {"": {"executed_lines": [2, 3, 4, 5, 6, 8, 11, 12, 20, 21, 22, 23, 24], "summary": {"covered_lines": 13, "num_statements": 13, "percent_covered": 100.0, "percent_covered_display": "100", "missing_lines": 0, "excluded_lines": 0}, "missing_lines": [], "excluded_lines": []}}, "classes": {"": {"executed_lines": [2, 3, 4, 5, 6, 8, 11, 12, 20, 21, 22, 23, 24], "summary": {"covered_lines": 13, "num_statements": 13, "percent_covered": 100.0, "percent_covered_display": "100", "missing_lines": 0, "excluded_lines": 0}, "missing_lines": [], "excluded_lines": []}}}, "conftest.py": {"executed_lines": [1, 2, 3, 4, 5, 6, 8, 9, 11, 12, 13, 22, 23, 24, 25, 26, 27, 28, 30, 32, 33, 34, 36, 37, 38, 40, 41, 42, 44, 45, 50, 51, 52], "summary": {"covered_lines": 33, "num_statements": 33, "percent_covered": 100.0, "percent_covered_display": "100", "missing_lines": 0, "excluded_lines": 0}, "missing_lines": [], "excluded_lines": [], "functions": {"app": {"executed_lines": [13, 22, 23, 24, 25, 26, 27, 28, 30], "summary": {"covered_lines": 9, "num_statements": 9, "percent_covered": 100.0, "percent_covered_display": "100", "missing_lines": 0, "excluded_lines": 0}, "missing_lines": [], "excluded_lines": []}, "client": {"executed_lines": [34], "summary": {"covered_lines": 1, "num_statements": 1, "percent_covered": 100.0, "percent_covered_display": "100", "missing_lines": 0, "excluded_lines": 0}, "missing_lines": [], "excluded_lines": []}, "runner": {"executed_lines": [38], "summary": {"covered_lines": 1, "num_statements": 1, "percent_covered": 100.0, "percent_covered_display": "100", "missing_lines": 0, "excluded_lines": 0}, "missing_lines": [], "excluded_lines": []}, "AuthAction.__init__": {"executed_lines": [42], "summary": {"covered_lines": 1, "num_statements": 1, "percent_covered": 100.0, "percent_covered_display": "100", "missing_lines": 0, "excluded_lines": 0}, "missing_lines": [], "excluded_lines": []}, "AuthAction.login": {"executed_lines": [45], "summary": {"covered_lines": 1, "num_statements": 1, "percent_covered": 100.0, "percent_covered_display": "100", "missing_lines": 0, "excluded_lines": 0}, "missing_lines": [], "excluded_lines": []}, "auth": {"executed_lines": [52], "summary": {"covered_lines": 1, "num_statements": 1, "percent_covered": 100.0, "percent_covered_display": "100", "missing_lines": 0, "excluded_lines": 0}, "missing_lines": [], "excluded_lines": []}, "": {"executed_lines": [1, 2, 3, 4, 5, 6, 8, 9, 11, 12, 32, 33, 36, 37, 40, 41, 44, 50, 51], "summary": {"covered_lines": 19, "num_statements": 19, "percent_covered": 100.0, "percent_covered_display": "100", "missing_lines": 0, "excluded_lines": 0}, "missing_lines": [], "excluded_lines": []}}, "classes": {"AuthAction": {"executed_lines": [42, 45], "summary": {"covered_lines": 2, "num_statements": 2, "percent_covered": 100.0, "percent_covered_display": "100", "missing_lines": 0, "excluded_lines": 0}, "missing_lines": [], "excluded_lines": []}, "": {"executed_lines": [1, 2, 3, 4, 5, 6, 8, 9, 11, 12, 13, 22, 23, 24, 25, 26, 27, 28, 30, 32, 33, 34, 36, 37, 38, 40, 41, 44, 50, 51, 52], "summary": {"covered_lines": 31, "num_statements": 31, "percent_covered": 100.0, "percent_covered_display": "100", "missing_lines": 0, "excluded_lines": 0}, "missing_lines": [], "excluded_lines": []}}}, "test_auth.py": {"executed_lines": [1, 2, 4, 11, 12, 13, 14, 15, 17, 18, 19, 20, 22, 26, 27, 28, 29, 30], "summary": {"covered_lines": 18, "num_statements": 18, "percent_covered": 100.0, "percent_covered_display": "100", "missing_lines": 0, "excluded_lines": 0}, "missing_lines": [], "excluded_lines": [], "functions": {"test_reister": {"executed_lines": [11, 12, 13, 14, 15], "summary": {"covered_lines": 5, "num_statements": 5, "percent_covered": 100.0, "percent_covered_display": "100", "missing_lines": 0, "excluded_lines": 0}, "missing_lines": [], "excluded_lines": []}, "test_login": {"executed_lines": [18, 19, 20], "summary": {"covered_lines": 3, "num_statements": 3, "percent_covered": 100.0, "percent_covered_display": "100", "missing_lines": 0, "excluded_lines": 0}, "missing_lines": [], "excluded_lines": []}, "test_login_validate_input": {"executed_lines": [27, 28, 29, 30], "summary": {"covered_lines": 4, "num_statements": 4, "percent_covered": 100.0, "percent_covered_display": "100", "missing_lines": 0, "excluded_lines": 0}, "missing_lines": [], "excluded_lines": []}, "": {"executed_lines": [1, 2, 4, 17, 22, 26], "summary": {"covered_lines": 6, "num_statements": 6, "percent_covered": 100.0, "percent_covered_display": "100", "missing_lines": 0, "excluded_lines": 0}, "missing_lines": [], "excluded_lines": []}}, "classes": {"": {"executed_lines": [1, 2, 4, 11, 12, 13, 14, 15, 17, 18, 19, 20, 22, 26, 27, 28, 29, 30], "summary": {"covered_lines": 18, "num_statements": 18, "percent_covered": 100.0, "percent_covered_display": "100", "missing_lines": 0, "excluded_lines": 0}, "missing_lines": [], "excluded_lines": []}}}, "test_db.py": {"executed_lines": [1, 2, 3, 5, 7, 8, 9, 13, 14, 15, 16, 17, 18, 19, 22, 24, 25, 26, 28, 29, 31, 32, 33, 34], "summary": {"covered_lines": 24, "num_statements": 24, "percent_covered": 100.0, "percent_covered_display": "100", "missing_lines": 0, "excluded_lines": 0}, "missing_lines": [], "excluded_lines": [], "functions": {"test_get_db_closed": {"executed_lines": [7, 8, 9, 13, 14, 15, 16, 17, 18, 19, 22], "summary": {"covered_lines": 11, "num_statements": 11, "percent_covered": 100.0, "percent_covered_display": "100", "missing_lines": 0, "excluded_lines": 0}, "missing_lines": [], "excluded_lines": []}, "test_init_db_command": {"executed_lines": [25, 26, 28, 31, 32, 33, 34], "summary": {"covered_lines": 7, "num_statements": 7, "percent_covered": 100.0, "percent_covered_display": "100", "missing_lines": 0, "excluded_lines": 0}, "missing_lines": [], "excluded_lines": []}, "test_init_db_command.fake_init_db": {"executed_lines": [29], "summary": {"covered_lines": 1, "num_statements": 1, "percent_covered": 100.0, "percent_covered_display": "100", "missing_lines": 0, "excluded_lines": 0}, "missing_lines": [], "excluded_lines": []}, "": {"executed_lines": [1, 2, 3, 5, 24], "summary": {"covered_lines": 5, "num_statements": 5, "percent_covered": 100.0, "percent_covered_display": "100", "missing_lines": 0, "excluded_lines": 0}, "missing_lines": [], "excluded_lines": []}}, "classes": {"test_init_db_command.Recorder": {"executed_lines": [], "summary": {"covered_lines": 0, "num_statements": 0, "percent_covered": 100.0, "percent_covered_display": "100", "missing_lines": 0, "excluded_lines": 0}, "missing_lines": [], "excluded_lines": []}, "": {"executed_lines": [1, 2, 3, 5, 7, 8, 9, 13, 14, 15, 16, 17, 18, 19, 22, 24, 25, 26, 28, 29, 31, 32, 33, 34], "summary": {"covered_lines": 24, "num_statements": 24, "percent_covered": 100.0, "percent_covered_display": "100", "missing_lines": 0, "excluded_lines": 0}, "missing_lines": [], "excluded_lines": []}}}, "test_factory.py": {"executed_lines": [1, 4, 5, 6, 9, 10, 11], "summary": {"covered_lines": 7, "num_statements": 7, "percent_covered": 100.0, "percent_covered_display": "100", "missing_lines": 0, "excluded_lines": 0}, "missing_lines": [], "excluded_lines": [], "functions": {"test_config": {"executed_lines": [5, 6], "summary": {"covered_lines": 2, "num_statements": 2, "percent_covered": 100.0, "percent_covered_display": "100", "missing_lines": 0, "excluded_lines": 0}, "missing_lines": [], "excluded_lines": []}, "test_hello": {"executed_lines": [10, 11], "summary": {"covered_lines": 2, "num_statements": 2, "percent_covered": 100.0, "percent_covered_display": "100", "missing_lines": 0, "excluded_lines": 0}, "missing_lines": [], "excluded_lines": []}, "": {"executed_lines": [1, 4, 9], "summary": {"covered_lines": 3, "num_statements": 3, "percent_covered": 100.0, "percent_covered_display": "100", "missing_lines": 0, "excluded_lines": 0}, "missing_lines": [], "excluded_lines": []}}, "classes": {"": {"executed_lines": [1, 4, 5, 6, 9, 10, 11], "summary": {"covered_lines": 7, "num_statements": 7, "percent_covered": 100.0, "percent_covered_display": "100", "missing_lines": 0, "excluded_lines": 0}, "missing_lines": [], "excluded_lines": []}}}, "test_home.py": {"executed_lines": [1, 2, 4, 5, 8, 9, 12, 13, 15, 17, 19, 20, 21, 22, 23, 25, 30, 31, 32], "summary": {"covered_lines": 19, "num_statements": 19, "percent_covered": 100.0, "percent_covered_display": "100", "missing_lines": 0, "excluded_lines": 0}, "missing_lines": [], "excluded_lines": [], "functions": {"test_index": {"executed_lines": [5, 8, 9, 12, 13, 15, 17, 19, 20, 21, 22, 23], "summary": {"covered_lines": 12, "num_statements": 12, "percent_covered": 100.0, "percent_covered_display": "100", "missing_lines": 0, "excluded_lines": 0}, "missing_lines": [], "excluded_lines": []}, "test_login_required": {"executed_lines": [31, 32], "summary": {"covered_lines": 2, "num_statements": 2, "percent_covered": 100.0, "percent_covered_display": "100", "missing_lines": 0, "excluded_lines": 0}, "missing_lines": [], "excluded_lines": []}, "": {"executed_lines": [1, 2, 4, 25, 30], "summary": {"covered_lines": 5, "num_statements": 5, "percent_covered": 100.0, "percent_covered_display": "100", "missing_lines": 0, "excluded_lines": 0}, "missing_lines": [], "excluded_lines": []}}, "classes": {"": {"executed_lines": [1, 2, 4, 5, 8, 9, 12, 13, 15, 17, 19, 20, 21, 22, 23, 25, 30, 31, 32], "summary": {"covered_lines": 19, "num_statements": 19, "percent_covered": 100.0, "percent_covered_display": "100", "missing_lines": 0, "excluded_lines": 0}, "missing_lines": [], "excluded_lines": []}}}, "/usr/lib/python3/dist-packages/babel/__init__.py": {"executed_lines": [2, 20, 24], "summary": {"covered_lines": 2, "num_statements": 2, "percent_covered": 100.0, "percent_covered_display": "100", "missing_lines": 0, "excluded_lines": 0}, "missing_lines": [], "excluded_lines": [], "functions": {"": {"executed_lines": [2, 20, 24], "summary": {"covered_lines": 2, "num_statements": 2, "percent_covered": 100.0, "percent_covered_display": "100", "missing_lines": 0, "excluded_lines": 0}, "missing_lines": [], "excluded_lines": []}}, "classes": {"": {"executed_lines": [2, 20, 24], "summary": {"covered_lines": 2, "num_statements": 2, "percent_covered": 100.0, "percent_covered_display": "100", "missing_lines": 0, "excluded_lines": 0}, "missing_lines": [], "excluded_lines": []}}}, "/usr/lib/python3/dist-packages/babel/_compat.py": {"executed_lines": [1, 2, 4, 6, 9, 10, 11, 12, 14, 15, 17, 18, 19, 21, 22, 24, 25, 26, 28, 30, 31, 58, 61, 73, 74], "summary": {"covered_lines": 25, "num_statements": 51, "percent_covered": 49.01960784313726, "percent_covered_display": "49", "missing_lines": 26, "excluded_lines": 0}, "missing_lines": [34, 35, 36, 38, 39, 41, 42, 43, 45, 46, 47, 49, 50, 51, 53, 55, 56, 62, 63, 64, 65, 66, 76, 77, 78, 79], "excluded_lines": [], "functions": {"force_text": {"executed_lines": [], "summary": {"covered_lines": 0, "num_statements": 5, "percent_covered": 0.0, "percent_covered_display": "0", "missing_lines": 5, "excluded_lines": 0}, "missing_lines": [62, 63, 64, 65, 66], "excluded_lines": []}, "": {"executed_lines": [1, 2, 4, 6, 9, 10, 11, 12, 14, 15, 17, 18, 19, 21, 22, 24, 25, 26, 28, 30, 31, 58, 61, 73, 74], "summary": {"covered_lines": 25, "num_statements": 46, "percent_covered": 54.34782608695652, "percent_covered_display": "54", "missing_lines": 21, "excluded_lines": 0}, "missing_lines": [34, 35, 36, 38, 39, 41, 42, 43, 45, 46, 47, 49, 50, 51, 53, 55, 56, 76, 77, 78, 79], "excluded_lines": []}}, "classes": {"": {"executed_lines": [1, 2, 4, 6, 9, 10, 11, 12, 14, 15, 17, 18, 19, 21, 22, 24, 25, 26, 28, 30, 31, 58, 61, 73, 74], "summary": {"covered_lines": 25, "num_statements": 51, "percent_covered": 49.01960784313726, "percent_covered_display": "49", "missing_lines": 26, "excluded_lines": 0}, "missing_lines": [34, 35, 36, 38, 39, 41, 42, 43, 45, 46, 47, 49, 50, 51, 53, 55, 56, 62, 63, 64, 65, 66, 76, 77, 78, 79], "excluded_lines": []}}}, "/usr/lib/python3/dist-packages/babel/core.py": {"executed_lines": [2, 12, 14, 15, 16, 18, 22, 23, 26, 35, 80, 92, 93, 97, 108, 109, 140, 170, 171, 195, 196, 221, 222, 333, 342, 345, 348, 357, 361, 362, 367, 395, 408, 423, 430, 437, 444, 451, 458, 459, 472, 473, 484, 485, 496, 497, 508, 509, 519, 520, 533, 534, 544, 545, 556, 557, 568, 569, 582, 583, 594, 595, 608, 609, 620, 621, 628, 629, 634, 635, 643, 644, 652, 653, 661, 662, 675, 676, 689, 690, 706, 707, 722, 723, 733, 734, 742, 743, 751, 752, 761, 762, 775, 776, 789, 790, 803, 804, 816, 817, 838, 839, 853, 854, 869, 870, 886, 887, 898, 899, 909, 910, 920, 921, 935, 962, 963, 964, 965, 966, 969, 970, 972, 974, 975, 980, 1043, 1083, 1086, 1091, 1092, 1093, 1096, 1097, 1098, 1101, 1102, 1103, 1107, 1112, 1115, 1118, 1131, 1132, 1133], "summary": {"covered_lines": 142, "num_statements": 328, "percent_covered": 43.292682926829265, "percent_covered_display": "43", "missing_lines": 186, "excluded_lines": 0}, "missing_lines": [27, 70, 71, 72, 73, 74, 75, 76, 77, 102, 105, 157, 159, 161, 163, 164, 166, 167, 168, 192, 193, 216, 218, 219, 261, 262, 263, 264, 265, 266, 268, 269, 271, 272, 273, 274, 275, 277, 279, 280, 281, 284, 285, 286, 288, 289, 290, 291, 292, 301, 302, 303, 304, 305, 307, 308, 309, 310, 312, 315, 316, 317, 318, 319, 320, 324, 325, 326, 327, 328, 329, 331, 334, 335, 336, 337, 343, 346, 349, 350, 351, 352, 353, 354, 355, 358, 363, 364, 365, 378, 379, 380, 381, 382, 383, 384, 385, 386, 387, 388, 389, 390, 391, 392, 393, 418, 419, 420, 421, 432, 433, 434, 435, 446, 447, 448, 449, 468, 482, 494, 506, 515, 531, 542, 554, 566, 580, 592, 604, 615, 616, 617, 618, 626, 632, 641, 650, 659, 673, 687, 704, 720, 731, 740, 749, 759, 773, 787, 801, 814, 836, 851, 867, 884, 896, 907, 918, 932, 971, 973, 976, 977, 1026, 1027, 1028, 1029, 1030, 1031, 1032, 1033, 1034, 1035, 1036, 1037, 1038, 1039, 1040, 1085, 1089, 1094, 1099, 1104, 1105, 1108, 1110, 1113], "excluded_lines": [], "functions": {"_raise_no_data_error": {"executed_lines": [], "summary": {"covered_lines": 0, "num_statements": 1, "percent_covered": 0.0, "percent_covered_display": "0", "missing_lines": 1, "excluded_lines": 0}, "missing_lines": [27], "excluded_lines": []}, "get_global": {"executed_lines": [], "summary": {"covered_lines": 0, "num_statements": 8, "percent_covered": 0.0, "percent_covered_display": "0", "missing_lines": 8, "excluded_lines": 0}, "missing_lines": [70, 71, 72, 73, 74, 75, 76, 77], "excluded_lines": []}, "UnknownLocaleError.__init__": {"executed_lines": [], "summary": {"covered_lines": 0, "num_statements": 2, "percent_covered": 0.0, "percent_covered_display": "0", "missing_lines": 2, "excluded_lines": 0}, "missing_lines": [102, 105], "excluded_lines": []}, "Locale.__init__": {"executed_lines": [], "summary": {"covered_lines": 0, "num_statements": 8, "percent_covered": 0.0, "percent_covered_display": "0", "missing_lines": 8, "excluded_lines": 0}, "missing_lines": [157, 159, 161, 163, 164, 166, 167, 168], "excluded_lines": []}, "Locale.default": {"executed_lines": [], "summary": {"covered_lines": 0, "num_statements": 2, "percent_covered": 0.0, "percent_covered_display": "0", "missing_lines": 2, "excluded_lines": 0}, "missing_lines": [192, 193], "excluded_lines": []}, "Locale.negotiate": {"executed_lines": [], "summary": {"covered_lines": 0, "num_statements": 3, "percent_covered": 0.0, "percent_covered_display": "0", "missing_lines": 3, "excluded_lines": 0}, "missing_lines": [216, 218, 219], "excluded_lines": []}, "Locale.parse": {"executed_lines": [], "summary": {"covered_lines": 0, "num_statements": 38, "percent_covered": 0.0, "percent_covered_display": "0", "missing_lines": 38, "excluded_lines": 0}, "missing_lines": [261, 262, 263, 264, 265, 266, 268, 269, 271, 277, 288, 289, 290, 291, 292, 301, 302, 303, 304, 305, 307, 308, 309, 310, 312, 315, 316, 317, 318, 319, 320, 324, 325, 326, 327, 328, 329, 331], "excluded_lines": []}, "Locale.parse._try_load": {"executed_lines": [], "summary": {"covered_lines": 0, "num_statements": 4, "percent_covered": 0.0, "percent_covered_display": "0", "missing_lines": 4, "excluded_lines": 0}, "missing_lines": [272, 273, 274, 275], "excluded_lines": []}, "Locale.parse._try_load_reducing": {"executed_lines": [], "summary": {"covered_lines": 0, "num_statements": 6, "percent_covered": 0.0, "percent_covered_display": "0", "missing_lines": 6, "excluded_lines": 0}, "missing_lines": [279, 280, 281, 284, 285, 286], "excluded_lines": []}, "Locale.__eq__": {"executed_lines": [], "summary": {"covered_lines": 0, "num_statements": 4, "percent_covered": 0.0, "percent_covered_display": "0", "missing_lines": 4, "excluded_lines": 0}, "missing_lines": [334, 335, 336, 337], "excluded_lines": []}, "Locale.__ne__": {"executed_lines": [], "summary": {"covered_lines": 0, "num_statements": 1, "percent_covered": 0.0, "percent_covered_display": "0", "missing_lines": 1, "excluded_lines": 0}, "missing_lines": [343], "excluded_lines": []}, "Locale.__hash__": {"executed_lines": [], "summary": {"covered_lines": 0, "num_statements": 1, "percent_covered": 0.0, "percent_covered_display": "0", "missing_lines": 1, "excluded_lines": 0}, "missing_lines": [346], "excluded_lines": []}, "Locale.__repr__": {"executed_lines": [], "summary": {"covered_lines": 0, "num_statements": 7, "percent_covered": 0.0, "percent_covered_display": "0", "missing_lines": 7, "excluded_lines": 0}, "missing_lines": [349, 350, 351, 352, 353, 354, 355], "excluded_lines": []}, "Locale.__str__": {"executed_lines": [], "summary": {"covered_lines": 0, "num_statements": 1, "percent_covered": 0.0, "percent_covered_display": "0", "missing_lines": 1, "excluded_lines": 0}, "missing_lines": [358], "excluded_lines": []}, "Locale._data": {"executed_lines": [], "summary": {"covered_lines": 0, "num_statements": 3, "percent_covered": 0.0, "percent_covered_display": "0", "missing_lines": 3, "excluded_lines": 0}, "missing_lines": [363, 364, 365], "excluded_lines": []}, "Locale.get_display_name": {"executed_lines": [], "summary": {"covered_lines": 0, "num_statements": 16, "percent_covered": 0.0, "percent_covered_display": "0", "missing_lines": 16, "excluded_lines": 0}, "missing_lines": [378, 379, 380, 381, 382, 383, 384, 385, 386, 387, 388, 389, 390, 391, 392, 393], "excluded_lines": []}, "Locale.get_language_name": {"executed_lines": [], "summary": {"covered_lines": 0, "num_statements": 4, "percent_covered": 0.0, "percent_covered_display": "0", "missing_lines": 4, "excluded_lines": 0}, "missing_lines": [418, 419, 420, 421], "excluded_lines": []}, "Locale.get_territory_name": {"executed_lines": [], "summary": {"covered_lines": 0, "num_statements": 4, "percent_covered": 0.0, "percent_covered_display": "0", "missing_lines": 4, "excluded_lines": 0}, "missing_lines": [432, 433, 434, 435], "excluded_lines": []}, "Locale.get_script_name": {"executed_lines": [], "summary": {"covered_lines": 0, "num_statements": 4, "percent_covered": 0.0, "percent_covered_display": "0", "missing_lines": 4, "excluded_lines": 0}, "missing_lines": [446, 447, 448, 449], "excluded_lines": []}, "Locale.english_name": {"executed_lines": [], "summary": {"covered_lines": 0, "num_statements": 1, "percent_covered": 0.0, "percent_covered_display": "0", "missing_lines": 1, "excluded_lines": 0}, "missing_lines": [468], "excluded_lines": []}, "Locale.languages": {"executed_lines": [], "summary": {"covered_lines": 0, "num_statements": 1, "percent_covered": 0.0, "percent_covered_display": "0", "missing_lines": 1, "excluded_lines": 0}, "missing_lines": [482], "excluded_lines": []}, "Locale.scripts": {"executed_lines": [], "summary": {"covered_lines": 0, "num_statements": 1, "percent_covered": 0.0, "percent_covered_display": "0", "missing_lines": 1, "excluded_lines": 0}, "missing_lines": [494], "excluded_lines": []}, "Locale.territories": {"executed_lines": [], "summary": {"covered_lines": 0, "num_statements": 1, "percent_covered": 0.0, "percent_covered_display": "0", "missing_lines": 1, "excluded_lines": 0}, "missing_lines": [506], "excluded_lines": []}, "Locale.variants": {"executed_lines": [], "summary": {"covered_lines": 0, "num_statements": 1, "percent_covered": 0.0, "percent_covered_display": "0", "missing_lines": 1, "excluded_lines": 0}, "missing_lines": [515], "excluded_lines": []}, "Locale.currencies": {"executed_lines": [], "summary": {"covered_lines": 0, "num_statements": 1, "percent_covered": 0.0, "percent_covered_display": "0", "missing_lines": 1, "excluded_lines": 0}, "missing_lines": [531], "excluded_lines": []}, "Locale.currency_symbols": {"executed_lines": [], "summary": {"covered_lines": 0, "num_statements": 1, "percent_covered": 0.0, "percent_covered_display": "0", "missing_lines": 1, "excluded_lines": 0}, "missing_lines": [542], "excluded_lines": []}, "Locale.number_symbols": {"executed_lines": [], "summary": {"covered_lines": 0, "num_statements": 1, "percent_covered": 0.0, "percent_covered_display": "0", "missing_lines": 1, "excluded_lines": 0}, "missing_lines": [554], "excluded_lines": []}, "Locale.decimal_formats": {"executed_lines": [], "summary": {"covered_lines": 0, "num_statements": 1, "percent_covered": 0.0, "percent_covered_display": "0", "missing_lines": 1, "excluded_lines": 0}, "missing_lines": [566], "excluded_lines": []}, "Locale.currency_formats": {"executed_lines": [], "summary": {"covered_lines": 0, "num_statements": 1, "percent_covered": 0.0, "percent_covered_display": "0", "missing_lines": 1, "excluded_lines": 0}, "missing_lines": [580], "excluded_lines": []}, "Locale.percent_formats": {"executed_lines": [], "summary": {"covered_lines": 0, "num_statements": 1, "percent_covered": 0.0, "percent_covered_display": "0", "missing_lines": 1, "excluded_lines": 0}, "missing_lines": [592], "excluded_lines": []}, "Locale.scientific_formats": {"executed_lines": [], "summary": {"covered_lines": 0, "num_statements": 1, "percent_covered": 0.0, "percent_covered_display": "0", "missing_lines": 1, "excluded_lines": 0}, "missing_lines": [604], "excluded_lines": []}, "Locale.periods": {"executed_lines": [], "summary": {"covered_lines": 0, "num_statements": 4, "percent_covered": 0.0, "percent_covered_display": "0", "missing_lines": 4, "excluded_lines": 0}, "missing_lines": [615, 616, 617, 618], "excluded_lines": []}, "Locale.day_periods": {"executed_lines": [], "summary": {"covered_lines": 0, "num_statements": 1, "percent_covered": 0.0, "percent_covered_display": "0", "missing_lines": 1, "excluded_lines": 0}, "missing_lines": [626], "excluded_lines": []}, "Locale.day_period_rules": {"executed_lines": [], "summary": {"covered_lines": 0, "num_statements": 1, "percent_covered": 0.0, "percent_covered_display": "0", "missing_lines": 1, "excluded_lines": 0}, "missing_lines": [632], "excluded_lines": []}, "Locale.days": {"executed_lines": [], "summary": {"covered_lines": 0, "num_statements": 1, "percent_covered": 0.0, "percent_covered_display": "0", "missing_lines": 1, "excluded_lines": 0}, "missing_lines": [641], "excluded_lines": []}, "Locale.months": {"executed_lines": [], "summary": {"covered_lines": 0, "num_statements": 1, "percent_covered": 0.0, "percent_covered_display": "0", "missing_lines": 1, "excluded_lines": 0}, "missing_lines": [650], "excluded_lines": []}, "Locale.quarters": {"executed_lines": [], "summary": {"covered_lines": 0, "num_statements": 1, "percent_covered": 0.0, "percent_covered_display": "0", "missing_lines": 1, "excluded_lines": 0}, "missing_lines": [659], "excluded_lines": []}, "Locale.eras": {"executed_lines": [], "summary": {"covered_lines": 0, "num_statements": 1, "percent_covered": 0.0, "percent_covered_display": "0", "missing_lines": 1, "excluded_lines": 0}, "missing_lines": [673], "excluded_lines": []}, "Locale.time_zones": {"executed_lines": [], "summary": {"covered_lines": 0, "num_statements": 1, "percent_covered": 0.0, "percent_covered_display": "0", "missing_lines": 1, "excluded_lines": 0}, "missing_lines": [687], "excluded_lines": []}, "Locale.meta_zones": {"executed_lines": [], "summary": {"covered_lines": 0, "num_statements": 1, "percent_covered": 0.0, "percent_covered_display": "0", "missing_lines": 1, "excluded_lines": 0}, "missing_lines": [704], "excluded_lines": []}, "Locale.zone_formats": {"executed_lines": [], "summary": {"covered_lines": 0, "num_statements": 1, "percent_covered": 0.0, "percent_covered_display": "0", "missing_lines": 1, "excluded_lines": 0}, "missing_lines": [720], "excluded_lines": []}, "Locale.first_week_day": {"executed_lines": [], "summary": {"covered_lines": 0, "num_statements": 1, "percent_covered": 0.0, "percent_covered_display": "0", "missing_lines": 1, "excluded_lines": 0}, "missing_lines": [731], "excluded_lines": []}, "Locale.weekend_start": {"executed_lines": [], "summary": {"covered_lines": 0, "num_statements": 1, "percent_covered": 0.0, "percent_covered_display": "0", "missing_lines": 1, "excluded_lines": 0}, "missing_lines": [740], "excluded_lines": []}, "Locale.weekend_end": {"executed_lines": [], "summary": {"covered_lines": 0, "num_statements": 1, "percent_covered": 0.0, "percent_covered_display": "0", "missing_lines": 1, "excluded_lines": 0}, "missing_lines": [749], "excluded_lines": []}, "Locale.min_week_days": {"executed_lines": [], "summary": {"covered_lines": 0, "num_statements": 1, "percent_covered": 0.0, "percent_covered_display": "0", "missing_lines": 1, "excluded_lines": 0}, "missing_lines": [759], "excluded_lines": []}, "Locale.date_formats": {"executed_lines": [], "summary": {"covered_lines": 0, "num_statements": 1, "percent_covered": 0.0, "percent_covered_display": "0", "missing_lines": 1, "excluded_lines": 0}, "missing_lines": [773], "excluded_lines": []}, "Locale.time_formats": {"executed_lines": [], "summary": {"covered_lines": 0, "num_statements": 1, "percent_covered": 0.0, "percent_covered_display": "0", "missing_lines": 1, "excluded_lines": 0}, "missing_lines": [787], "excluded_lines": []}, "Locale.datetime_formats": {"executed_lines": [], "summary": {"covered_lines": 0, "num_statements": 1, "percent_covered": 0.0, "percent_covered_display": "0", "missing_lines": 1, "excluded_lines": 0}, "missing_lines": [801], "excluded_lines": []}, "Locale.datetime_skeletons": {"executed_lines": [], "summary": {"covered_lines": 0, "num_statements": 1, "percent_covered": 0.0, "percent_covered_display": "0", "missing_lines": 1, "excluded_lines": 0}, "missing_lines": [814], "excluded_lines": []}, "Locale.interval_formats": {"executed_lines": [], "summary": {"covered_lines": 0, "num_statements": 1, "percent_covered": 0.0, "percent_covered_display": "0", "missing_lines": 1, "excluded_lines": 0}, "missing_lines": [836], "excluded_lines": []}, "Locale.plural_form": {"executed_lines": [], "summary": {"covered_lines": 0, "num_statements": 1, "percent_covered": 0.0, "percent_covered_display": "0", "missing_lines": 1, "excluded_lines": 0}, "missing_lines": [851], "excluded_lines": []}, "Locale.list_patterns": {"executed_lines": [], "summary": {"covered_lines": 0, "num_statements": 1, "percent_covered": 0.0, "percent_covered_display": "0", "missing_lines": 1, "excluded_lines": 0}, "missing_lines": [867], "excluded_lines": []}, "Locale.ordinal_form": {"executed_lines": [], "summary": {"covered_lines": 0, "num_statements": 1, "percent_covered": 0.0, "percent_covered_display": "0", "missing_lines": 1, "excluded_lines": 0}, "missing_lines": [884], "excluded_lines": []}, "Locale.measurement_systems": {"executed_lines": [], "summary": {"covered_lines": 0, "num_statements": 1, "percent_covered": 0.0, "percent_covered_display": "0", "missing_lines": 1, "excluded_lines": 0}, "missing_lines": [896], "excluded_lines": []}, "Locale.character_order": {"executed_lines": [], "summary": {"covered_lines": 0, "num_statements": 1, "percent_covered": 0.0, "percent_covered_display": "0", "missing_lines": 1, "excluded_lines": 0}, "missing_lines": [907], "excluded_lines": []}, "Locale.text_direction": {"executed_lines": [], "summary": {"covered_lines": 0, "num_statements": 1, "percent_covered": 0.0, "percent_covered_display": "0", "missing_lines": 1, "excluded_lines": 0}, "missing_lines": [918], "excluded_lines": []}, "Locale.unit_display_names": {"executed_lines": [], "summary": {"covered_lines": 0, "num_statements": 1, "percent_covered": 0.0, "percent_covered_display": "0", "missing_lines": 1, "excluded_lines": 0}, "missing_lines": [932], "excluded_lines": []}, "default_locale": {"executed_lines": [962, 963, 964, 965, 966, 969, 970, 972, 974, 975], "summary": {"covered_lines": 10, "num_statements": 14, "percent_covered": 71.42857142857143, "percent_covered_display": "71", "missing_lines": 4, "excluded_lines": 0}, "missing_lines": [971, 973, 976, 977], "excluded_lines": []}, "negotiate_locale": {"executed_lines": [], "summary": {"covered_lines": 0, "num_statements": 15, "percent_covered": 0.0, "percent_covered_display": "0", "missing_lines": 15, "excluded_lines": 0}, "missing_lines": [1026, 1027, 1028, 1029, 1030, 1031, 1032, 1033, 1034, 1035, 1036, 1037, 1038, 1039, 1040], "excluded_lines": []}, "parse_locale": {"executed_lines": [1083, 1086, 1091, 1092, 1093, 1096, 1097, 1098, 1101, 1102, 1103, 1107, 1112, 1115], "summary": {"covered_lines": 14, "num_statements": 23, "percent_covered": 60.869565217391305, "percent_covered_display": "61", "missing_lines": 9, "excluded_lines": 0}, "missing_lines": [1085, 1089, 1094, 1099, 1104, 1105, 1108, 1110, 1113], "excluded_lines": []}, "get_locale_identifier": {"executed_lines": [1131, 1132, 1133], "summary": {"covered_lines": 3, "num_statements": 3, "percent_covered": 100.0, "percent_covered_display": "100", "missing_lines": 0, "excluded_lines": 0}, "missing_lines": [], "excluded_lines": []}, "": {"executed_lines": [2, 12, 14, 15, 16, 18, 22, 23, 26, 35, 80, 92, 93, 97, 108, 109, 140, 170, 171, 195, 196, 221, 222, 333, 342, 345, 348, 357, 361, 362, 367, 395, 408, 423, 430, 437, 444, 451, 458, 459, 472, 473, 484, 485, 496, 497, 508, 509, 519, 520, 533, 534, 544, 545, 556, 557, 568, 569, 582, 583, 594, 595, 608, 609, 620, 621, 628, 629, 634, 635, 643, 644, 652, 653, 661, 662, 675, 676, 689, 690, 706, 707, 722, 723, 733, 734, 742, 743, 751, 752, 761, 762, 775, 776, 789, 790, 803, 804, 816, 817, 838, 839, 853, 854, 869, 870, 886, 887, 898, 899, 909, 910, 920, 921, 935, 980, 1043, 1118], "summary": {"covered_lines": 115, "num_statements": 115, "percent_covered": 100.0, "percent_covered_display": "100", "missing_lines": 0, "excluded_lines": 0}, "missing_lines": [], "excluded_lines": []}}, "classes": {"UnknownLocaleError": {"executed_lines": [], "summary": {"covered_lines": 0, "num_statements": 2, "percent_covered": 0.0, "percent_covered_display": "0", "missing_lines": 2, "excluded_lines": 0}, "missing_lines": [102, 105], "excluded_lines": []}, "Locale": {"executed_lines": [], "summary": {"covered_lines": 0, "num_statements": 147, "percent_covered": 0.0, "percent_covered_display": "0", "missing_lines": 147, "excluded_lines": 0}, "missing_lines": [157, 159, 161, 163, 164, 166, 167, 168, 192, 193, 216, 218, 219, 261, 262, 263, 264, 265, 266, 268, 269, 271, 272, 273, 274, 275, 277, 279, 280, 281, 284, 285, 286, 288, 289, 290, 291, 292, 301, 302, 303, 304, 305, 307, 308, 309, 310, 312, 315, 316, 317, 318, 319, 320, 324, 325, 326, 327, 328, 329, 331, 334, 335, 336, 337, 343, 346, 349, 350, 351, 352, 353, 354, 355, 358, 363, 364, 365, 378, 379, 380, 381, 382, 383, 384, 385, 386, 387, 388, 389, 390, 391, 392, 393, 418, 419, 420, 421, 432, 433, 434, 435, 446, 447, 448, 449, 468, 482, 494, 506, 515, 531, 542, 554, 566, 580, 592, 604, 615, 616, 617, 618, 626, 632, 641, 650, 659, 673, 687, 704, 720, 731, 740, 749, 759, 773, 787, 801, 814, 836, 851, 867, 884, 896, 907, 918, 932], "excluded_lines": []}, "": {"executed_lines": [2, 12, 14, 15, 16, 18, 22, 23, 26, 35, 80, 92, 93, 97, 108, 109, 140, 170, 171, 195, 196, 221, 222, 333, 342, 345, 348, 357, 361, 362, 367, 395, 408, 423, 430, 437, 444, 451, 458, 459, 472, 473, 484, 485, 496, 497, 508, 509, 519, 520, 533, 534, 544, 545, 556, 557, 568, 569, 582, 583, 594, 595, 608, 609, 620, 621, 628, 629, 634, 635, 643, 644, 652, 653, 661, 662, 675, 676, 689, 690, 706, 707, 722, 723, 733, 734, 742, 743, 751, 752, 761, 762, 775, 776, 789, 790, 803, 804, 816, 817, 838, 839, 853, 854, 869, 870, 886, 887, 898, 899, 909, 910, 920, 921, 935, 962, 963, 964, 965, 966, 969, 970, 972, 974, 975, 980, 1043, 1083, 1086, 1091, 1092, 1093, 1096, 1097, 1098, 1101, 1102, 1103, 1107, 1112, 1115, 1118, 1131, 1132, 1133], "summary": {"covered_lines": 142, "num_statements": 179, "percent_covered": 79.32960893854748, "percent_covered_display": "79", "missing_lines": 37, "excluded_lines": 0}, "missing_lines": [27, 70, 71, 72, 73, 74, 75, 76, 77, 971, 973, 976, 977, 1026, 1027, 1028, 1029, 1030, 1031, 1032, 1033, 1034, 1035, 1036, 1037, 1038, 1039, 1040, 1085, 1089, 1094, 1099, 1104, 1105, 1108, 1110, 1113], "excluded_lines": []}}}, "/usr/lib/python3/dist-packages/babel/dates.py": {"executed_lines": [2, 19, 21, 22, 23, 25, 26, 28, 29, 30, 39, 42, 45, 46, 47, 50, 79, 121, 150, 176, 197, 241, 242, 246, 257, 258, 262, 263, 267, 268, 272, 273, 277, 285, 298, 317, 334, 351, 365, 381, 398, 414, 468, 548, 670, 703, 741, 804, 842, 853, 954, 977, 1075, 1129, 1171, 1208, 1210, 1214, 1217, 1220, 1226, 1231, 1235, 1237, 1244, 1295, 1314, 1319, 1330, 1338, 1345, 1361, 1401, 1404, 1407, 1415, 1424, 1429, 1472, 1475, 1480, 1515, 1534, 1536, 1539, 1585, 1654, 1675, 1713], "summary": {"covered_lines": 87, "num_statements": 688, "percent_covered": 12.645348837209303, "percent_covered_display": "13", "missing_lines": 601, "excluded_lines": 0}, "missing_lines": [58, 59, 60, 61, 62, 63, 64, 65, 66, 67, 68, 69, 70, 72, 74, 75, 76, 109, 110, 111, 112, 113, 114, 115, 116, 118, 141, 142, 143, 144, 145, 146, 147, 159, 160, 161, 162, 163, 164, 165, 166, 167, 168, 169, 170, 171, 172, 173, 187, 188, 189, 190, 191, 192, 193, 194, 215, 216, 218, 219, 224, 225, 226, 227, 228, 229, 230, 231, 233, 248, 250, 252, 255, 260, 265, 270, 275, 278, 295, 314, 331, 348, 362, 378, 392, 393, 394, 395, 411, 449, 450, 452, 453, 454, 455, 456, 457, 458, 459, 460, 461, 462, 464, 465, 503, 504, 506, 507, 509, 512, 514, 518, 519, 520, 521, 522, 523, 524, 527, 528, 529, 531, 532, 533, 534, 535, 536, 538, 540, 541, 542, 619, 620, 622, 623, 625, 627, 628, 629, 631, 632, 633, 635, 637, 638, 641, 642, 643, 644, 646, 647, 648, 650, 651, 652, 653, 654, 655, 658, 659, 660, 664, 665, 667, 691, 692, 693, 694, 696, 697, 698, 699, 700, 728, 730, 731, 732, 738, 796, 798, 799, 800, 801, 835, 836, 837, 838, 839, 911, 912, 913, 914, 917, 918, 919, 921, 922, 924, 925, 926, 927, 928, 930, 931, 932, 934, 935, 936, 937, 938, 939, 940, 941, 942, 943, 944, 945, 947, 948, 949, 951, 955, 956, 957, 958, 959, 960, 962, 964, 965, 967, 968, 970, 1018, 1027, 1029, 1035, 1036, 1038, 1039, 1041, 1043, 1045, 1046, 1048, 1049, 1051, 1052, 1059, 1060, 1061, 1064, 1072, 1092, 1093, 1094, 1098, 1100, 1101, 1102, 1103, 1105, 1106, 1107, 1109, 1110, 1111, 1114, 1115, 1116, 1117, 1118, 1120, 1121, 1123, 1124, 1126, 1144, 1145, 1146, 1147, 1148, 1149, 1151, 1152, 1153, 1158, 1159, 1160, 1161, 1163, 1164, 1165, 1166, 1167, 1168, 1186, 1187, 1188, 1189, 1190, 1191, 1193, 1194, 1195, 1201, 1202, 1203, 1204, 1205, 1211, 1212, 1215, 1218, 1221, 1222, 1223, 1224, 1227, 1228, 1229, 1232, 1238, 1239, 1240, 1241, 1242, 1245, 1246, 1247, 1248, 1249, 1250, 1251, 1252, 1253, 1254, 1255, 1256, 1257, 1258, 1259, 1260, 1261, 1262, 1263, 1264, 1265, 1267, 1268, 1269, 1270, 1272, 1273, 1274, 1275, 1276, 1277, 1278, 1279, 1281, 1282, 1283, 1284, 1285, 1286, 1287, 1288, 1289, 1290, 1291, 1293, 1296, 1297, 1298, 1299, 1300, 1301, 1302, 1303, 1304, 1305, 1306, 1307, 1308, 1309, 1310, 1312, 1315, 1316, 1317, 1320, 1321, 1322, 1323, 1324, 1325, 1326, 1327, 1328, 1331, 1332, 1333, 1334, 1335, 1336, 1339, 1340, 1341, 1342, 1343, 1346, 1347, 1348, 1349, 1350, 1351, 1353, 1355, 1356, 1357, 1358, 1359, 1388, 1389, 1390, 1391, 1392, 1393, 1394, 1395, 1396, 1398, 1399, 1402, 1405, 1408, 1409, 1410, 1411, 1412, 1413, 1421, 1422, 1425, 1427, 1430, 1431, 1432, 1433, 1434, 1435, 1436, 1437, 1438, 1439, 1441, 1442, 1444, 1445, 1446, 1448, 1449, 1450, 1451, 1452, 1454, 1455, 1456, 1458, 1459, 1461, 1462, 1464, 1465, 1466, 1467, 1468, 1469, 1470, 1473, 1476, 1477, 1478, 1501, 1502, 1503, 1505, 1506, 1507, 1509, 1510, 1512, 1560, 1561, 1563, 1564, 1566, 1568, 1569, 1570, 1571, 1572, 1573, 1574, 1575, 1577, 1579, 1581, 1582, 1601, 1602, 1603, 1604, 1605, 1607, 1608, 1609, 1611, 1612, 1613, 1614, 1616, 1617, 1618, 1619, 1620, 1621, 1622, 1623, 1624, 1625, 1626, 1627, 1628, 1630, 1631, 1632, 1633, 1635, 1636, 1637, 1639, 1640, 1641, 1642, 1644, 1646, 1647, 1648, 1649, 1651, 1663, 1664, 1665, 1666, 1667, 1668, 1669, 1671, 1672, 1699, 1700, 1702, 1703, 1704, 1705, 1706, 1707, 1708, 1710, 1744, 1746, 1747, 1749, 1750, 1751, 1752, 1753, 1754, 1755, 1756, 1757, 1758, 1759, 1760, 1761, 1762, 1763, 1764, 1765, 1766, 1768, 1770, 1771, 1773, 1774, 1775, 1777, 1778, 1780], "excluded_lines": [], "functions": {"_get_dt_and_tzinfo": {"executed_lines": [], "summary": {"covered_lines": 0, "num_statements": 17, "percent_covered": 0.0, "percent_covered_display": "0", "missing_lines": 17, "excluded_lines": 0}, "missing_lines": [58, 59, 60, 61, 62, 63, 64, 65, 66, 67, 68, 69, 70, 72, 74, 75, 76], "excluded_lines": []}, "_get_datetime": {"executed_lines": [], "summary": {"covered_lines": 0, "num_statements": 9, "percent_covered": 0.0, "percent_covered_display": "0", "missing_lines": 9, "excluded_lines": 0}, "missing_lines": [109, 110, 111, 112, 113, 114, 115, 116, 118], "excluded_lines": []}, "_ensure_datetime_tzinfo": {"executed_lines": [], "summary": {"covered_lines": 0, "num_statements": 7, "percent_covered": 0.0, "percent_covered_display": "0", "missing_lines": 7, "excluded_lines": 0}, "missing_lines": [141, 142, 143, 144, 145, 146, 147], "excluded_lines": []}, "_get_time": {"executed_lines": [], "summary": {"covered_lines": 0, "num_statements": 15, "percent_covered": 0.0, "percent_covered_display": "0", "missing_lines": 15, "excluded_lines": 0}, "missing_lines": [159, 160, 161, 162, 163, 164, 165, 166, 167, 168, 169, 170, 171, 172, 173], "excluded_lines": []}, "get_timezone": {"executed_lines": [], "summary": {"covered_lines": 0, "num_statements": 8, "percent_covered": 0.0, "percent_covered_display": "0", "missing_lines": 8, "excluded_lines": 0}, "missing_lines": [187, 188, 189, 190, 191, 192, 193, 194], "excluded_lines": []}, "get_next_timezone_transition": {"executed_lines": [], "summary": {"covered_lines": 0, "num_statements": 13, "percent_covered": 0.0, "percent_covered_display": "0", "missing_lines": 13, "excluded_lines": 0}, "missing_lines": [215, 216, 218, 219, 224, 225, 226, 227, 228, 229, 230, 231, 233], "excluded_lines": []}, "TimezoneTransition.__init__": {"executed_lines": [], "summary": {"covered_lines": 0, "num_statements": 4, "percent_covered": 0.0, "percent_covered_display": "0", "missing_lines": 4, "excluded_lines": 0}, "missing_lines": [248, 250, 252, 255], "excluded_lines": []}, "TimezoneTransition.from_tz": {"executed_lines": [], "summary": {"covered_lines": 0, "num_statements": 1, "percent_covered": 0.0, "percent_covered_display": "0", "missing_lines": 1, "excluded_lines": 0}, "missing_lines": [260], "excluded_lines": []}, "TimezoneTransition.to_tz": {"executed_lines": [], "summary": {"covered_lines": 0, "num_statements": 1, "percent_covered": 0.0, "percent_covered_display": "0", "missing_lines": 1, "excluded_lines": 0}, "missing_lines": [265], "excluded_lines": []}, "TimezoneTransition.from_offset": {"executed_lines": [], "summary": {"covered_lines": 0, "num_statements": 1, "percent_covered": 0.0, "percent_covered_display": "0", "missing_lines": 1, "excluded_lines": 0}, "missing_lines": [270], "excluded_lines": []}, "TimezoneTransition.to_offset": {"executed_lines": [], "summary": {"covered_lines": 0, "num_statements": 1, "percent_covered": 0.0, "percent_covered_display": "0", "missing_lines": 1, "excluded_lines": 0}, "missing_lines": [275], "excluded_lines": []}, "TimezoneTransition.__repr__": {"executed_lines": [], "summary": {"covered_lines": 0, "num_statements": 1, "percent_covered": 0.0, "percent_covered_display": "0", "missing_lines": 1, "excluded_lines": 0}, "missing_lines": [278], "excluded_lines": []}, "get_period_names": {"executed_lines": [], "summary": {"covered_lines": 0, "num_statements": 1, "percent_covered": 0.0, "percent_covered_display": "0", "missing_lines": 1, "excluded_lines": 0}, "missing_lines": [295], "excluded_lines": []}, "get_day_names": {"executed_lines": [], "summary": {"covered_lines": 0, "num_statements": 1, "percent_covered": 0.0, "percent_covered_display": "0", "missing_lines": 1, "excluded_lines": 0}, "missing_lines": [314], "excluded_lines": []}, "get_month_names": {"executed_lines": [], "summary": {"covered_lines": 0, "num_statements": 1, "percent_covered": 0.0, "percent_covered_display": "0", "missing_lines": 1, "excluded_lines": 0}, "missing_lines": [331], "excluded_lines": []}, "get_quarter_names": {"executed_lines": [], "summary": {"covered_lines": 0, "num_statements": 1, "percent_covered": 0.0, "percent_covered_display": "0", "missing_lines": 1, "excluded_lines": 0}, "missing_lines": [348], "excluded_lines": []}, "get_era_names": {"executed_lines": [], "summary": {"covered_lines": 0, "num_statements": 1, "percent_covered": 0.0, "percent_covered_display": "0", "missing_lines": 1, "excluded_lines": 0}, "missing_lines": [362], "excluded_lines": []}, "get_date_format": {"executed_lines": [], "summary": {"covered_lines": 0, "num_statements": 1, "percent_covered": 0.0, "percent_covered_display": "0", "missing_lines": 1, "excluded_lines": 0}, "missing_lines": [378], "excluded_lines": []}, "get_datetime_format": {"executed_lines": [], "summary": {"covered_lines": 0, "num_statements": 4, "percent_covered": 0.0, "percent_covered_display": "0", "missing_lines": 4, "excluded_lines": 0}, "missing_lines": [392, 393, 394, 395], "excluded_lines": []}, "get_time_format": {"executed_lines": [], "summary": {"covered_lines": 0, "num_statements": 1, "percent_covered": 0.0, "percent_covered_display": "0", "missing_lines": 1, "excluded_lines": 0}, "missing_lines": [411], "excluded_lines": []}, "get_timezone_gmt": {"executed_lines": [], "summary": {"covered_lines": 0, "num_statements": 15, "percent_covered": 0.0, "percent_covered_display": "0", "missing_lines": 15, "excluded_lines": 0}, "missing_lines": [449, 450, 452, 453, 454, 455, 456, 457, 458, 459, 460, 461, 462, 464, 465], "excluded_lines": []}, "get_timezone_location": {"executed_lines": [], "summary": {"covered_lines": 0, "num_statements": 27, "percent_covered": 0.0, "percent_covered_display": "0", "missing_lines": 27, "excluded_lines": 0}, "missing_lines": [503, 504, 506, 507, 509, 512, 514, 518, 519, 520, 521, 522, 523, 524, 527, 528, 529, 531, 532, 533, 534, 535, 536, 538, 540, 541, 542], "excluded_lines": []}, "get_timezone_name": {"executed_lines": [], "summary": {"covered_lines": 0, "num_statements": 33, "percent_covered": 0.0, "percent_covered_display": "0", "missing_lines": 33, "excluded_lines": 0}, "missing_lines": [619, 620, 622, 623, 625, 627, 628, 629, 631, 632, 633, 635, 637, 638, 641, 642, 643, 644, 646, 647, 648, 650, 651, 652, 653, 654, 655, 658, 659, 660, 664, 665, 667], "excluded_lines": []}, "format_date": {"executed_lines": [], "summary": {"covered_lines": 0, "num_statements": 9, "percent_covered": 0.0, "percent_covered_display": "0", "missing_lines": 9, "excluded_lines": 0}, "missing_lines": [691, 692, 693, 694, 696, 697, 698, 699, 700], "excluded_lines": []}, "format_datetime": {"executed_lines": [], "summary": {
[...]
, "percent_covered": 100.0, "percent_covered_display": "100", "missing_lines": 0, "excluded_lines": 0}, "missing_lines": [], "excluded_lines": [], "functions": {"": {"executed_lines": [1, 5, 11, 12, 15, 16, 35, 38, 39, 42, 43, 53, 54], "summary": {"covered_lines": 7, "num_statements": 7, "percent_covered": 100.0, "percent_covered_display": "100", "missing_lines": 0, "excluded_lines": 0}, "missing_lines": [], "excluded_lines": []}}, "classes": {"Error": {"executed_lines": [], "summary": {"covered_lines": 0, "num_statements": 0, "percent_covered": 100.0, "percent_covered_display": "100", "missing_lines": 0, "excluded_lines": 0}, "missing_lines": [], "excluded_lines": []}, "UnknownTimeZoneError": {"executed_lines": [], "summary": {"covered_lines": 0, "num_statements": 0, "percent_covered": 100.0, "percent_covered_display": "100", "missing_lines": 0, "excluded_lines": 0}, "missing_lines": [], "excluded_lines": []}, "InvalidTimeError": {"executed_lines": [], "summary": {"covered_lines": 0, "num_statements": 0, "percent_covered": 100.0, "percent_covered_display": "100", "missing_lines": 0, "excluded_lines": 0}, "missing_lines": [], "excluded_lines": []}, "AmbiguousTimeError": {"executed_lines": [], "summary": {"covered_lines": 0, "num_statements": 0, "percent_covered": 100.0, "percent_covered_display": "100", "missing_lines": 0, "excluded_lines": 0}, "missing_lines": [], "excluded_lines": []}, "NonExistentTimeError": {"executed_lines": [], "summary": {"covered_lines": 0, "num_statements": 0, "percent_covered": 100.0, "percent_covered_display": "100", "missing_lines": 0, "excluded_lines": 0}, "missing_lines": [], "excluded_lines": []}, "": {"executed_lines": [1, 5, 11, 12, 15, 16, 35, 38, 39, 42, 43, 53, 54], "summary": {"covered_lines": 7, "num_statements": 7, "percent_covered": 100.0, "percent_covered_display": "100", "missing_lines": 0, "excluded_lines": 0}, "missing_lines": [], "excluded_lines": []}}}, "/usr/lib/python3/dist-packages/pytz/lazy.py": {"executed_lines": [1, 2, 3, 13, 16, 17, 18, 20, 30, 40, 50, 60, 71, 72, 74, 84, 118, 121, 122, 124, 139, 172], "summary": {"covered_lines": 19, "num_statements": 100, "percent_covered": 19.0, "percent_covered_display": "19", "missing_lines": 81, "excluded_lines": 0}, "missing_lines": [4, 5, 6, 7, 8, 21, 22, 23, 24, 25, 27, 28, 31, 32, 33, 34, 35, 37, 38, 41, 42, 43, 44, 45, 47, 48, 51, 52, 53, 54, 55, 57, 58, 61, 62, 63, 64, 65, 67, 68, 86, 87, 91, 92, 94, 96, 97, 98, 99, 100, 101, 102, 103, 105, 106, 107, 109, 110, 112, 113, 141, 142, 144, 145, 147, 149, 150, 151, 152, 153, 154, 155, 156, 157, 159, 160, 161, 163, 164, 166, 167], "excluded_lines": [], "functions": {"LazyDict.__getitem__": {"executed_lines": [], "summary": {"covered_lines": 0, "num_statements": 7, "percent_covered": 0.0, "percent_covered_display": "0", "missing_lines": 7, "excluded_lines": 0}, "missing_lines": [21, 22, 23, 24, 25, 27, 28], "excluded_lines": []}, "LazyDict.__contains__": {"executed_lines": [], "summary": {"covered_lines": 0, "num_statements": 7, "percent_covered": 0.0, "percent_covered_display": "0", "missing_lines": 7, "excluded_lines": 0}, "missing_lines": [31, 32, 33, 34, 35, 37, 38], "excluded_lines": []}, "LazyDict.__iter__": {"executed_lines": [], "summary": {"covered_lines": 0, "num_statements": 7, "percent_covered": 0.0, "percent_covered_display": "0", "missing_lines": 7, "excluded_lines": 0}, "missing_lines": [41, 42, 43, 44, 45, 47, 48], "excluded_lines": []}, "LazyDict.__len__": {"executed_lines": [], "summary": {"covered_lines": 0, "num_statements": 7, "percent_covered": 0.0, "percent_covered_display": "0", "missing_lines": 7, "excluded_lines": 0}, "missing_lines": [51, 52, 53, 54, 55, 57, 58], "excluded_lines": []}, "LazyDict.keys": {"executed_lines": [], "summary": {"covered_lines": 0, "num_statements": 7, "percent_covered": 0.0, "percent_covered_display": "0", "missing_lines": 7, "excluded_lines": 0}, "missing_lines": [61, 62, 63, 64, 65, 67, 68], "excluded_lines": []}, "LazyList.__new__": {"executed_lines": [], "summary": {"covered_lines": 0, "num_statements": 10, "percent_covered": 0.0, "percent_covered_display": "0", "missing_lines": 10, "excluded_lines": 0}, "missing_lines": [86, 87, 91, 92, 94, 96, 109, 110, 112, 113], "excluded_lines": []}, "LazyList.__new__.lazy": {"executed_lines": [], "summary": {"covered_lines": 0, "num_statements": 2, "percent_covered": 0.0, "percent_covered_display": "0", "missing_lines": 2, "excluded_lines": 0}, "missing_lines": [97, 107], "excluded_lines": []}, "LazyList.__new__.lazy._lazy": {"executed_lines": [], "summary": {"covered_lines": 0, "num_statements": 8, "percent_covered": 0.0, "percent_covered_display": "0", "missing_lines": 8, "excluded_lines": 0}, "missing_lines": [98, 99, 100, 101, 102, 103, 105, 106], "excluded_lines": []}, "LazySet.__new__": {"executed_lines": [], "summary": {"covered_lines": 0, "num_statements": 10, "percent_covered": 0.0, "percent_covered_display": "0", "missing_lines": 10, "excluded_lines": 0}, "missing_lines": [141, 142, 144, 145, 147, 149, 163, 164, 166, 167], "excluded_lines": []}, "LazySet.__new__.lazy": {"executed_lines": [], "summary": {"covered_lines": 0, "num_statements": 2, "percent_covered": 0.0, "percent_covered_display": "0", "missing_lines": 2, "excluded_lines": 0}, "missing_lines": [150, 161], "excluded_lines": []}, "LazySet.__new__.lazy._lazy": {"executed_lines": [], "summary": {"covered_lines": 0, "num_statements": 9, "percent_covered": 0.0, "percent_covered_display": "0", "missing_lines": 9, "excluded_lines": 0}, "missing_lines": [151, 152, 153, 154, 155, 156, 157, 159, 160], "excluded_lines": []}, "": {"executed_lines": [1, 2, 3, 13, 16, 17, 18, 20, 30, 40, 50, 60, 71, 72, 74, 84, 118, 121, 122, 124, 139, 172], "summary": {"covered_lines": 19, "num_statements": 24, "percent_covered": 79.16666666666667, "percent_covered_display": "79", "missing_lines": 5, "excluded_lines": 0}, "missing_lines": [4, 5, 6, 7, 8], "excluded_lines": []}}, "classes": {"LazyDict": {"executed_lines": [], "summary": {"covered_lines": 0, "num_statements": 35, "percent_covered": 0.0, "percent_covered_display": "0", "missing_lines": 35, "excluded_lines": 0}, "missing_lines": [21, 22, 23, 24, 25, 27, 28, 31, 32, 33, 34, 35, 37, 38, 41, 42, 43, 44, 45, 47, 48, 51, 52, 53, 54, 55, 57, 58, 61, 62, 63, 64, 65, 67, 68], "excluded_lines": []}, "LazyList": {"executed_lines": [], "summary": {"covered_lines": 0, "num_statements": 20, "percent_covered": 0.0, "percent_covered_display": "0", "missing_lines": 20, "excluded_lines": 0}, "missing_lines": [86, 87, 91, 92, 94, 96, 97, 98, 99, 100, 101, 102, 103, 105, 106, 107, 109, 110, 112, 113], "excluded_lines": []}, "LazyList.__new__.LazyList": {"executed_lines": [], "summary": {"covered_lines": 0, "num_statements": 0, "percent_covered": 100.0, "percent_covered_display": "100", "missing_lines": 0, "excluded_lines": 0}, "missing_lines": [], "excluded_lines": []}, "LazySet": {"executed_lines": [], "summary": {"covered_lines": 0, "num_statements": 21, "percent_covered": 0.0, "percent_covered_display": "0", "missing_lines": 21, "excluded_lines": 0}, "missing_lines": [141, 142, 144, 145, 147, 149, 150, 151, 152, 153, 154, 155, 156, 157, 159, 160, 161, 163, 164, 166, 167], "excluded_lines": []}, "LazySet.__new__.LazySet": {"executed_lines": [], "summary": {"covered_lines": 0, "num_statements": 0, "percent_covered": 100.0, "percent_covered_display": "100", "missing_lines": 0, "excluded_lines": 0}, "missing_lines": [], "excluded_lines": []}, "": {"executed_lines": [1, 2, 3, 13, 16, 17, 18, 20, 30, 40, 50, 60, 71, 72, 74, 84, 118, 121, 122, 124, 139, 172], "summary": {"covered_lines": 19, "num_statements": 24, "percent_covered": 79.16666666666667, "percent_covered_display": "79", "missing_lines": 5, "excluded_lines": 0}, "missing_lines": [4, 5, 6, 7, 8], "excluded_lines": []}}}, "/usr/lib/python3/dist-packages/pytz/tzfile.py": {"executed_lines": [1, 5, 6, 8, 9, 12, 14, 16, 19, 21, 24, 25, 26, 27, 31, 34, 36, 37, 40, 41, 43, 44, 45, 46, 49, 50, 51, 52, 54, 55, 56, 57, 59, 61, 64, 67, 75, 76, 78, 81, 82, 85, 86, 87, 88, 89, 90, 92, 93, 94, 95, 96, 100, 108, 114, 115, 116, 118, 123, 125], "summary": {"covered_lines": 59, "num_statements": 76, "percent_covered": 77.63157894736842, "percent_covered_display": "78", "missing_lines": 17, "excluded_lines": 0}, "missing_lines": [58, 68, 69, 77, 79, 101, 102, 103, 104, 105, 106, 126, 127, 129, 130, 132, 134], "excluded_lines": [], "functions": {"_byte_string": {"executed_lines": [14], "summary": {"covered_lines": 1, "num_statements": 1, "percent_covered": 100.0, "percent_covered_display": "100", "missing_lines": 0, "excluded_lines": 0}, "missing_lines": [], "excluded_lines": []}, "_std_string": {"executed_lines": [21], "summary": {"covered_lines": 1, "num_statements": 1, "percent_covered": 100.0, "percent_covered_display": "100", "missing_lines": 0, "excluded_lines": 0}, "missing_lines": [], "excluded_lines": []}, "build_tzinfo": {"executed_lines": [25, 26, 27, 31, 34, 36, 37, 40, 41, 43, 44, 45, 46, 49, 50, 51, 52, 54, 55, 56, 57, 59, 61, 64, 67, 75, 76, 78, 81, 82, 85, 86, 87, 88, 89, 90, 92, 93, 94, 95, 96, 100, 108, 114, 115, 116, 118, 123], "summary": {"covered_lines": 48, "num_statements": 59, "percent_covered": 81.35593220338983, "percent_covered_display": "81", "missing_lines": 11, "excluded_lines": 0}, "missing_lines": [58, 68, 69, 77, 79, 101, 102, 103, 104, 105, 106], "excluded_lines": []}, "": {"executed_lines": [1, 5, 6, 8, 9, 12, 16, 19, 24, 125], "summary": {"covered_lines": 9, "num_statements": 15, "percent_covered": 60.0, "percent_covered_display": "60", "missing_lines": 6, "excluded_lines": 0}, "missing_lines": [126, 127, 129, 130, 132, 134], "excluded_lines": []}}, "classes": {"": {"executed_lines": [1, 5, 6, 8, 9, 12, 14, 16, 19, 21, 24, 25, 26, 27, 31, 34, 36, 37, 40, 41, 43, 44, 45, 46, 49, 50, 51, 52, 54, 55, 56, 57, 59, 61, 64, 67, 75, 76, 78, 81, 82, 85, 86, 87, 88, 89, 90, 92, 93, 94, 95, 96, 100, 108, 114, 115, 116, 118, 123, 125], "summary": {"covered_lines": 59, "num_statements": 76, "percent_covered": 77.63157894736842, "percent_covered_display": "78", "missing_lines": 17, "excluded_lines": 0}, "missing_lines": [58, 68, 69, 77, 79, 101, 102, 103, 104, 105, 106, 126, 127, 129, 130, 132, 134], "excluded_lines": []}}}, "/usr/lib/python3/dist-packages/pytz/tzinfo.py": {"executed_lines": [1, 3, 4, 5, 6, 10, 11, 13, 15, 18, 20, 21, 22, 23, 24, 25, 27, 28, 31, 33, 34, 35, 38, 39, 40, 42, 45, 47, 48, 49, 50, 55, 56, 58, 61, 66, 68, 69, 70, 72, 76, 77, 82, 88, 96, 104, 112, 118, 147, 150, 156, 157, 166, 170, 172, 176, 177, 179, 180, 181, 182, 184, 185, 186, 188, 189, 190, 191, 193, 203, 258, 396, 427, 466, 504, 518, 529], "summary": {"covered_lines": 74, "num_statements": 178, "percent_covered": 41.57303370786517, "percent_covered_display": "42", "missing_lines": 104, "excluded_lines": 0}, "missing_lines": [7, 8, 63, 73, 84, 85, 86, 94, 102, 110, 114, 115, 116, 141, 142, 143, 144, 145, 148, 153, 195, 197, 198, 199, 200, 201, 248, 249, 252, 253, 254, 256, 317, 318, 321, 322, 323, 324, 326, 327, 328, 329, 330, 332, 333, 338, 340, 341, 346, 347, 353, 362, 363, 367, 372, 373, 375, 376, 388, 389, 390, 392, 393, 394, 419, 420, 421, 422, 423, 425, 458, 459, 460, 461, 462, 464, 496, 497, 498, 499, 500, 502, 505, 506, 508, 509, 510, 514, 521, 539, 542, 543, 549, 550, 551, 552, 553, 559, 564, 565, 567, 575, 576, 577], "excluded_lines": [], "functions": {"memorized_timedelta": {"executed_lines": [20, 21, 22, 23, 24, 25], "summary": {"covered_lines": 6, "num_statements": 6, "percent_covered": 100.0, "percent_covered_display": "100", "missing_lines": 0, "excluded_lines": 0}, "missing_lines": [], "excluded_lines": []}, "memorized_datetime": {"executed_lines": [33, 34, 35, 38, 39, 40], "summary": {"covered_lines": 6, "num_statements": 6, "percent_covered": 100.0, "percent_covered_display": "100", "missing_lines": 0, "excluded_lines": 0}, "missing_lines": [], "excluded_lines": []}, "memorized_ttinfo": {"executed_lines": [47, 48, 49, 50, 55, 56], "summary": {"covered_lines": 6, "num_statements": 6, "percent_covered": 100.0, "percent_covered_display": "100", "missing_lines": 0, "excluded_lines": 0}, "missing_lines": [], "excluded_lines": []}, "_to_seconds": {"executed_lines": [], "summary": {"covered_lines": 0, "num_statements": 1, "percent_covered": 0.0, "percent_covered_display": "0", "missing_lines": 1, "excluded_lines": 0}, "missing_lines": [63], "excluded_lines": []}, "BaseTzInfo.__str__": {"executed_lines": [], "summary": {"covered_lines": 0, "num_statements": 1, "percent_covered": 0.0, "percent_covered_display": "0", "missing_lines": 1, "excluded_lines": 0}, "missing_lines": [73], "excluded_lines": []}, "StaticTzInfo.fromutc": {"executed_lines": [], "summary": {"covered_lines": 0, "num_statements": 3, "percent_covered": 0.0, "percent_covered_display": "0", "missing_lines": 3, "excluded_lines": 0}, "missing_lines": [84, 85, 86], "excluded_lines": []}, "StaticTzInfo.utcoffset": {"executed_lines": [], "summary": {"covered_lines": 0, "num_statements": 1, "percent_covered": 0.0, "percent_covered_display": "0", "missing_lines": 1, "excluded_lines": 0}, "missing_lines": [94], "excluded_lines": []}, "StaticTzInfo.dst": {"executed_lines": [], "summary": {"covered_lines": 0, "num_statements": 1, "percent_covered": 0.0, "percent_covered_display": "0", "missing_lines": 1, "excluded_lines": 0}, "missing_lines": [102], "excluded_lines": []}, "StaticTzInfo.tzname": {"executed_lines": [], "summary": {"covered_lines": 0, "num_statements": 1, "percent_covered": 0.0, "percent_covered_display": "0", "missing_lines": 1, "excluded_lines": 0}, "missing_lines": [110], "excluded_lines": []}, "StaticTzInfo.localize": {"executed_lines": [], "summary": {"covered_lines": 0, "num_statements": 3, "percent_covered": 0.0, "percent_covered_display": "0", "missing_lines": 3, "excluded_lines": 0}, "missing_lines": [114, 115, 116], "excluded_lines": []}, "StaticTzInfo.normalize": {"executed_lines": [], "summary": {"covered_lines": 0, "num_statements": 5, "percent_covered": 0.0, "percent_covered_display": "0", "missing_lines": 5, "excluded_lines": 0}, "missing_lines": [141, 142, 143, 144, 145], "excluded_lines": []}, "StaticTzInfo.__repr__": {"executed_lines": [], "summary": {"covered_lines": 0, "num_statements": 1, "percent_covered": 0.0, "percent_covered_display": "0", "missing_lines": 1, "excluded_lines": 0}, "missing_lines": [148], "excluded_lines": []}, "StaticTzInfo.__reduce__": {"executed_lines": [], "summary": {"covered_lines": 0, "num_statements": 1, "percent_covered": 0.0, "percent_covered_display": "0", "missing_lines": 1, "excluded_lines": 0}, "missing_lines": [153], "excluded_lines": []}, "DstTzInfo.__init__": {"executed_lines": [180, 181, 182, 184, 185, 186, 188, 189, 190, 191], "summary": {"covered_lines": 10, "num_statements": 10, "percent_covered": 100.0, "percent_covered_display": "100", "missing_lines": 0, "excluded_lines": 0}, "missing_lines": [], "excluded_lines": []}, "DstTzInfo.fromutc": {"executed_lines": [], "summary": {"covered_lines": 0, "num_statements": 6, "percent_covered": 0.0, "percent_covered_display": "0", "missing_lines": 6, "excluded_lines": 0}, "missing_lines": [195, 197, 198, 199, 200, 201], "excluded_lines": []}, "DstTzInfo.normalize": {"executed_lines": [], "summary": {"covered_lines": 0, "num_statements": 6, "percent_covered": 0.0, "percent_covered_display": "0", "missing_lines": 6, "excluded_lines": 0}, "missing_lines": [248, 249, 252, 253, 254, 256], "excluded_lines": []}, "DstTzInfo.localize": {"executed_lines": [], "summary": {"covered_lines": 0, "num_statements": 32, "percent_covered": 0.0, "percent_covered_display": "0", "missing_lines": 32, "excluded_lines": 0}, "missing_lines": [317, 318, 321, 322, 323, 324, 326, 327, 328, 329, 330, 332, 333, 338, 340, 341, 346, 347, 353, 362, 363, 367, 372, 373, 375, 376, 388, 389, 390, 392, 393, 394], "excluded_lines": []}, "DstTzInfo.utcoffset": {"executed_lines": [], "summary": {"covered_lines": 0, "num_statements": 6, "percent_covered": 0.0, "percent_covered_display": "0", "missing_lines": 6, "excluded_lines": 0}, "missing_lines": [419, 420, 421, 422, 423, 425], "excluded_lines": []}, "DstTzInfo.dst": {"executed_lines": [], "summary": {"covered_lines": 0, "num_statements": 6, "percent_covered": 0.0, "percent_covered_display": "0", "missing_lines": 6, "excluded_lines": 0}, "missing_lines": [458, 459, 460, 461, 462, 464], "excluded_lines": []}, "DstTzInfo.tzname": {"executed_lines": [], "summary": {"covered_lines": 0, "num_statements": 6, "percent_covered": 0.0, "percent_covered_display": "0", "missing_lines": 6, "excluded_lines": 0}, "missing_lines": [496, 497, 498, 499, 500, 502], "excluded_lines": []}, "DstTzInfo.__repr__": {"executed_lines": [], "summary": {"covered_lines": 0, "num_statements": 6, "percent_covered": 0.0, "percent_covered_display": "0", "missing_lines": 6, "excluded_lines": 0}, "missing_lines": [505, 506, 508, 509, 510, 514], "excluded_lines": []}, "DstTzInfo.__reduce__": {"executed_lines": [], "summary": {"covered_lines": 0, "num_statements": 1, "percent_covered": 0.0, "percent_covered_display": "0", "missing_lines": 1, "excluded_lines": 0}, "missing_lines": [521], "excluded_lines": []}, "unpickler": {"executed_lines": [], "summary": {"covered_lines": 0, "num_statements": 15, "percent_covered": 0.0, "percent_covered_display": "0", "missing_lines": 15, "excluded_lines": 0}, "missing_lines": [539, 542, 543, 549, 550, 551, 552, 553, 559, 564, 565, 567, 575, 576, 577], "excluded_lines": []}, "": {"executed_lines": [1, 3, 4, 5, 6, 10, 11, 13, 15, 18, 27, 28, 31, 42, 45, 58, 61, 66, 68, 69, 70, 72, 76, 77, 82, 88, 96, 104, 112, 118, 147, 150, 156, 157, 166, 170, 172, 176, 177, 179, 193, 203, 258, 396, 427, 466, 504, 518, 529], "summary": {"covered_lines": 46, "num_statements": 48, "percent_covered": 95.83333333333333, "percent_covered_display": "96", "missing_lines": 2, "excluded_lines": 0}, "missing_lines": [7, 8], "excluded_lines": []}}, "classes": {"BaseTzInfo": {"executed_lines": [], "summary": {"covered_lines": 0, "num_statements": 1, "percent_covered": 0.0, "percent_covered_display": "0", "missing_lines": 1, "excluded_lines": 0}, "missing_lines": [73], "excluded_lines": []}, "StaticTzInfo": {"executed_lines": [], "summary": {"covered_lines": 0, "num_statements": 16, "percent_covered": 0.0, "percent_covered_display": "0", "missing_lines": 16, "excluded_lines": 0}, "missing_lines": [84, 85, 86, 94, 102, 110, 114, 115, 116, 141, 142, 143, 144, 145, 148, 153], "excluded_lines": []}, "DstTzInfo": {"executed_lines": [180, 181, 182, 184, 185, 186, 188, 189, 190, 191], "summary": {"covered_lines": 10, "num_statements": 79, "percent_covered": 12.658227848101266, "percent_covered_display": "13", "missing_lines": 69, "excluded_lines": 0}, "missing_lines": [195, 197, 198, 199, 200, 201, 248, 249, 252, 253, 254, 256, 317, 318, 321, 322, 323, 324, 326, 327, 328, 329, 330, 332, 333, 338, 340, 341, 346, 347, 353, 362, 363, 367, 372, 373, 375, 376, 388, 389, 390, 392, 393, 394, 419, 420, 421, 422, 423, 425, 458, 459, 460, 461, 462, 464, 496, 497, 498, 499, 500, 502, 505, 506, 508, 509, 510, 514, 521], "excluded_lines": []}, "": {"executed_lines": [1, 3, 4, 5, 6, 10, 11, 13, 15, 18, 20, 21, 22, 23, 24, 25, 27, 28, 31, 33, 34, 35, 38, 39, 40, 42, 45, 47, 48, 49, 50, 55, 56, 58, 61, 66, 68, 69, 70, 72, 76, 77, 82, 88, 96, 104, 112, 118, 147, 150, 156, 157, 166, 170, 172, 176, 177, 179, 193, 203, 258, 396, 427, 466, 504, 518, 529], "summary": {"covered_lines": 64, "num_statements": 82, "percent_covered": 78.04878048780488, "percent_covered_display": "78", "missing_lines": 18, "excluded_lines": 0}, "missing_lines": [7, 8, 63, 539, 542, 543, 549, 550, 551, 552, 553, 559, 564, 565, 567, 575, 576, 577], "excluded_lines": []}}}}, "totals": {"covered_lines": 2499, "num_statements": 5650, "percent_covered": 44.230088495575224, "percent_covered_display": "44", "missing_lines": 3151, "excluded_lines": 0}}